\BOOKMARK [1][-]{section.1}{\376\377\000C\000h\000a\000p\000t\000e\000r\000\040\0001\000:}{}% 1
\BOOKMARK [2][-]{subsection.1.1}{\376\377\000L\000i\000t\000e\000r\000a\000t\000u\000r\000e\000\040\000R\000e\000v\000i\000e\000w}{section.1}% 2
\BOOKMARK [3][-]{subsubsection.1.1.1}{\376\377\000G\000e\000n\000e\000r\000a\000l\000\040\000I\000n\000t\000r\000o\000d\000u\000c\000t\000i\000o\000n}{subsection.1.1}% 3
\BOOKMARK [3][-]{subsubsection.1.1.2}{\376\377\000W\000h\000o\000\040\000i\000s\000\040\000a\000t\000\040\000r\000i\000s\000k\000?}{subsection.1.1}% 4
\BOOKMARK [2][-]{subsection.1.2}{\376\377\000R\000i\000s\000k\000y\000\040\000S\000e\000x\000u\000a\000l\000\040\000B\000e\000h\000a\000v\000i\000o\000r\000s\000\040\000a\000n\000d\000\040\000S\000T\000I\000s}{section.1}% 5
\BOOKMARK [2][-]{subsection.1.3}{\376\377\000M\000o\000r\000a\000l\000\040\000J\000u\000d\000g\000m\000e\000n\000t\000\040\000a\000n\000d\000\040\000D\000e\000c\000i\000s\000i\000o\000n\000-\000M\000a\000k\000i\000n\000g}{section.1}% 6
\BOOKMARK [2][-]{subsection.1.4}{\376\377\000P\000o\000w\000e\000r}{section.1}% 7
\BOOKMARK [2][-]{subsection.1.5}{\376\377\000C\000o\000g\000n\000i\000t\000i\000o\000n}{section.1}% 8
\BOOKMARK [3][-]{subsubsection.1.5.1}{\376\377\000A\000g\000g\000r\000e\000s\000s\000i\000o\000n\000\040\000a\000n\000d\000\040\000C\000o\000g\000n\000i\000t\000i\000o\000n}{subsection.1.5}% 9
\BOOKMARK [3][-]{subsubsection.1.5.2}{\376\377\000E\000x\000p\000l\000o\000r\000a\000t\000o\000r\000y\000\040\000E\000x\000p\000e\000r\000i\000m\000e\000n\000t}{subsection.1.5}% 10
\BOOKMARK [2][-]{subsection.1.6}{\376\377\000M\000e\000t\000h\000o\000d}{section.1}% 11
\BOOKMARK [3][-]{subsubsection.1.6.1}{\376\377\000P\000a\000r\000t\000i\000c\000i\000p\000a\000n\000t\000s}{subsection.1.6}% 12
\BOOKMARK [3][-]{subsubsection.1.6.2}{\376\377\000D\000e\000m\000o\000g\000r\000a\000p\000h\000i\000c\000\040\000Q\000u\000e\000s\000t\000i\000o\000n\000n\000a\000i\000r\000e}{subsection.1.6}% 13
\BOOKMARK [3][-]{subsubsection.1.6.3}{\376\377\000S\000p\000i\000t\000e\000f\000u\000l\000n\000e\000s\000s\000\040\000S\000c\000a\000l\000e}{subsection.1.6}% 14
\BOOKMARK [3][-]{subsubsection.1.6.4}{\376\377\000S\000e\000x\000u\000a\000l\000i\000t\000y\000\040\000S\000e\000l\000f\000-\000E\000s\000t\000e\000e\000m\000\040\000S\000u\000b\000s\000c\000a\000l\000e}{subsection.1.6}% 15
\BOOKMARK [3][-]{subsubsection.1.6.5}{\376\377\000S\000e\000x\000u\000a\000l\000\040\000J\000e\000a\000l\000o\000u\000s\000y\000\040\000S\000u\000b\000s\000c\000a\000l\000e}{subsection.1.6}% 16
\BOOKMARK [3][-]{subsubsection.1.6.6}{\376\377\000S\000e\000x\000u\000a\000l\000\040\000R\000e\000l\000a\000t\000i\000o\000n\000s\000h\000i\000p\000\040\000P\000o\000w\000e\000r\000\040\000S\000c\000a\000l\000e}{subsection.1.6}% 17
\BOOKMARK [3][-]{subsubsection.1.6.7}{\376\377\000S\000c\000e\000n\000a\000r\000i\000o\000\040\000R\000e\000a\000l\000i\000s\000m\000\040\000Q\000u\000e\000s\000t\000i\000o\000n}{subsection.1.6}% 18
\BOOKMARK [3][-]{subsubsection.1.6.8}{\376\377\000S\000p\000i\000t\000e\000f\000u\000l\000\040\000V\000i\000g\000n\000e\000t\000t\000e\000s}{subsection.1.6}% 19
\BOOKMARK [2][-]{subsection.1.7}{\376\377\000P\000r\000o\000c\000e\000d\000u\000r\000e}{section.1}% 20
\BOOKMARK [2][-]{subsection.1.8}{\376\377\000D\000a\000t\000a\000\040\000A\000n\000a\000l\000y\000s\000i\000s}{section.1}% 21
\BOOKMARK [2][-]{subsection.1.9}{\376\377\000E\000x\000p\000e\000r\000i\000m\000e\000n\000t\000\040\000O\000n\000e}{section.1}% 22
\BOOKMARK [2][-]{subsection.1.10}{\376\377\000M\000e\000t\000h\000o\000d}{section.1}% 23
\BOOKMARK [3][-]{subsubsection.1.10.1}{\376\377\000P\000a\000r\000t\000i\000c\000i\000p\000a\000n\000t\000s}{subsection.1.10}% 24
\BOOKMARK [3][-]{subsubsection.1.10.2}{\376\377\000D\000e\000m\000o\000g\000r\000a\000p\000h\000i\000c\000\040\000Q\000u\000e\000s\000t\000i\000o\000n\000n\000a\000i\000r\000e}{subsection.1.10}% 25
\BOOKMARK [3][-]{subsubsection.1.10.3}{\376\377\000D\000o\000m\000i\000n\000a\000n\000c\000e\000,\000\040\000P\000r\000e\000s\000t\000i\000g\000e\000,\000\040\000a\000n\000d\000\040\000L\000e\000a\000d\000e\000r\000s\000h\000i\000p\000\040\000O\000r\000i\000e\000n\000t\000a\000t\000i\000o\000n}{subsection.1.10}% 26
\BOOKMARK [3][-]{subsubsection.1.10.4}{\376\377\000S\000p\000i\000t\000e\000f\000u\000l\000n\000e\000s\000s\000\040\000S\000c\000a\000l\000e}{subsection.1.10}% 27
\BOOKMARK [3][-]{subsubsection.1.10.5}{\376\377\000S\000e\000x\000u\000a\000l\000i\000t\000y\000\040\000S\000e\000l\000f\000-\000E\000s\000t\000e\000e\000m\000\040\000S\000u\000b\000s\000c\000a\000l\000e}{subsection.1.10}% 28
\BOOKMARK [3][-]{subsubsection.1.10.6}{\376\377\000S\000e\000x\000u\000a\000l\000\040\000J\000e\000a\000l\000o\000u\000s\000y\000\040\000S\000u\000b\000s\000c\000a\000l\000e}{subsection.1.10}% 29
\BOOKMARK [3][-]{subsubsection.1.10.7}{\376\377\000S\000e\000x\000u\000a\000l\000\040\000R\000e\000l\000a\000t\000i\000o\000n\000s\000h\000i\000p\000\040\000P\000o\000w\000e\000r\000\040\000S\000c\000a\000l\000e}{subsection.1.10}% 30
\BOOKMARK [3][-]{subsubsection.1.10.8}{\376\377\000S\000c\000e\000n\000a\000r\000i\000o\000\040\000R\000e\000a\000l\000i\000s\000m\000\040\000Q\000u\000e\000s\000t\000i\000o\000n}{subsection.1.10}% 31
\BOOKMARK [3][-]{subsubsection.1.10.9}{\376\377\000S\000p\000i\000t\000e\000f\000u\000l\000\040\000V\000i\000g\000n\000e\000t\000t\000e\000s}{subsection.1.10}% 32
\BOOKMARK [2][-]{subsection.1.11}{\376\377\000P\000r\000o\000c\000e\000d\000u\000r\000e}{section.1}% 33
\BOOKMARK [2][-]{subsection.1.12}{\376\377\000D\000a\000t\000a\000\040\000A\000n\000a\000l\000y\000s\000i\000s}{section.1}% 34
\BOOKMARK [2][-]{subsection.1.13}{\376\377\000R\000e\000s\000u\000l\000t\000s\000\040\000a\000n\000d\000\040\000D\000i\000s\000c\000u\000s\000s\000i\000o\000n}{section.1}% 35
\BOOKMARK [3][-]{subsubsection.1.13.1}{\376\377\000S\000p\000i\000t\000e\000f\000u\000l\000n\000e\000s\000s}{subsection.1.13}% 36
\BOOKMARK [2][-]{subsection.1.14}{\376\377\000L\000i\000m\000i\000t\000a\000t\000i\000o\000n\000s\000\040\000a\000n\000d\000\040\000F\000u\000t\000u\000r\000e\000\040\000D\000i\000r\000e\000c\000t\000i\000o\000n\000s}{section.1}% 37
\BOOKMARK [2][-]{subsection.1.15}{\376\377\000E\000x\000p\000e\000r\000i\000m\000e\000n\000t\000\040\0002}{section.1}% 38
\BOOKMARK [2][-]{subsection.1.16}{\376\377\000M\000e\000t\000h\000o\000d\000s}{section.1}% 39
\BOOKMARK [2][-]{subsection.1.17}{\376\377\000M\000a\000t\000e\000r\000i\000a\000l\000s}{section.1}% 40
\BOOKMARK [3][-]{subsubsection.1.17.1}{\376\377\000B\000r\000i\000e\000f\000-\000P\000a\000t\000h\000o\000l\000o\000g\000i\000c\000a\000l\000\040\000N\000a\000r\000c\000i\000s\000s\000i\000s\000m\000\040\000I\000n\000v\000e\000n\000t\000o\000r\000y}{subsection.1.17}% 41
\BOOKMARK [2][-]{subsection.1.18}{\376\377\000P\000r\000o\000c\000e\000d\000u\000r\000e}{section.1}% 42
\BOOKMARK [2][-]{subsection.1.19}{\376\377\000D\000a\000t\000a\000\040\000a\000n\000a\000l\000y\000s\000i\000s}{section.1}% 43
\BOOKMARK [2][-]{subsection.1.20}{\376\377\000R\000e\000s\000u\000l\000t\000s}{section.1}% 44
\BOOKMARK [2][-]{subsection.1.21}{\376\377\000P\000r\000e\000r\000e\000g\000i\000s\000t\000e\000r\000e\000d\000\040\000A\000n\000a\000l\000y\000s\000e\000s}{section.1}% 45
\BOOKMARK [3][-]{subsubsection.1.21.1}{\376\377\000D\000e\000m\000o\000g\000r\000a\000p\000h\000i\000c\000\040\000a\000n\000d\000\040\000D\000o\000P\000L}{subsection.1.21}% 46
\BOOKMARK [2][-]{subsection.1.22}{\376\377\000D\000o\000m\000a\000i\000n\000-\000S\000p\000e\000c\000i\000f\000i\000c\000\040\000R\000i\000s\000k\000-\000T\000a\000k\000i\000n\000g}{section.1}% 47
\BOOKMARK [2][-]{subsection.1.23}{\376\377\000I\000n\000t\000e\000r\000a\000c\000t\000i\000o\000n\000s}{section.1}% 48
\BOOKMARK [2][-]{subsection.1.24}{\376\377\000D\000i\000s\000c\000u\000s\000s\000i\000o\000n}{section.1}% 49
\BOOKMARK [2][-]{subsection.1.25}{\376\377\000L\000i\000m\000i\000t\000a\000t\000i\000o\000n\000s}{section.1}% 50
\BOOKMARK [2][-]{subsection.1.26}{\376\377\000F\000u\000t\000u\000r\000e\000\040\000I\000m\000p\000l\000i\000c\000a\000t\000i\000o\000n\000s}{section.1}% 51
\BOOKMARK [1][-]{section.2}{\376\377\000I\000n\000t\000r\000o\000d\000u\000c\000t\000i\000o\000n}{}% 52
\BOOKMARK [2][-]{subsection.2.1}{\376\377\000D\000o\000m\000i\000n\000a\000n\000c\000e\000,\000\040\000P\000r\000e\000s\000t\000i\000g\000e\000,\000\040\000a\000n\000d\000\040\000L\000e\000a\000d\000e\000r\000s\000h\000i\000p\000\040\000o\000r\000i\000e\000n\000t\000a\000t\000i\000o\000n}{section.2}% 53
\BOOKMARK [3][-]{subsubsection.2.1.1}{\376\377\000D\000o\000m\000i\000n\000a\000n\000c\000e}{subsection.2.1}% 54
\BOOKMARK [3][-]{subsubsection.2.1.2}{\376\377\000P\000r\000e\000s\000t\000i\000g\000e}{subsection.2.1}% 55
\BOOKMARK [3][-]{subsubsection.2.1.3}{\376\377\000L\000e\000a\000d\000e\000r\000s\000h\000i\000p}{subsection.2.1}% 56
\BOOKMARK [2][-]{subsection.2.2}{\376\377\000R\000i\000s\000k}{section.2}% 57
\BOOKMARK [2][-]{subsection.2.3}{\376\377\000T\000h\000e\000\040\000P\000r\000e\000s\000e\000n\000t\000\040\000S\000t\000u\000d\000i\000e\000s}{section.2}% 58
\BOOKMARK [1][-]{section.3}{\376\377\000E\000x\000p\000e\000r\000i\000m\000e\000n\000t\000\040\0001}{}% 59
\BOOKMARK [2][-]{subsection.3.1}{\376\377\000M\000e\000t\000h\000o\000d\000s}{section.3}% 60
\BOOKMARK [2][-]{subsection.3.2}{\376\377\000M\000a\000t\000e\000r\000i\000a\000l\000s}{section.3}% 61
\BOOKMARK [3][-]{subsubsection.3.2.1}{\376\377\000D\000e\000m\000o\000g\000r\000a\000p\000h\000i\000c\000\040\000Q\000u\000e\000s\000t\000i\000o\000n\000n\000a\000i\000r\000e}{subsection.3.2}% 62
\BOOKMARK [3][-]{subsubsection.3.2.2}{\376\377\000D\000o\000m\000i\000n\000a\000n\000c\000e\000,\000\040\000P\000r\000e\000s\000t\000i\000g\000e\000,\000\040\000a\000n\000d\000\040\000L\000e\000a\000d\000e\000r\000s\000h\000i\000p\000\040\000O\000r\000i\000e\000n\000t\000a\000t\000i\000o\000n}{subsection.3.2}% 63
\BOOKMARK [3][-]{subsubsection.3.2.3}{\376\377\000D\000o\000m\000a\000i\000n\000\040\000S\000p\000e\000c\000i\000f\000i\000c\000\040\000R\000i\000s\000k\000-\000t\000a\000k\000i\000n\000g\000\040\000S\000c\000a\000l\000e}{subsection.3.2}% 64
\BOOKMARK [2][-]{subsection.3.3}{\376\377\000P\000r\000o\000c\000e\000d\000u\000r\000e}{section.3}% 65
\BOOKMARK [2][-]{subsection.3.4}{\376\377\000D\000a\000t\000a\000\040\000a\000n\000a\000l\000y\000s\000i\000s}{section.3}% 66
\BOOKMARK [2][-]{subsection.3.5}{\376\377\000R\000e\000s\000u\000l\000t\000s}{section.3}% 67
\BOOKMARK [3][-]{subsubsection.3.5.1}{\376\377\000P\000r\000e\000r\000e\000g\000i\000s\000t\000e\000r\000e\000d\000\040\000A\000n\000a\000l\000y\000s\000e\000s}{subsection.3.5}% 68
\BOOKMARK [4][-]{paragraph.3.5.1.1}{\376\377\000D\000e\000m\000o\000g\000r\000a\000p\000h\000i\000c\000\040\000a\000n\000d\000\040\000D\000o\000P\000L}{subsubsection.3.5.1}% 69
\BOOKMARK [4][-]{paragraph.3.5.1.2}{\376\377\000G\000e\000n\000e\000r\000a\000l\000\040\000R\000i\000s\000k\000\040\000a\000n\000d\000\040\000D\000o\000P\000L}{subsubsection.3.5.1}% 70
\BOOKMARK [3][-]{subsubsection.3.5.2}{\376\377\000D\000o\000m\000a\000i\000n\000-\000S\000p\000e\000c\000i\000f\000i\000c\000\040\000R\000i\000s\000k\000-\000T\000a\000k\000i\000n\000g}{subsection.3.5}% 71
\BOOKMARK [3][-]{subsubsection.3.5.3}{\376\377\000I\000n\000t\000e\000r\000a\000c\000t\000i\000o\000n\000s}{subsection.3.5}% 72
\BOOKMARK [3][-]{subsubsection.3.5.4}{\376\377\000D\000O\000S\000P\000E\000R\000T\000\040\000S\000u\000b\000-\000c\000a\000t\000e\000g\000o\000r\000i\000z\000a\000t\000i\000o\000n\000s}{subsection.3.5}% 73
\BOOKMARK [3][-]{subsubsection.3.5.5}{\376\377\000D\000i\000s\000c\000u\000s\000s\000i\000o\000n}{subsection.3.5}% 74
\BOOKMARK [1][-]{section.4}{\376\377\000E\000x\000p\000e\000r\000i\000m\000e\000n\000t\000\040\0002}{}% 75
\BOOKMARK [2][-]{subsection.4.1}{\376\377\000M\000e\000t\000h\000o\000d\000s}{section.4}% 76
\BOOKMARK [2][-]{subsection.4.2}{\376\377\000P\000a\000r\000t\000i\000c\000i\000p\000a\000n\000t\000s}{section.4}% 77
\BOOKMARK [2][-]{subsection.4.3}{\376\377\000M\000a\000t\000e\000r\000i\000a\000l\000s}{section.4}% 78
\BOOKMARK [3][-]{subsubsection.4.3.1}{\376\377\000B\000r\000i\000e\000f\000-\000P\000a\000t\000h\000o\000l\000o\000g\000i\000c\000a\000l\000\040\000N\000a\000r\000c\000i\000s\000s\000i\000s\000m\000\040\000I\000n\000v\000e\000n\000t\000o\000r\000y}{subsection.4.3}% 79
\BOOKMARK [2][-]{subsection.4.4}{\376\377\000P\000r\000o\000c\000e\000d\000u\000r\000e}{section.4}% 80
\BOOKMARK [2][-]{subsection.4.5}{\376\377\000D\000a\000t\000a\000\040\000a\000n\000a\000l\000y\000s\000i\000s}{section.4}% 81
\BOOKMARK [2][-]{subsection.4.6}{\376\377\000R\000e\000s\000u\000l\000t\000s\000\040\000a\000n\000d\000\040\000D\000i\000s\000c\000u\000s\000s\000i\000o\000n}{section.4}% 82
\BOOKMARK [3][-]{subsubsection.4.6.1}{\376\377\000P\000r\000e\000r\000e\000g\000i\000s\000t\000e\000r\000e\000d\000\040\000A\000n\000a\000l\000y\000s\000e\000s}{subsection.4.6}% 83
\BOOKMARK [4][-]{paragraph.4.6.1.1}{\376\377\000D\000o\000m\000i\000n\000a\000n\000c\000e}{subsubsection.4.6.1}% 84
\BOOKMARK [4][-]{paragraph.4.6.1.2}{\376\377\000P\000r\000e\000s\000t\000i\000g\000e}{subsubsection.4.6.1}% 85
\BOOKMARK [4][-]{paragraph.4.6.1.3}{\376\377\000L\000e\000a\000d\000e\000r\000s\000h\000i\000p}{subsubsection.4.6.1}% 86
\BOOKMARK [3][-]{subsubsection.4.6.2}{\376\377\000B\000r\000i\000e\000f\000-\000P\000a\000t\000h\000o\000l\000o\000g\000i\000c\000a\000l\000\040\000N\000a\000r\000c\000i\000s\000s\000i\000s\000m\000\040\000I\000n\000v\000e\000n\000t\000o\000r\000y}{subsection.4.6}% 87
\BOOKMARK [3][-]{subsubsection.4.6.3}{\376\377\000R\000i\000s\000k\000\040\000a\000n\000d\000\040\000i\000n\000t\000e\000r\000a\000c\000t\000i\000o\000n\000s}{subsection.4.6}% 88
\BOOKMARK [3][-]{subsubsection.4.6.4}{\376\377\000D\000o\000m\000a\000i\000n\000-\000S\000p\000e\000c\000i\000f\000i\000c\000\040\000R\000i\000s\000k\000-\000T\000a\000k\000i\000n\000g}{subsection.4.6}% 89
\BOOKMARK [3][-]{subsubsection.4.6.5}{\376\377\000I\000n\000t\000e\000r\000a\000c\000t\000i\000o\000n\000s}{subsection.4.6}% 90
\BOOKMARK [1][-]{section.5}{\376\377\000F\000i\000g\000u\000r\000e\000s\000\040\000a\000n\000d\000\040\000T\000a\000b\000l\000e\000s}{}% 91
\BOOKMARK [2][-]{subsection.5.1}{\376\377\000F\000i\000g\000u\000r\000e\000s}{section.5}% 92
\BOOKMARK [2][-]{subsection.5.2}{\376\377\000T\000a\000b\000l\000e\000s}{section.5}% 93
\BOOKMARK [1][-]{section.6}{\376\377\000C\000h\000a\000p\000t\000e\000r\000\040\0003\000:}{}% 94
\BOOKMARK [2][-]{subsection.6.1}{\376\377\000E\000x\000p\000e\000r\000i\000m\000e\000n\000t\000\040\0001\000:}{section.6}% 95
\BOOKMARK [2][-]{subsection.6.2}{\376\377\000E\000x\000p\000e\000r\000i\000m\000e\000n\000t\000\040\0001\000\040\000R\000e\000v\000i\000e\000w}{section.6}% 96
\BOOKMARK [2][-]{subsection.6.3}{\376\377\000N\000a\000r\000c\000i\000s\000s\000i\000s\000m}{section.6}% 97
\BOOKMARK [2][-]{subsection.6.4}{\376\377\000T\000h\000e\000\040\000p\000r\000e\000s\000e\000n\000t\000\040\000E\000x\000p\000e\000r\000i\000m\000e\000n\000t\000s}{section.6}% 98
\BOOKMARK [2][-]{subsection.6.5}{\376\377\000M\000e\000t\000h\000o\000d\000s}{section.6}% 99
\BOOKMARK [2][-]{subsection.6.6}{\376\377\000M\000a\000t\000e\000r\000i\000a\000l\000s}{section.6}% 100
\BOOKMARK [3][-]{subsubsection.6.6.1}{\376\377\000D\000e\000m\000o\000g\000r\000a\000p\000h\000i\000c\000\040\000Q\000u\000e\000s\000t\000i\000o\000n\000n\000a\000i\000r\000e}{subsection.6.6}% 101
\BOOKMARK [3][-]{subsubsection.6.6.2}{\376\377\000S\000e\000x\000u\000a\000l\000\040\000R\000i\000s\000k\000-\000t\000a\000k\000i\000n\000g\000\040\000B\000e\000h\000a\000v\000i\000o\000r\000\040\000S\000c\000a\000l\000e}{subsection.6.6}% 102
\BOOKMARK [3][-]{subsubsection.6.6.3}{\376\377\000S\000o\000c\000i\000o\000s\000e\000x\000u\000a\000l\000\040\000O\000r\000i\000e\000n\000t\000a\000t\000i\000o\000n\000\040\000I\000n\000v\000e\000n\000t\000o\000r\000y}{subsection.6.6}% 103
\BOOKMARK [3][-]{subsubsection.6.6.4}{\376\377\000D\000o\000m\000i\000n\000a\000n\000c\000e\000,\000\040\000P\000r\000e\000s\000t\000i\000g\000e\000,\000\040\000a\000n\000d\000\040\000L\000e\000a\000d\000e\000r\000s\000h\000i\000p}{subsection.6.6}% 104
\BOOKMARK [3][-]{subsubsection.6.6.5}{\376\377\000P\000a\000t\000h\000o\000l\000o\000g\000i\000c\000a\000l\000\040\000N\000a\000r\000c\000i\000s\000s\000i\000s\000m}{subsection.6.6}% 105
\BOOKMARK [2][-]{subsection.6.7}{\376\377\000P\000r\000o\000c\000e\000d\000u\000r\000e}{section.6}% 106
\BOOKMARK [2][-]{subsection.6.8}{\376\377\000D\000a\000t\000a\000\040\000a\000n\000a\000l\000y\000s\000i\000s}{section.6}% 107
\BOOKMARK [2][-]{subsection.6.9}{\376\377\000R\000e\000s\000u\000l\000t\000s}{section.6}% 108
\BOOKMARK [3][-]{subsubsection.6.9.1}{\376\377\000P\000r\000e\000r\000e\000g\000i\000s\000t\000e\000r\000e\000d\000\040\000A\000n\000a\000l\000y\000s\000e\000s}{subsection.6.9}% 109
\BOOKMARK [3][-]{subsubsection.6.9.2}{\376\377\000D\000e\000m\000o\000g\000r\000a\000p\000h\000i\000c\000\040\000a\000n\000d\000\040\000D\000o\000P\000L}{subsection.6.9}% 110
\BOOKMARK [2][-]{subsection.6.10}{\376\377\000D\000o\000m\000a\000i\000n\000-\000S\000p\000e\000c\000i\000f\000i\000c\000\040\000R\000i\000s\000k\000-\000T\000a\000k\000i\000n\000g}{section.6}% 111
\BOOKMARK [2][-]{subsection.6.11}{\376\377\000I\000n\000t\000e\000r\000a\000c\000t\000i\000o\000n\000s}{section.6}% 112
\BOOKMARK [2][-]{subsection.6.12}{\376\377\000D\000i\000s\000c\000u\000s\000s\000i\000o\000n}{section.6}% 113
\BOOKMARK [1][-]{section.7}{\376\377\000R\000e\000f\000e\000r\000e\000n\000c\000e\000s}{}% 114
