This is pdfTeX, Version 3.141592653-2.6-1.40.24 (TeX Live 2022) (preloaded format=pdflatex 2022.10.19)  21 OCT 2022 14:18
entering extended mode
 restricted \write18 enabled.
 %&-line parsing enabled.
**/Users/andrew/Library/CloudStorage/OneDrive-Personal/Documents/1_UoE/Research/PhD/Writing/Dissertation/Output_Files/Dissertation.tex
(/Users/andrew/Library/CloudStorage/OneDrive-Personal/Documents/1_UoE/Research/PhD/Writing/Dissertation/Output_Files/Dissertation.tex
LaTeX2e <2022-06-01> patch level 5
L3 programming layer <2022-09-28> (/Users/andrew/Library/TinyTeX/texmf-dist/tex/latex/apa7/apa7.cls
Document Class: apa7 2022/07/25 v2.16 APA formatting (7th edition)
(/Users/andrew/Library/TinyTeX/texmf-dist/tex/latex/base/article.cls
Document Class: article 2021/10/04 v1.4n Standard LaTeX document class
(/Users/andrew/Library/TinyTeX/texmf-dist/tex/latex/base/size12.clo
File: size12.clo 2021/10/04 v1.4n Standard LaTeX file (size option)
)
\c@part=\count185
\c@section=\count186
\c@subsection=\count187
\c@subsubsection=\count188
\c@paragraph=\count189
\c@subparagraph=\count190
\c@figure=\count191
\c@table=\count192
\abovecaptionskip=\skip47
\belowcaptionskip=\skip48
\bibindent=\dimen138
) (/Users/andrew/Library/TinyTeX/texmf-dist/tex/latex/etoolbox/etoolbox.sty
Package: etoolbox 2020/10/05 v2.5k e-TeX tools for LaTeX (JAW)
\etb@tempcnta=\count193
)
Class apa7 Info: No bibliography package was specified; defaulting to (but not loading) Biblatex on input line 218.
(/Users/andrew/Library/TinyTeX/texmf-dist/tex/latex/lm/lmodern.sty
Package: lmodern 2015/05/01 v1.6.1 Latin Modern Fonts
LaTeX Font Info:    Overwriting symbol font `operators' in version `normal'
(Font)                  OT1/cmr/m/n --> OT1/lmr/m/n on input line 22.
LaTeX Font Info:    Overwriting symbol font `letters' in version `normal'
(Font)                  OML/cmm/m/it --> OML/lmm/m/it on input line 23.
LaTeX Font Info:    Overwriting symbol font `symbols' in version `normal'
(Font)                  OMS/cmsy/m/n --> OMS/lmsy/m/n on input line 24.
LaTeX Font Info:    Overwriting symbol font `largesymbols' in version `normal'
(Font)                  OMX/cmex/m/n --> OMX/lmex/m/n on input line 25.
LaTeX Font Info:    Overwriting symbol font `operators' in version `bold'
(Font)                  OT1/cmr/bx/n --> OT1/lmr/bx/n on input line 26.
LaTeX Font Info:    Overwriting symbol font `letters' in version `bold'
(Font)                  OML/cmm/b/it --> OML/lmm/b/it on input line 27.
LaTeX Font Info:    Overwriting symbol font `symbols' in version `bold'
(Font)                  OMS/cmsy/b/n --> OMS/lmsy/b/n on input line 28.
LaTeX Font Info:    Overwriting symbol font `largesymbols' in version `bold'
(Font)                  OMX/cmex/m/n --> OMX/lmex/m/n on input line 29.
LaTeX Font Info:    Overwriting math alphabet `\mathbf' in version `normal'
(Font)                  OT1/cmr/bx/n --> OT1/lmr/bx/n on input line 31.
LaTeX Font Info:    Overwriting math alphabet `\mathsf' in version `normal'
(Font)                  OT1/cmss/m/n --> OT1/lmss/m/n on input line 32.
LaTeX Font Info:    Overwriting math alphabet `\mathit' in version `normal'
(Font)                  OT1/cmr/m/it --> OT1/lmr/m/it on input line 33.
LaTeX Font Info:    Overwriting math alphabet `\mathtt' in version `normal'
(Font)                  OT1/cmtt/m/n --> OT1/lmtt/m/n on input line 34.
LaTeX Font Info:    Overwriting math alphabet `\mathbf' in version `bold'
(Font)                  OT1/cmr/bx/n --> OT1/lmr/bx/n on input line 35.
LaTeX Font Info:    Overwriting math alphabet `\mathsf' in version `bold'
(Font)                  OT1/cmss/bx/n --> OT1/lmss/bx/n on input line 36.
LaTeX Font Info:    Overwriting math alphabet `\mathit' in version `bold'
(Font)                  OT1/cmr/bx/it --> OT1/lmr/bx/it on input line 37.
LaTeX Font Info:    Overwriting math alphabet `\mathtt' in version `bold'
(Font)                  OT1/cmtt/m/n --> OT1/lmtt/m/n on input line 38.
) (/Users/andrew/Library/TinyTeX/texmf-dist/tex/latex/base/fontenc.sty
Package: fontenc 2021/04/29 v2.0v Standard LaTeX package
LaTeX Font Info:    Trying to load font information for T1+lmr on input line 112.
(/Users/andrew/Library/TinyTeX/texmf-dist/tex/latex/lm/t1lmr.fd
File: t1lmr.fd 2015/05/01 v1.6.1 Font defs for Latin Modern
)) (/Users/andrew/Library/TinyTeX/texmf-dist/tex/latex/geometry/geometry.sty
Package: geometry 2020/01/02 v5.9 Page Geometry
(/Users/andrew/Library/TinyTeX/texmf-dist/tex/latex/graphics/keyval.sty
Package: keyval 2022/05/29 v1.15 key=value parser (DPC)
\KV@toks@=\toks16
) (/Users/andrew/Library/TinyTeX/texmf-dist/tex/generic/iftex/ifvtex.sty
Package: ifvtex 2019/10/25 v1.7 ifvtex legacy package. Use iftex instead.
(/Users/andrew/Library/TinyTeX/texmf-dist/tex/generic/iftex/iftex.sty
Package: iftex 2022/02/03 v1.0f TeX engine tests
))
\Gm@cnth=\count194
\Gm@cntv=\count195
\c@Gm@tempcnt=\count196
\Gm@bindingoffset=\dimen139
\Gm@wd@mp=\dimen140
\Gm@odd@mp=\dimen141
\Gm@even@mp=\dimen142
\Gm@layoutwidth=\dimen143
\Gm@layoutheight=\dimen144
\Gm@layouthoffset=\dimen145
\Gm@layoutvoffset=\dimen146
\Gm@dimlist=\toks17
) (/Users/andrew/Library/TinyTeX/texmf-dist/tex/latex/graphics/graphicx.sty
Package: graphicx 2021/09/16 v1.2d Enhanced LaTeX Graphics (DPC,SPQR)
(/Users/andrew/Library/TinyTeX/texmf-dist/tex/latex/graphics/graphics.sty
Package: graphics 2022/03/10 v1.4e Standard LaTeX Graphics (DPC,SPQR)
(/Users/andrew/Library/TinyTeX/texmf-dist/tex/latex/graphics/trig.sty
Package: trig 2021/08/11 v1.11 sin cos tan (DPC)
) (/Users/andrew/Library/TinyTeX/texmf-dist/tex/latex/graphics-cfg/graphics.cfg
File: graphics.cfg 2016/06/04 v1.11 sample graphics configuration
)
Package graphics Info: Driver file: pdftex.def on input line 107.
(/Users/andrew/Library/TinyTeX/texmf-dist/tex/latex/graphics-def/pdftex.def
File: pdftex.def 2022/09/22 v1.2b Graphics/color driver for pdftex
\stockwidth=\dimen147
\stockheight=\dimen148
))
\Gin@req@height=\dimen149
\Gin@req@width=\dimen150
) (/Users/andrew/Library/TinyTeX/texmf-dist/tex/latex/scalerel/scalerel.sty
Package: scalerel 2016/12/29 v1.8 Routines for constrained scaling and stretching of objects, relative to a reference object or in absolute terms
(/Users/andrew/Library/TinyTeX/texmf-dist/tex/latex/tools/calc.sty
Package: calc 2017/05/25 v4.3 Infix arithmetic (KKT,FJ)
\calc@Acount=\count197
\calc@Bcount=\count198
\calc@Adimen=\dimen151
\calc@Bdimen=\dimen152
\calc@Askip=\skip49
\calc@Bskip=\skip50
LaTeX Info: Redefining \setlength on input line 80.
LaTeX Info: Redefining \addtolength on input line 81.
\calc@Ccount=\count199
\calc@Cskip=\skip51
)
\thesrwidth=\skip52
\thesrheight=\skip53
\srblobheight=\skip54
\srblobdepth=\skip55
\mnxsrwidth=\skip56
\LMex=\skip57
\LMpt=\skip58
) (/Users/andrew/Library/TinyTeX/texmf-dist/tex/latex/pgf/frontendlayer/tikz.sty (/Users/andrew/Library/TinyTeX/texmf-dist/tex/latex/pgf/basiclayer/pgf.sty (/Users/andrew/Library/TinyTeX/texmf-dist/tex/latex/pgf/utilities/pgfrcs.sty (/Users/andrew/Library/TinyTeX/texmf-dist/tex/generic/pgf/utilities/pgfutil-common.tex
\pgfutil@everybye=\toks18
\pgfutil@tempdima=\dimen153
\pgfutil@tempdimb=\dimen154
(/Users/andrew/Library/TinyTeX/texmf-dist/tex/generic/pgf/utilities/pgfutil-common-lists.tex)) (/Users/andrew/Library/TinyTeX/texmf-dist/tex/generic/pgf/utilities/pgfutil-latex.def
\pgfutil@abb=\box51
) (/Users/andrew/Library/TinyTeX/texmf-dist/tex/generic/pgf/utilities/pgfrcs.code.tex (/Users/andrew/Library/TinyTeX/texmf-dist/tex/generic/pgf/pgf.revision.tex)
Package: pgfrcs 2021/05/15 v3.1.9a (3.1.9a)
))
Package: pgf 2021/05/15 v3.1.9a (3.1.9a)
(/Users/andrew/Library/TinyTeX/texmf-dist/tex/latex/pgf/basiclayer/pgfcore.sty (/Users/andrew/Library/TinyTeX/texmf-dist/tex/latex/pgf/systemlayer/pgfsys.sty (/Users/andrew/Library/TinyTeX/texmf-dist/tex/generic/pgf/systemlayer/pgfsys.code.tex
Package: pgfsys 2021/05/15 v3.1.9a (3.1.9a)
(/Users/andrew/Library/TinyTeX/texmf-dist/tex/generic/pgf/utilities/pgfkeys.code.tex
\pgfkeys@pathtoks=\toks19
\pgfkeys@temptoks=\toks20
(/Users/andrew/Library/TinyTeX/texmf-dist/tex/generic/pgf/utilities/pgfkeysfiltered.code.tex
\pgfkeys@tmptoks=\toks21
))
\pgf@x=\dimen155
\pgf@y=\dimen156
\pgf@xa=\dimen157
\pgf@ya=\dimen158
\pgf@xb=\dimen159
\pgf@yb=\dimen160
\pgf@xc=\dimen161
\pgf@yc=\dimen162
\pgf@xd=\dimen163
\pgf@yd=\dimen164
\w@pgf@writea=\write3
\r@pgf@reada=\read2
\c@pgf@counta=\count266
\c@pgf@countb=\count267
\c@pgf@countc=\count268
\c@pgf@countd=\count269
\t@pgf@toka=\toks22
\t@pgf@tokb=\toks23
\t@pgf@tokc=\toks24
\pgf@sys@id@count=\count270
(/Users/andrew/Library/TinyTeX/texmf-dist/tex/generic/pgf/systemlayer/pgf.cfg
File: pgf.cfg 2021/05/15 v3.1.9a (3.1.9a)
)
Driver file for pgf: pgfsys-pdftex.def
(/Users/andrew/Library/TinyTeX/texmf-dist/tex/generic/pgf/systemlayer/pgfsys-pdftex.def
File: pgfsys-pdftex.def 2021/05/15 v3.1.9a (3.1.9a)
(/Users/andrew/Library/TinyTeX/texmf-dist/tex/generic/pgf/systemlayer/pgfsys-common-pdf.def
File: pgfsys-common-pdf.def 2021/05/15 v3.1.9a (3.1.9a)
))) (/Users/andrew/Library/TinyTeX/texmf-dist/tex/generic/pgf/systemlayer/pgfsyssoftpath.code.tex
File: pgfsyssoftpath.code.tex 2021/05/15 v3.1.9a (3.1.9a)
\pgfsyssoftpath@smallbuffer@items=\count271
\pgfsyssoftpath@bigbuffer@items=\count272
) (/Users/andrew/Library/TinyTeX/texmf-dist/tex/generic/pgf/systemlayer/pgfsysprotocol.code.tex
File: pgfsysprotocol.code.tex 2021/05/15 v3.1.9a (3.1.9a)
)) (/Users/andrew/Library/TinyTeX/texmf-dist/tex/latex/xcolor/xcolor.sty
Package: xcolor 2022/06/12 v2.14 LaTeX color extensions (UK)
(/Users/andrew/Library/TinyTeX/texmf-dist/tex/latex/graphics-cfg/color.cfg
File: color.cfg 2016/01/02 v1.6 sample color configuration
)
Package xcolor Info: Driver file: pdftex.def on input line 227.
(/Users/andrew/Library/TinyTeX/texmf-dist/tex/latex/graphics/mathcolor.ltx)
Package xcolor Info: Model `cmy' substituted by `cmy0' on input line 1353.
Package xcolor Info: Model `hsb' substituted by `rgb' on input line 1357.
Package xcolor Info: Model `RGB' extended on input line 1369.
Package xcolor Info: Model `HTML' substituted by `rgb' on input line 1371.
Package xcolor Info: Model `Hsb' substituted by `hsb' on input line 1372.
Package xcolor Info: Model `tHsb' substituted by `hsb' on input line 1373.
Package xcolor Info: Model `HSB' substituted by `hsb' on input line 1374.
Package xcolor Info: Model `Gray' substituted by `gray' on input line 1375.
Package xcolor Info: Model `wave' substituted by `hsb' on input line 1376.
) (/Users/andrew/Library/TinyTeX/texmf-dist/tex/generic/pgf/basiclayer/pgfcore.code.tex
Package: pgfcore 2021/05/15 v3.1.9a (3.1.9a)
(/Users/andrew/Library/TinyTeX/texmf-dist/tex/generic/pgf/math/pgfmath.code.tex (/Users/andrew/Library/TinyTeX/texmf-dist/tex/generic/pgf/math/pgfmathcalc.code.tex (/Users/andrew/Library/TinyTeX/texmf-dist/tex/generic/pgf/math/pgfmathutil.code.tex) (/Users/andrew/Library/TinyTeX/texmf-dist/tex/generic/pgf/math/pgfmathparser.code.tex
\pgfmath@dimen=\dimen165
\pgfmath@count=\count273
\pgfmath@box=\box52
\pgfmath@toks=\toks25
\pgfmath@stack@operand=\toks26
\pgfmath@stack@operation=\toks27
) (/Users/andrew/Library/TinyTeX/texmf-dist/tex/generic/pgf/math/pgfmathfunctions.code.tex (/Users/andrew/Library/TinyTeX/texmf-dist/tex/generic/pgf/math/pgfmathfunctions.basic.code.tex) (/Users/andrew/Library/TinyTeX/texmf-dist/tex/generic/pgf/math/pgfmathfunctions.trigonometric.code.tex) (/Users/andrew/Library/TinyTeX/texmf-dist/tex/generic/pgf/math/pgfmathfunctions.random.code.tex) (/Users/andrew/Library/TinyTeX/texmf-dist/tex/generic/pgf/math/pgfmathfunctions.comparison.code.tex) (/Users/andrew/Library/TinyTeX/texmf-dist/tex/generic/pgf/math/pgfmathfunctions.base.code.tex) (/Users/andrew/Library/TinyTeX/texmf-dist/tex/generic/pgf/math/pgfmathfunctions.round.code.tex) (/Users/andrew/Library/TinyTeX/texmf-dist/tex/generic/pgf/math/pgfmathfunctions.misc.code.tex) (/Users/andrew/Library/TinyTeX/texmf-dist/tex/generic/pgf/math/pgfmathfunctions.integerarithmetics.code.tex))) (/Users/andrew/Library/TinyTeX/texmf-dist/tex/generic/pgf/math/pgfmathfloat.code.tex
\c@pgfmathroundto@lastzeros=\count274
)) (/Users/andrew/Library/TinyTeX/texmf-dist/tex/generic/pgf/math/pgfint.code.tex) (/Users/andrew/Library/TinyTeX/texmf-dist/tex/generic/pgf/basiclayer/pgfcorepoints.code.tex
File: pgfcorepoints.code.tex 2021/05/15 v3.1.9a (3.1.9a)
\pgf@picminx=\dimen166
\pgf@picmaxx=\dimen167
\pgf@picminy=\dimen168
\pgf@picmaxy=\dimen169
\pgf@pathminx=\dimen170
\pgf@pathmaxx=\dimen171
\pgf@pathminy=\dimen172
\pgf@pathmaxy=\dimen173
\pgf@xx=\dimen174
\pgf@xy=\dimen175
\pgf@yx=\dimen176
\pgf@yy=\dimen177
\pgf@zx=\dimen178
\pgf@zy=\dimen179
) (/Users/andrew/Library/TinyTeX/texmf-dist/tex/generic/pgf/basiclayer/pgfcorepathconstruct.code.tex
File: pgfcorepathconstruct.code.tex 2021/05/15 v3.1.9a (3.1.9a)
\pgf@path@lastx=\dimen180
\pgf@path@lasty=\dimen181
) (/Users/andrew/Library/TinyTeX/texmf-dist/tex/generic/pgf/basiclayer/pgfcorepathusage.code.tex
File: pgfcorepathusage.code.tex 2021/05/15 v3.1.9a (3.1.9a)
\pgf@shorten@end@additional=\dimen182
\pgf@shorten@start@additional=\dimen183
) (/Users/andrew/Library/TinyTeX/texmf-dist/tex/generic/pgf/basiclayer/pgfcorescopes.code.tex
File: pgfcorescopes.code.tex 2021/05/15 v3.1.9a (3.1.9a)
\pgfpic=\box53
\pgf@hbox=\box54
\pgf@layerbox@main=\box55
\pgf@picture@serial@count=\count275
) (/Users/andrew/Library/TinyTeX/texmf-dist/tex/generic/pgf/basiclayer/pgfcoregraphicstate.code.tex
File: pgfcoregraphicstate.code.tex 2021/05/15 v3.1.9a (3.1.9a)
\pgflinewidth=\dimen184
) (/Users/andrew/Library/TinyTeX/texmf-dist/tex/generic/pgf/basiclayer/pgfcoretransformations.code.tex
File: pgfcoretransformations.code.tex 2021/05/15 v3.1.9a (3.1.9a)
\pgf@pt@x=\dimen185
\pgf@pt@y=\dimen186
\pgf@pt@temp=\dimen187
) (/Users/andrew/Library/TinyTeX/texmf-dist/tex/generic/pgf/basiclayer/pgfcorequick.code.tex
File: pgfcorequick.code.tex 2021/05/15 v3.1.9a (3.1.9a)
) (/Users/andrew/Library/TinyTeX/texmf-dist/tex/generic/pgf/basiclayer/pgfcoreobjects.code.tex
File: pgfcoreobjects.code.tex 2021/05/15 v3.1.9a (3.1.9a)
) (/Users/andrew/Library/TinyTeX/texmf-dist/tex/generic/pgf/basiclayer/pgfcorepathprocessing.code.tex
File: pgfcorepathprocessing.code.tex 2021/05/15 v3.1.9a (3.1.9a)
) (/Users/andrew/Library/TinyTeX/texmf-dist/tex/generic/pgf/basiclayer/pgfcorearrows.code.tex
File: pgfcorearrows.code.tex 2021/05/15 v3.1.9a (3.1.9a)
\pgfarrowsep=\dimen188
) (/Users/andrew/Library/TinyTeX/texmf-dist/tex/generic/pgf/basiclayer/pgfcoreshade.code.tex
File: pgfcoreshade.code.tex 2021/05/15 v3.1.9a (3.1.9a)
\pgf@max=\dimen189
\pgf@sys@shading@range@num=\count276
\pgf@shadingcount=\count277
) (/Users/andrew/Library/TinyTeX/texmf-dist/tex/generic/pgf/basiclayer/pgfcoreimage.code.tex
File: pgfcoreimage.code.tex 2021/05/15 v3.1.9a (3.1.9a)
(/Users/andrew/Library/TinyTeX/texmf-dist/tex/generic/pgf/basiclayer/pgfcoreexternal.code.tex
File: pgfcoreexternal.code.tex 2021/05/15 v3.1.9a (3.1.9a)
\pgfexternal@startupbox=\box56
)) (/Users/andrew/Library/TinyTeX/texmf-dist/tex/generic/pgf/basiclayer/pgfcorelayers.code.tex
File: pgfcorelayers.code.tex 2021/05/15 v3.1.9a (3.1.9a)
) (/Users/andrew/Library/TinyTeX/texmf-dist/tex/generic/pgf/basiclayer/pgfcoretransparency.code.tex
File: pgfcoretransparency.code.tex 2021/05/15 v3.1.9a (3.1.9a)
) (/Users/andrew/Library/TinyTeX/texmf-dist/tex/generic/pgf/basiclayer/pgfcorepatterns.code.tex
File: pgfcorepatterns.code.tex 2021/05/15 v3.1.9a (3.1.9a)
) (/Users/andrew/Library/TinyTeX/texmf-dist/tex/generic/pgf/basiclayer/pgfcorerdf.code.tex
File: pgfcorerdf.code.tex 2021/05/15 v3.1.9a (3.1.9a)
))) (/Users/andrew/Library/TinyTeX/texmf-dist/tex/generic/pgf/modules/pgfmoduleshapes.code.tex
File: pgfmoduleshapes.code.tex 2021/05/15 v3.1.9a (3.1.9a)
\pgfnodeparttextbox=\box57
) (/Users/andrew/Library/TinyTeX/texmf-dist/tex/generic/pgf/modules/pgfmoduleplot.code.tex
File: pgfmoduleplot.code.tex 2021/05/15 v3.1.9a (3.1.9a)
) (/Users/andrew/Library/TinyTeX/texmf-dist/tex/latex/pgf/compatibility/pgfcomp-version-0-65.sty
Package: pgfcomp-version-0-65 2021/05/15 v3.1.9a (3.1.9a)
\pgf@nodesepstart=\dimen190
\pgf@nodesepend=\dimen191
) (/Users/andrew/Library/TinyTeX/texmf-dist/tex/latex/pgf/compatibility/pgfcomp-version-1-18.sty
Package: pgfcomp-version-1-18 2021/05/15 v3.1.9a (3.1.9a)
)) (/Users/andrew/Library/TinyTeX/texmf-dist/tex/latex/pgf/utilities/pgffor.sty (/Users/andrew/Library/TinyTeX/texmf-dist/tex/latex/pgf/utilities/pgfkeys.sty (/Users/andrew/Library/TinyTeX/texmf-dist/tex/generic/pgf/utilities/pgfkeys.code.tex)) (/Users/andrew/Library/TinyTeX/texmf-dist/tex/latex/pgf/math/pgfmath.sty (/Users/andrew/Library/TinyTeX/texmf-dist/tex/generic/pgf/math/pgfmath.code.tex)) (/Users/andrew/Library/TinyTeX/texmf-dist/tex/generic/pgf/utilities/pgffor.code.tex
Package: pgffor 2021/05/15 v3.1.9a (3.1.9a)
(/Users/andrew/Library/TinyTeX/texmf-dist/tex/generic/pgf/math/pgfmath.code.tex)
\pgffor@iter=\dimen192
\pgffor@skip=\dimen193
\pgffor@stack=\toks28
\pgffor@toks=\toks29
)) (/Users/andrew/Library/TinyTeX/texmf-dist/tex/generic/pgf/frontendlayer/tikz/tikz.code.tex
Package: tikz 2021/05/15 v3.1.9a (3.1.9a)
(/Users/andrew/Library/TinyTeX/texmf-dist/tex/generic/pgf/libraries/pgflibraryplothandlers.code.tex
File: pgflibraryplothandlers.code.tex 2021/05/15 v3.1.9a (3.1.9a)
\pgf@plot@mark@count=\count278
\pgfplotmarksize=\dimen194
)
\tikz@lastx=\dimen195
\tikz@lasty=\dimen196
\tikz@lastxsaved=\dimen197
\tikz@lastysaved=\dimen198
\tikz@lastmovetox=\dimen199
\tikz@lastmovetoy=\dimen256
\tikzleveldistance=\dimen257
\tikzsiblingdistance=\dimen258
\tikz@figbox=\box58
\tikz@figbox@bg=\box59
\tikz@tempbox=\box60
\tikz@tempbox@bg=\box61
\tikztreelevel=\count279
\tikznumberofchildren=\count280
\tikznumberofcurrentchild=\count281
\tikz@fig@count=\count282
(/Users/andrew/Library/TinyTeX/texmf-dist/tex/generic/pgf/modules/pgfmodulematrix.code.tex
File: pgfmodulematrix.code.tex 2021/05/15 v3.1.9a (3.1.9a)
\pgfmatrixcurrentrow=\count283
\pgfmatrixcurrentcolumn=\count284
\pgf@matrix@numberofcolumns=\count285
)
\tikz@expandcount=\count286
(/Users/andrew/Library/TinyTeX/texmf-dist/tex/generic/pgf/frontendlayer/tikz/libraries/tikzlibrarytopaths.code.tex
File: tikzlibrarytopaths.code.tex 2021/05/15 v3.1.9a (3.1.9a)
))) (/Users/andrew/Library/TinyTeX/texmf-dist/tex/latex/hyperref/hyperref.sty
Package: hyperref 2022-09-22 v7.00t Hypertext links for LaTeX
(/Users/andrew/Library/TinyTeX/texmf-dist/tex/generic/ltxcmds/ltxcmds.sty
Package: ltxcmds 2020-05-10 v1.25 LaTeX kernel commands for general use (HO)
) (/Users/andrew/Library/TinyTeX/texmf-dist/tex/generic/pdftexcmds/pdftexcmds.sty
Package: pdftexcmds 2020-06-27 v0.33 Utility functions of pdfTeX for LuaTeX (HO)
(/Users/andrew/Library/TinyTeX/texmf-dist/tex/generic/infwarerr/infwarerr.sty
Package: infwarerr 2019/12/03 v1.5 Providing info/warning/error messages (HO)
)
Package pdftexcmds Info: \pdf@primitive is available.
Package pdftexcmds Info: \pdf@ifprimitive is available.
Package pdftexcmds Info: \pdfdraftmode found.
) (/Users/andrew/Library/TinyTeX/texmf-dist/tex/latex/kvsetkeys/kvsetkeys.sty
Package: kvsetkeys 2022-10-05 v1.19 Key value parser (HO)
) (/Users/andrew/Library/TinyTeX/texmf-dist/tex/generic/kvdefinekeys/kvdefinekeys.sty
Package: kvdefinekeys 2019-12-19 v1.6 Define keys (HO)
) (/Users/andrew/Library/TinyTeX/texmf-dist/tex/generic/pdfescape/pdfescape.sty
Package: pdfescape 2019/12/09 v1.15 Implements pdfTeX's escape features (HO)
) (/Users/andrew/Library/TinyTeX/texmf-dist/tex/latex/hycolor/hycolor.sty
Package: hycolor 2020-01-27 v1.10 Color options for hyperref/bookmark (HO)
) (/Users/andrew/Library/TinyTeX/texmf-dist/tex/latex/letltxmacro/letltxmacro.sty
Package: letltxmacro 2019/12/03 v1.6 Let assignment for LaTeX macros (HO)
) (/Users/andrew/Library/TinyTeX/texmf-dist/tex/latex/auxhook/auxhook.sty
Package: auxhook 2019-12-17 v1.6 Hooks for auxiliary files (HO)
) (/Users/andrew/Library/TinyTeX/texmf-dist/tex/latex/hyperref/nameref.sty
Package: nameref 2022-05-17 v2.50 Cross-referencing by name of section
(/Users/andrew/Library/TinyTeX/texmf-dist/tex/latex/refcount/refcount.sty
Package: refcount 2019/12/15 v3.6 Data extraction from label references (HO)
) (/Users/andrew/Library/TinyTeX/texmf-dist/tex/generic/gettitlestring/gettitlestring.sty
Package: gettitlestring 2019/12/15 v1.6 Cleanup title references (HO)
(/Users/andrew/Library/TinyTeX/texmf-dist/tex/latex/kvoptions/kvoptions.sty
Package: kvoptions 2022-06-15 v3.15 Key value format for package options (HO)
))
\c@section@level=\count287
)
\@linkdim=\dimen259
\Hy@linkcounter=\count288
\Hy@pagecounter=\count289
(/Users/andrew/Library/TinyTeX/texmf-dist/tex/latex/hyperref/pd1enc.def
File: pd1enc.def 2022-09-22 v7.00t Hyperref: PDFDocEncoding definition (HO)
Now handling font encoding PD1 ...
... no UTF-8 mapping file for font encoding PD1
) (/Users/andrew/Library/TinyTeX/texmf-dist/tex/generic/intcalc/intcalc.sty
Package: intcalc 2019/12/15 v1.3 Expandable calculations with integers (HO)
) (/Users/andrew/Library/TinyTeX/texmf-dist/tex/generic/etexcmds/etexcmds.sty
Package: etexcmds 2019/12/15 v1.7 Avoid name clashes with e-TeX commands (HO)
)
\Hy@SavedSpaceFactor=\count290
(/Users/andrew/Library/TinyTeX/texmf-dist/tex/latex/hyperref/puenc.def
File: puenc.def 2022-09-22 v7.00t Hyperref: PDF Unicode definition (HO)
Now handling font encoding PU ...
... no UTF-8 mapping file for font encoding PU
)
Package hyperref Info: Option `unicode' set `true' on input line 4045.
Package hyperref Info: Hyper figures OFF on input line 4162.
Package hyperref Info: Link nesting OFF on input line 4167.
Package hyperref Info: Hyper index ON on input line 4170.
Package hyperref Info: Plain pages OFF on input line 4177.
Package hyperref Info: Backreferencing OFF on input line 4182.
Package hyperref Info: Implicit mode ON; LaTeX internals redefined.
Package hyperref Info: Bookmarks ON on input line 4410.
\c@Hy@tempcnt=\count291
(/Users/andrew/Library/TinyTeX/texmf-dist/tex/latex/url/url.sty
\Urlmuskip=\muskip16
Package: url 2013/09/16  ver 3.4  Verb mode for urls, etc.
)
LaTeX Info: Redefining \url on input line 4748.
\XeTeXLinkMargin=\dimen260
(/Users/andrew/Library/TinyTeX/texmf-dist/tex/generic/bitset/bitset.sty
Package: bitset 2019/12/09 v1.3 Handle bit-vector datatype (HO)
(/Users/andrew/Library/TinyTeX/texmf-dist/tex/generic/bigintcalc/bigintcalc.sty
Package: bigintcalc 2019/12/15 v1.5 Expandable calculations on big integers (HO)
))
\Fld@menulength=\count292
\Field@Width=\dimen261
\Fld@charsize=\dimen262
Package hyperref Info: Hyper figures OFF on input line 6027.
Package hyperref Info: Link nesting OFF on input line 6032.
Package hyperref Info: Hyper index ON on input line 6035.
Package hyperref Info: backreferencing OFF on input line 6042.
Package hyperref Info: Link coloring OFF on input line 6047.
Package hyperref Info: Link coloring with OCG OFF on input line 6052.
Package hyperref Info: PDF/A mode OFF on input line 6057.
(/Users/andrew/Library/TinyTeX/texmf-dist/tex/latex/base/atbegshi-ltx.sty
Package: atbegshi-ltx 2021/01/10 v1.0c Emulation of the original atbegshi
package with kernel methods
)
\Hy@abspage=\count293
\c@Item=\count294
\c@Hfootnote=\count295
)
Package hyperref Info: Driver (autodetected): hpdftex.
(/Users/andrew/Library/TinyTeX/texmf-dist/tex/latex/hyperref/hpdftex.def
File: hpdftex.def 2022-09-22 v7.00t Hyperref driver for pdfTeX
(/Users/andrew/Library/TinyTeX/texmf-dist/tex/latex/base/atveryend-ltx.sty
Package: atveryend-ltx 2020/08/19 v1.0a Emulation of the original atveryend package
with kernel methods
)
\Fld@listcount=\count296
\c@bookmark@seq@number=\count297
(/Users/andrew/Library/TinyTeX/texmf-dist/tex/latex/rerunfilecheck/rerunfilecheck.sty
Package: rerunfilecheck 2022-07-10 v1.10 Rerun checks for auxiliary files (HO)
(/Users/andrew/Library/TinyTeX/texmf-dist/tex/generic/uniquecounter/uniquecounter.sty
Package: uniquecounter 2019/12/15 v1.4 Provide unlimited unique counter (HO)
)
Package uniquecounter Info: New unique counter `rerunfilecheck' on input line 285.
)
\Hy@SectionHShift=\skip59
) (/Users/andrew/Library/TinyTeX/texmf-dist/tex/generic/pgf/frontendlayer/tikz/libraries/tikzlibrarysvg.path.code.tex
File: tikzlibrarysvg.path.code.tex 2021/05/15 v3.1.9a (3.1.9a)
(/Users/andrew/Library/TinyTeX/texmf-dist/tex/generic/pgf/libraries/pgflibrarysvg.path.code.tex
File: pgflibrarysvg.path.code.tex 2021/05/15 v3.1.9a (3.1.9a)
(/Users/andrew/Library/TinyTeX/texmf-dist/tex/generic/pgf/modules/pgfmoduleparser.code.tex
File: pgfmoduleparser.code.tex 2021/05/15 v3.1.9a (3.1.9a)
\pgfparserdef@arg@count=\count298
)
\pgf@lib@svg@last@x=\dimen263
\pgf@lib@svg@last@y=\dimen264
\pgf@lib@svg@last@c@x=\dimen265
\pgf@lib@svg@last@c@y=\dimen266
\pgf@lib@svg@count=\count299
\pgf@lib@svg@max@num=\count300
)) (/Users/andrew/Library/TinyTeX/texmf-dist/tex/latex/booktabs/booktabs.sty
Package: booktabs 2020/01/12 v1.61803398 Publication quality tables
\heavyrulewidth=\dimen267
\lightrulewidth=\dimen268
\cmidrulewidth=\dimen269
\belowrulesep=\dimen270
\belowbottomsep=\dimen271
\aboverulesep=\dimen272
\abovetopsep=\dimen273
\cmidrulesep=\dimen274
\cmidrulekern=\dimen275
\defaultaddspace=\dimen276
\@cmidla=\count301
\@cmidlb=\count302
\@aboverulesep=\dimen277
\@belowrulesep=\dimen278
\@thisruleclass=\count303
\@lastruleclass=\count304
\@thisrulewidth=\dimen279
) (/Users/andrew/Library/TinyTeX/texmf-dist/tex/latex/threeparttable/threeparttable.sty
Package: threeparttable 2003/06/13  v 3.0
\@tempboxb=\box62
)
\b@level@one@skip=\skip60
\e@level@one@skip=\skip61
\b@level@two@skip=\skip62
\e@level@two@skip=\skip63
\b@level@three@skip=\skip64
\e@level@three@skip=\skip65
\b@level@four@skip=\skip66
\e@level@four@skip=\skip67
\b@level@five@skip=\skip68
\e@level@five@skip=\skip69
(/Users/andrew/Library/TinyTeX/texmf-dist/tex/latex/caption/caption.sty
Package: caption 2022/03/01 v3.6b Customizing captions (AR)
(/Users/andrew/Library/TinyTeX/texmf-dist/tex/latex/caption/caption3.sty
Package: caption3 2022/03/17 v2.3b caption3 kernel (AR)
\caption@tempdima=\dimen280
\captionmargin=\dimen281
\caption@leftmargin=\dimen282
\caption@rightmargin=\dimen283
\caption@width=\dimen284
\caption@indent=\dimen285
\caption@parindent=\dimen286
\caption@hangindent=\dimen287
Package caption Info: Standard document class detected.
)
\c@caption@flags=\count305
\c@continuedfloat=\count306
Package caption Info: hyperref package is loaded.
Package caption Info: threeparttable package is loaded.
)
\c@APAenum=\count307
\@text@par@indent=\skip70
\gr@box=\box63
\gr@boxwidth=\skip71
\gr@boxheight=\skip72
(/Users/andrew/Library/TinyTeX/texmf-dist/tex/latex/tools/bm.sty
Package: bm 2022/01/05 v1.2f Bold Symbol Support (DPC/FMi)
\symboldoperators=\mathgroup4
\symboldletters=\mathgroup5
\symboldsymbols=\mathgroup6
Package bm Info: No bold for \OMX/lmex/m/n, using \pmb.
LaTeX Font Info:    Redeclaring math alphabet \mathbf on input line 149.
)
\c@appendix=\count308
(/Users/andrew/Library/TinyTeX/texmf-dist/tex/latex/fancyhdr/fancyhdr.sty
Package: fancyhdr 2022/05/18 v4.0.3 Extensive control of page headers and footers
\f@nch@headwidth=\skip73
\f@nch@O@elh=\skip74
\f@nch@O@erh=\skip75
\f@nch@O@olh=\skip76
\f@nch@O@orh=\skip77
\f@nch@O@elf=\skip78
\f@nch@O@erf=\skip79
\f@nch@O@olf=\skip80
\f@nch@O@orf=\skip81
)) (/Users/andrew/Library/TinyTeX/texmf-dist/tex/latex/amsmath/amsmath.sty
Package: amsmath 2022/04/08 v2.17n AMS math features
\@mathmargin=\skip82
For additional information on amsmath, use the `?' option.
(/Users/andrew/Library/TinyTeX/texmf-dist/tex/latex/amsmath/amstext.sty
Package: amstext 2021/08/26 v2.01 AMS text
(/Users/andrew/Library/TinyTeX/texmf-dist/tex/latex/amsmath/amsgen.sty
File: amsgen.sty 1999/11/30 v2.0 generic functions
\@emptytoks=\toks30
\ex@=\dimen288
)) (/Users/andrew/Library/TinyTeX/texmf-dist/tex/latex/amsmath/amsbsy.sty
Package: amsbsy 1999/11/29 v1.2d Bold Symbols
LaTeX Info: Redefining \boldsymbol on input line 28.
\pmbraise@=\dimen289
) (/Users/andrew/Library/TinyTeX/texmf-dist/tex/latex/amsmath/amsopn.sty
Package: amsopn 2022/04/08 v2.04 operator names
)
\inf@bad=\count309
LaTeX Info: Redefining \frac on input line 234.
\uproot@=\count310
\leftroot@=\count311
LaTeX Info: Redefining \overline on input line 399.
LaTeX Info: Redefining \colon on input line 410.
\classnum@=\count312
\DOTSCASE@=\count313
LaTeX Info: Redefining \ldots on input line 496.
LaTeX Info: Redefining \dots on input line 499.
LaTeX Info: Redefining \cdots on input line 620.
\Mathstrutbox@=\box64
\strutbox@=\box65
LaTeX Info: Redefining \big on input line 722.
LaTeX Info: Redefining \Big on input line 723.
LaTeX Info: Redefining \bigg on input line 724.
LaTeX Info: Redefining \Bigg on input line 725.
\big@size=\dimen290
LaTeX Font Info:    Redeclaring font encoding OML on input line 743.
LaTeX Font Info:    Redeclaring font encoding OMS on input line 744.
\macc@depth=\count314
LaTeX Info: Redefining \bmod on input line 905.
LaTeX Info: Redefining \pmod on input line 910.
LaTeX Info: Redefining \smash on input line 940.
LaTeX Info: Redefining \relbar on input line 970.
LaTeX Info: Redefining \Relbar on input line 971.
\c@MaxMatrixCols=\count315
\dotsspace@=\muskip17
\c@parentequation=\count316
\dspbrk@lvl=\count317
\tag@help=\toks31
\row@=\count318
\column@=\count319
\maxfields@=\count320
\andhelp@=\toks32
\eqnshift@=\dimen291
\alignsep@=\dimen292
\tagshift@=\dimen293
\tagwidth@=\dimen294
\totwidth@=\dimen295
\lineht@=\dimen296
\@envbody=\toks33
\multlinegap=\skip83
\multlinetaggap=\skip84
\mathdisplay@stack=\toks34
LaTeX Info: Redefining \[ on input line 2953.
LaTeX Info: Redefining \] on input line 2954.
) (/Users/andrew/Library/TinyTeX/texmf-dist/tex/latex/amsfonts/amssymb.sty
Package: amssymb 2013/01/14 v3.01 AMS font symbols
(/Users/andrew/Library/TinyTeX/texmf-dist/tex/latex/amsfonts/amsfonts.sty
Package: amsfonts 2013/01/14 v3.01 Basic AMSFonts support
\symAMSa=\mathgroup7
\symAMSb=\mathgroup8
LaTeX Font Info:    Redeclaring math symbol \hbar on input line 98.
LaTeX Font Info:    Overwriting math alphabet `\mathfrak' in version `bold'
(Font)                  U/euf/m/n --> U/euf/b/n on input line 106.
)) (/Users/andrew/Library/TinyTeX/texmf-dist/tex/latex/base/fontenc.sty
Package: fontenc 2021/04/29 v2.0v Standard LaTeX package
) (/Users/andrew/Library/TinyTeX/texmf-dist/tex/latex/base/inputenc.sty
Package: inputenc 2021/02/14 v1.3d Input encoding file
\inpenc@prehook=\toks35
\inpenc@posthook=\toks36
) (/Users/andrew/Library/TinyTeX/texmf-dist/tex/latex/base/textcomp.sty
Package: textcomp 2020/02/02 v2.0n Standard LaTeX package
)
\cslhangindent=\skip85
\csllabelwidth=\skip86
\cslentryspacingunit=\skip87
(/Users/andrew/Library/TinyTeX/texmf-dist/tex/generic/babel/babel.sty
Package: babel 2022/10/04 3.81 The Babel package
\babel@savecnt=\count321
\U@D=\dimen297
\l@unhyphenated=\language3
(/Users/andrew/Library/TinyTeX/texmf-dist/tex/generic/babel/txtbabel.def)
\bbl@readstream=\read3
\bbl@dirlevel=\count322
Package babel Info: You haven't specified a language. I'll use 'nil'
(babel)             as the main language. Reported on input line 4432.
(/Users/andrew/Library/TinyTeX/texmf-dist/tex/generic/babel/nil.ldf
Language: nil 2022/10/04 3.81 Nil language
\l@nil=\language4
))
\everypar=\toks37
(/Users/andrew/Library/TinyTeX/texmf-dist/tex/generic/babel/locale/en/babel-english.tex)
Package babel Info: Importing data for english
(babel)             from babel-en.ini. Reported on input line 91.
Package babel Info: Hyphen rules for 'english' set to \l@english
(babel)             (\language0). Reported on input line 91.
(/Users/andrew/Library/TinyTeX/texmf-dist/tex/latex/was/upgreek.sty
Package: upgreek 2003/02/12 v2.0 (WaS)
Package upgreek Info: Using Euler Roman for upright Greek on input line 31.
\symugrf@m=\mathgroup9
LaTeX Font Info:    Overwriting symbol font `ugrf@m' in version `bold'
(Font)                  U/eur/m/n --> U/eur/b/n on input line 38.
) (/Users/andrew/Library/TinyTeX/texmf-dist/tex/latex/tools/longtable.sty
Package: longtable 2021-09-01 v4.17 Multi-page Table package (DPC)
\LTleft=\skip88
\LTright=\skip89
\LTpre=\skip90
\LTpost=\skip91
\LTchunksize=\count323
\LTcapwidth=\dimen298
\LT@head=\box66
\LT@firsthead=\box67
\LT@foot=\box68
\LT@lastfoot=\box69
\LT@gbox=\box70
\LT@cols=\count324
\LT@rows=\count325
\c@LT@tables=\count326
\c@LT@chunks=\count327
\LT@p@ftn=\toks38
) (/Users/andrew/Library/TinyTeX/texmf-dist/tex/latex/graphics/lscape.sty
Package: lscape 2020/05/28 v3.02 Landscape Pages (DPC)
) (/Users/andrew/Library/TinyTeX/texmf-dist/tex/latex/multirow/multirow.sty
Package: multirow 2021/03/15 v2.8 Span multiple rows of a table
\multirow@colwidth=\skip92
\multirow@cntb=\count328
\multirow@dima=\skip93
\bigstrutjot=\dimen299
) (/Users/andrew/Library/TinyTeX/texmf-dist/tex/latex/tools/tabularx.sty
Package: tabularx 2020/01/15 v2.11c `tabularx' package (DPC)
(/Users/andrew/Library/TinyTeX/texmf-dist/tex/latex/tools/array.sty
Package: array 2022/03/10 v2.5f Tabular extension package (FMi)
\col@sep=\dimen300
\ar@mcellbox=\box71
\extrarowheight=\dimen301
\NC@list=\toks39
\extratabsurround=\skip94
\backup@length=\skip95
\ar@cellbox=\box72
)
\TX@col@width=\dimen302
\TX@old@table=\dimen303
\TX@old@col=\dimen304
\TX@target=\dimen305
\TX@delta=\dimen306
\TX@cols=\count329
\TX@ftn=\toks40
) (/Users/andrew/Library/TinyTeX/texmf-dist/tex/latex/threeparttablex/threeparttablex.sty
Package: threeparttablex 2013/07/23 v0.3 by daleif
(/Users/andrew/Library/TinyTeX/texmf-dist/tex/latex/environ/environ.sty
Package: environ 2014/05/04 v0.3 A new way to define environments
(/Users/andrew/Library/TinyTeX/texmf-dist/tex/latex/trimspaces/trimspaces.sty
Package: trimspaces 2009/09/17 v1.1 Trim spaces around a token list
))
\TPTL@width=\skip96
)
\longtablewidth=\skip97
Failed to patch abstract.
Failed to patch title.
(/Users/andrew/Library/TinyTeX/texmf-dist/tex/latex/xpatch/xpatch.sty (/Users/andrew/Library/TinyTeX/texmf-dist/tex/latex/l3kernel/expl3.sty
Package: expl3 2022-09-28 L3 programming layer (loader) 
(/Users/andrew/Library/TinyTeX/texmf-dist/tex/latex/l3backend/l3backend-pdftex.def
File: l3backend-pdftex.def 2022-09-28 L3 backend support: PDF output (pdfTeX)
\l__color_backend_stack_int=\count330
\l__pdf_internal_box=\box73
))
Package: xpatch 2020/03/25 v0.3a Extending etoolbox patching commands
(/Users/andrew/Library/TinyTeX/texmf-dist/tex/latex/l3packages/xparse/xparse.sty
Package: xparse 2022-06-22 L3 Experimental document command parser
)) (/Users/andrew/Library/TinyTeX/texmf-dist/tex/latex/csquotes/csquotes.sty
Package: csquotes 2022-09-14 v5.2n context-sensitive quotations (JAW)
\csq@reset=\count331
\csq@gtype=\count332
\csq@glevel=\count333
\csq@qlevel=\count334
\csq@maxlvl=\count335
\csq@tshold=\count336
\csq@ltx@everypar=\toks41
(/Users/andrew/Library/TinyTeX/texmf-dist/tex/latex/csquotes/csquotes.def
File: csquotes.def 2022-09-14 v5.2n csquotes generic definitions (JAW)
)
Package csquotes Info: Trying to load configuration file 'csquotes.cfg'...
Package csquotes Info: ... configuration file loaded successfully.
(/Users/andrew/Library/TinyTeX/texmf-dist/tex/latex/csquotes/csquotes.cfg
File: csquotes.cfg 
)) (/Users/andrew/Library/TinyTeX/texmf-dist/tex/latex/tocloft/tocloft.sty
Package: tocloft 2017/08/31 v2.3i parameterised ToC, etc., typesetting
Package tocloft Info: The document has section divisions on input line 51.
\cftparskip=\skip98
\cftbeforetoctitleskip=\skip99
\cftaftertoctitleskip=\skip100
\cftbeforepartskip=\skip101
\cftpartnumwidth=\skip102
\cftpartindent=\skip103
\cftbeforesecskip=\skip104
\cftsecindent=\skip105
\cftsecnumwidth=\skip106
\cftbeforesubsecskip=\skip107
\cftsubsecindent=\skip108
\cftsubsecnumwidth=\skip109
\cftbeforesubsubsecskip=\skip110
\cftsubsubsecindent=\skip111
\cftsubsubsecnumwidth=\skip112
\cftbeforeparaskip=\skip113
\cftparaindent=\skip114
\cftparanumwidth=\skip115
\cftbeforesubparaskip=\skip116
\cftsubparaindent=\skip117
\cftsubparanumwidth=\skip118
\cftbeforeloftitleskip=\skip119
\cftafterloftitleskip=\skip120
\cftbeforefigskip=\skip121
\cftfigindent=\skip122
\cftfignumwidth=\skip123
\c@lofdepth=\count337
\c@lotdepth=\count338
\cftbeforelottitleskip=\skip124
\cftafterlottitleskip=\skip125
\cftbeforetabskip=\skip126
\cfttabindent=\skip127
\cfttabnumwidth=\skip128
) (/Users/andrew/Library/TinyTeX/texmf-dist/tex/latex/adjustbox/adjustbox.sty
Package: adjustbox 2022/10/17 v1.3a Adjusting TeX boxes (trim, clip, ...)
(/Users/andrew/Library/TinyTeX/texmf-dist/tex/latex/xkeyval/xkeyval.sty
Package: xkeyval 2022/06/16 v2.9 package option processing (HA)
(/Users/andrew/Library/TinyTeX/texmf-dist/tex/generic/xkeyval/xkeyval.tex (/Users/andrew/Library/TinyTeX/texmf-dist/tex/generic/xkeyval/xkvutils.tex
\XKV@toks=\toks42
\XKV@tempa@toks=\toks43
)
\XKV@depth=\count339
File: xkeyval.tex 2014/12/03 v2.7a key=value parser (HA)
)) (/Users/andrew/Library/TinyTeX/texmf-dist/tex/latex/adjustbox/adjcalc.sty
Package: adjcalc 2012/05/16 v1.1 Provides advanced setlength with multiple back-ends (calc, etex, pgfmath)
) (/Users/andrew/Library/TinyTeX/texmf-dist/tex/latex/adjustbox/trimclip.sty
Package: trimclip 2020/08/19 v1.2 Trim and clip general TeX material
(/Users/andrew/Library/TinyTeX/texmf-dist/tex/latex/collectbox/collectbox.sty
Package: collectbox 2022/10/17 v0.4c Collect macro arguments as boxes
\collectedbox=\box74
)
\tc@llx=\dimen307
\tc@lly=\dimen308
\tc@urx=\dimen309
\tc@ury=\dimen310
Package trimclip Info: Using driver 'tc-pdftex.def'.
(/Users/andrew/Library/TinyTeX/texmf-dist/tex/latex/adjustbox/tc-pdftex.def
File: tc-pdftex.def 2019/01/04 v2.2 Clipping driver for pdftex
))
\adjbox@Width=\dimen311
\adjbox@Height=\dimen312
\adjbox@Depth=\dimen313
\adjbox@Totalheight=\dimen314
\adjbox@pwidth=\dimen315
\adjbox@pheight=\dimen316
\adjbox@pdepth=\dimen317
\adjbox@ptotalheight=\dimen318
(/Users/andrew/Library/TinyTeX/texmf-dist/tex/latex/varwidth/varwidth.sty
Package: varwidth 2009/03/30 ver 0.92;  Variable-width minipages
\@vwid@box=\box75
\sift@deathcycles=\count340
\@vwid@loff=\dimen319
\@vwid@roff=\dimen320
)) (/Users/andrew/Library/TinyTeX/texmf-dist/tex/latex/setspace/setspace.sty
Package: setspace 2011/12/19 v6.7a set line spacing
)

Package fancyhdr Warning: \fancyhead's `E' option without twoside option is useless on input line 185.

(/Users/andrew/Library/TinyTeX/texmf-dist/tex/latex/pdflscape/pdflscape.sty
Package: pdflscape 2019/12/05 v0.12 Display of landscape pages in PDF (HO)
Package pdflscape Info: Auto-detected driver: pdftex on input line 81.
)
\c@NumberOfAuthors=\count341
\c@NumberOfSuperscripts=\count342

Class apa7 Warning: Deprecated: see documentation for \authorsaffiliations on input line 225.

\c@NumberOfAffiliations=\count343
Package csquotes Info: Checking for multilingual support...
Package csquotes Info: ... found 'babel' package.
Package csquotes Info: Adjusting default style.
Package csquotes Info: Redefining alias 'default' -> 'english'.
(./Dissertation.aux)
\openout1 = `Dissertation.aux'.

LaTeX Font Info:    Checking defaults for OML/cmm/m/it on input line 235.
LaTeX Font Info:    ... okay on input line 235.
LaTeX Font Info:    Checking defaults for OMS/cmsy/m/n on input line 235.
LaTeX Font Info:    ... okay on input line 235.
LaTeX Font Info:    Checking defaults for OT1/cmr/m/n on input line 235.
LaTeX Font Info:    ... okay on input line 235.
LaTeX Font Info:    Checking defaults for T1/cmr/m/n on input line 235.
LaTeX Font Info:    ... okay on input line 235.
LaTeX Font Info:    Checking defaults for TS1/cmr/m/n on input line 235.
LaTeX Font Info:    ... okay on input line 235.
LaTeX Font Info:    Checking defaults for OMX/cmex/m/n on input line 235.
LaTeX Font Info:    ... okay on input line 235.
LaTeX Font Info:    Checking defaults for U/cmr/m/n on input line 235.
LaTeX Font Info:    ... okay on input line 235.
LaTeX Font Info:    Checking defaults for PD1/pdf/m/n on input line 235.
LaTeX Font Info:    ... okay on input line 235.
LaTeX Font Info:    Checking defaults for PU/pdf/m/n on input line 235.
LaTeX Font Info:    ... okay on input line 235.
*geometry* driver: auto-detecting
*geometry* detected driver: pdftex
*geometry* verbose mode - [ preamble ] result:
* driver: pdftex
* paper: a4paper
* layout: <same size as paper>
* layoutoffset:(h,v)=(0.0pt,0.0pt)
* modes: 
* h-part:(L,W,R)=(72.26999pt, 452.9679pt, 72.26999pt)
* v-part:(T,H,B)=(72.26999pt, 700.50687pt, 72.26999pt)
* \paperwidth=597.50787pt
* \paperheight=845.04684pt
* \textwidth=433.62pt
* \textheight=614.295pt
* \oddsidemargin=18.06749pt
* \evensidemargin=18.06749pt
* \topmargin=-18.06749pt
* \headheight=15.2pt
* \headsep=25.0pt
* \topskip=12.0pt
* \footskip=30.0pt
* \marginparwidth=44.0pt
* \marginparsep=10.0pt
* \columnsep=10.0pt
* \skip\footins=10.8pt plus 4.0pt minus 2.0pt
* \hoffset=0.0pt
* \voffset=0.0pt
* \mag=1000
* \@twocolumnfalse
* \@twosidefalse
* \@mparswitchfalse
* \@reversemarginfalse
* (1in=72.27pt=25.4mm, 1cm=28.453pt)

(/Users/andrew/Library/TinyTeX/texmf-dist/tex/latex/epstopdf-pkg/epstopdf-base.sty
Package: epstopdf-base 2020-01-24 v2.11 Base part for package epstopdf
Package epstopdf-base Info: Redefining graphics rule for `.eps' on input line 485.
(/Users/andrew/Library/TinyTeX/texmf-dist/tex/latex/latexconfig/epstopdf-sys.cfg
File: epstopdf-sys.cfg 2010/07/13 v1.3 Configuration of (r)epstopdf for TeX Live
))
Package hyperref Info: Link coloring OFF on input line 235.
(./Dissertation.out) (./Dissertation.out)
\@outlinefile=\write4
\openout4 = `Dissertation.out'.

(/Users/andrew/Library/TinyTeX/texmf-dist/tex/latex/apa7/config/APA7english.txt
File: APA7english.txt 2020/12/02 v1.02 apa7 configuration for non-American English
)
Package caption Info: Begin \AtBeginDocument code.
Package caption Info: longtable package is loaded.
(/Users/andrew/Library/TinyTeX/texmf-dist/tex/latex/caption/ltcaption.sty
Package: ltcaption 2021/01/08 v1.4c longtable captions (AR)
)
Package caption Info: End \AtBeginDocument code.
Using title for running head
LaTeX Font Info:    Trying to load font information for OT1+lmr on input line 236.
(/Users/andrew/Library/TinyTeX/texmf-dist/tex/latex/lm/ot1lmr.fd
File: ot1lmr.fd 2015/05/01 v1.6.1 Font defs for Latin Modern
)
LaTeX Font Info:    Trying to load font information for OML+lmm on input line 236.
(/Users/andrew/Library/TinyTeX/texmf-dist/tex/latex/lm/omllmm.fd
File: omllmm.fd 2015/05/01 v1.6.1 Font defs for Latin Modern
)
LaTeX Font Info:    Trying to load font information for OMS+lmsy on input line 236.
(/Users/andrew/Library/TinyTeX/texmf-dist/tex/latex/lm/omslmsy.fd
File: omslmsy.fd 2015/05/01 v1.6.1 Font defs for Latin Modern
)
LaTeX Font Info:    Trying to load font information for OMX+lmex on input line 236.
(/Users/andrew/Library/TinyTeX/texmf-dist/tex/latex/lm/omxlmex.fd
File: omxlmex.fd 2015/05/01 v1.6.1 Font defs for Latin Modern
)
LaTeX Font Info:    External font `lmex10' loaded for size
(Font)              <17.28> on input line 236.
LaTeX Font Info:    External font `lmex10' loaded for size
(Font)              <12> on input line 236.
LaTeX Font Info:    External font `lmex10' loaded for size
(Font)              <10> on input line 236.
LaTeX Font Info:    Trying to load font information for U+msa on input line 236.
(/Users/andrew/Library/TinyTeX/texmf-dist/tex/latex/amsfonts/umsa.fd
File: umsa.fd 2013/01/14 v3.01 AMS symbols A
)
LaTeX Font Info:    Trying to load font information for U+msb on input line 236.
(/Users/andrew/Library/TinyTeX/texmf-dist/tex/latex/amsfonts/umsb.fd
File: umsb.fd 2013/01/14 v3.01 AMS symbols B
)
LaTeX Font Info:    External font `lmex10' loaded for size
(Font)              <8> on input line 236.
LaTeX Font Info:    External font `lmex10' loaded for size
(Font)              <6> on input line 236.
LaTeX Font Info:    External font `lmex10' loaded for size
(Font)              <7> on input line 236.
LaTeX Font Info:    External font `lmex10' loaded for size
(Font)              <5> on input line 236.
[1

{/Users/andrew/Library/TinyTeX/texmf-var/fonts/map/pdftex/updmap/pdftex.map}] [2

]
<../Formatting/EdUniCrest.jpg, id=422, 501.875pt x 507.8975pt>
File: ../Formatting/EdUniCrest.jpg Graphic file (type jpg)
<use ../Formatting/EdUniCrest.jpg>
Package pdftex.def Info: ../Formatting/EdUniCrest.jpg  used on input line 253.
(pdftex.def)             Requested size: 125.46843pt x 126.97406pt.

pdfTeX warning (ext4): destination with the same identifier (name{page.1}) has been already used, duplicate ignored
<to be read again> 
                   \relax 
l.264 \clearpage
                 [1

 <../Formatting/EdUniCrest.jpg>]
pdfTeX warning (ext4): destination with the same identifier (name{page.2}) has been already used, duplicate ignored
<to be read again> 
                   \relax 
l.266 \mbox{}\thispagestyle{empty}\clearpage
                                             [2

] (./Dissertation.toc [3

] [4]
Underfull \vbox (badness 1769) has occurred while \output is active []

[5])
\tf@toc=\write5
\openout5 = `Dissertation.toc'.

[6] [7] [8] [9]
Underfull \vbox (badness 10000) has occurred while \output is active []

[10] [11] [12] [13] [14]
Underfull \vbox (badness 7308) has occurred while \output is active []

[15] [16] [17] [18] [19] [20]
Underfull \vbox (badness 1558) has occurred while \output is active []

[21] [22] [23] [24] [25] [26] [27]
Underfull \vbox (badness 10000) has occurred while \output is active []

[28] [29] [30] [31]

LaTeX Warning: Reference `tab:experiment2Correlation' on page 32 undefined on input line 658.

[32] [33]
Underfull \vbox (badness 2111) has occurred while \output is active []

[34] [35] [36]
Underfull \vbox (badness 7308) has occurred while \output is active []

[37]

LaTeX Warning: Reference `tab:experiment2Correlation' on page 38 undefined on input line 771.

[38] [39]

LaTeX Warning: Reference `tab:vulnerabiliotyGrandiosityAndGenderExperiment2' on page 40 undefined on input line 798.

[40]

LaTeX Warning: Reference `fig:MediationSEM1' on page 41 undefined on input line 817.


LaTeX Warning: Reference `fig:MediationSEM2' on page 41 undefined on input line 819.

[41]

LaTeX Warning: Reference `tab:mediationComparisonExp2' on page 42 undefined on input line 823.

[42] [43]
LaTeX Font Info:    Trying to load font information for TS1+lmr on input line 847.
(/Users/andrew/Library/TinyTeX/texmf-dist/tex/latex/lm/ts1lmr.fd
File: ts1lmr.fd 2015/05/01 v1.6.1 Font defs for Latin Modern
) [44] [45] [46] [47] [48]
Underfull \hbox (badness 10000) in paragraph at lines 964--966
 []\T1/lmr/m/n/12 Breakwell, G. M. (2007). The psy-chol-ogy of risk.
 []


Underfull \hbox (badness 10000) in paragraph at lines 964--966
 \T1/lmr/m/n/12 In \T1/lmr/m/it/12 Cam-bridge Core\T1/lmr/m/n/12 . /core/books/psychology-of-
 []


Underfull \hbox (badness 10000) in paragraph at lines 964--966
 \T1/lmr/m/n/12 risk/3AA5E35577684DF437A1F3084CD2FA8B. []$https : / / doi . org / 10 .$
 []


Underfull \vbox (badness 10000) has occurred while \output is active []

[49]
Underfull \vbox (badness 10000) has occurred while \output is active []

[50]
Underfull \vbox (badness 10000) has occurred while \output is active []

[51]
Underfull \vbox (badness 10000) has occurred while \output is active []

[52]
Underfull \vbox (badness 10000) has occurred while \output is active []

[53]
Underfull \vbox (badness 10000) has occurred while \output is active []

[54]
Underfull \hbox (badness 10000) in paragraph at lines 1084--1086
 \T1/lmr/m/n/12 https://researcher-help.prolific.co/hc/en-gb/articles/360009221253-How-
 []


Underfull \vbox (badness 10000) has occurred while \output is active []

[55]
Underfull \vbox (badness 10000) has occurred while \output is active []

[56]
Underfull \vbox (badness 10000) has occurred while \output is active []

[57] [58] [59]
</Users/andrew/Library/CloudStorage/OneDrive-Personal/Documents/1_UoE/Research/PhD/Writing/Dissertation/Output_Files/Dissertation_files/figure-latex/DoPL-Experiment-1-1.pdf, id=1251, 1011.78pt x 722.7pt>
File: /Users/andrew/Library/CloudStorage/OneDrive-Personal/Documents/1_UoE/Research/PhD/Writing/Dissertation/Output_Files/Dissertation_files/figure-latex/DoPL-Experiment-1-1.pdf Graphic file (type pdf)
<use /Users/andrew/Library/CloudStorage/OneDrive-Personal/Documents/1_UoE/Research/PhD/Writing/Dissertation/Output_Files/Dissertation_files/figure-latex/DoPL-Experiment-1-1.pdf>
Package pdftex.def Info: /Users/andrew/Library/CloudStorage/OneDrive-Personal/Documents/1_UoE/Research/PhD/Writing/Dissertation/Output_Files/Dissertation_files/figure-latex/DoPL-Experiment-1-1.pdf  used on input line 1210.
(pdftex.def)             Requested size: 433.62114pt x 309.72939pt.
</Users/andrew/Library/CloudStorage/OneDrive-Personal/Documents/1_UoE/Research/PhD/Writing/Dissertation/Output_Files/Dissertation_files/figure-latex/DominanceExperiment1-1.pdf, id=1252, 1011.78pt x 722.7pt>
File: /Users/andrew/Library/CloudStorage/OneDrive-Personal/Documents/1_UoE/Research/PhD/Writing/Dissertation/Output_Files/Dissertation_files/figure-latex/DominanceExperiment1-1.pdf Graphic file (type pdf)
<use /Users/andrew/Library/CloudStorage/OneDrive-Personal/Documents/1_UoE/Research/PhD/Writing/Dissertation/Output_Files/Dissertation_files/figure-latex/DominanceExperiment1-1.pdf>
Package pdftex.def Info: /Users/andrew/Library/CloudStorage/OneDrive-Personal/Documents/1_UoE/Research/PhD/Writing/Dissertation/Output_Files/Dissertation_files/figure-latex/DominanceExperiment1-1.pdf  used on input line 1216.
(pdftex.def)             Requested size: 433.62114pt x 309.72939pt.
</Users/andrew/Library/CloudStorage/OneDrive-Personal/Documents/1_UoE/Research/PhD/Writing/Dissertation/Output_Files/Dissertation_files/figure-latex/PrestigeExperiment1-1.pdf, id=1253, 1011.78pt x 722.7pt>
File: /Users/andrew/Library/CloudStorage/OneDrive-Personal/Documents/1_UoE/Research/PhD/Writing/Dissertation/Output_Files/Dissertation_files/figure-latex/PrestigeExperiment1-1.pdf Graphic file (type pdf)
<use /Users/andrew/Library/CloudStorage/OneDrive-Personal/Documents/1_UoE/Research/PhD/Writing/Dissertation/Output_Files/Dissertation_files/figure-latex/PrestigeExperiment1-1.pdf>
Package pdftex.def Info: /Users/andrew/Library/CloudStorage/OneDrive-Personal/Documents/1_UoE/Research/PhD/Writing/Dissertation/Output_Files/Dissertation_files/figure-latex/PrestigeExperiment1-1.pdf  used on input line 1223.
(pdftex.def)             Requested size: 433.62114pt x 309.72939pt.
</Users/andrew/Library/CloudStorage/OneDrive-Personal/Documents/1_UoE/Research/PhD/Writing/Dissertation/Output_Files/Dissertation_files/figure-latex/LeadershipExperiment1-1.pdf, id=1254, 1011.78pt x 722.7pt>
File: /Users/andrew/Library/CloudStorage/OneDrive-Personal/Documents/1_UoE/Research/PhD/Writing/Dissertation/Output_Files/Dissertation_files/figure-latex/LeadershipExperiment1-1.pdf Graphic file (type pdf)
<use /Users/andrew/Library/CloudStorage/OneDrive-Personal/Documents/1_UoE/Research/PhD/Writing/Dissertation/Output_Files/Dissertation_files/figure-latex/LeadershipExperiment1-1.pdf>
Package pdftex.def Info: /Users/andrew/Library/CloudStorage/OneDrive-Personal/Documents/1_UoE/Research/PhD/Writing/Dissertation/Output_Files/Dissertation_files/figure-latex/LeadershipExperiment1-1.pdf  used on input line 1224.
(pdftex.def)             Requested size: 433.62114pt x 309.72939pt.

Overfull \hbox (36.13614pt too wide) in paragraph at lines 1223--1225
[][]
 []


Underfull \vbox (badness 10000) has occurred while \output is active []

[60


 </Users/andrew/Library/CloudStorage/OneDrive-Personal/Documents/1_UoE/Research/PhD/Writing/Dissertation/Output_Files/Dissertation_files/figure-latex/DoPL-Experiment-1-1.pdf>]
Overfull \vbox (78.2183pt too high) has occurred while \output is active []

[61 </Users/andrew/Library/CloudStorage/OneDrive-Personal/Documents/1_UoE/Research/PhD/Writing/Dissertation/Output_Files/Dissertation_files/figure-latex/DominanceExperiment1-1.pdf> </Users/andrew/Library/CloudStorage/OneDrive-Personal/Documents/1_UoE/Research/PhD/Writing/Dissertation/Output_Files/Dissertation_files/figure-latex/PrestigeExperiment1-1.pdf>]
LaTeX Font Info:    Trying to load font information for T1+lmtt on input line 1226.
(/Users/andrew/Library/TinyTeX/texmf-dist/tex/latex/lm/t1lmtt.fd
File: t1lmtt.fd 2015/05/01 v1.6.1 Font defs for Latin Modern
)
Overfull \hbox (23.33023pt too wide) in paragraph at lines 1228--1228
[]\T1/lmtt/m/n/12 ## Warning: Removed 281 rows containing non-finite values (stat_ydensity).[] 
 []

</Users/andrew/Library/CloudStorage/OneDrive-Personal/Documents/1_UoE/Research/PhD/Writing/Dissertation/Output_Files/Dissertation_files/figure-latex/DOSPERT-Preferences-GenderExperiment1-1.pdf, id=1279, 1011.78pt x 722.7pt>
File: /Users/andrew/Library/CloudStorage/OneDrive-Personal/Documents/1_UoE/Research/PhD/Writing/Dissertation/Output_Files/Dissertation_files/figure-latex/DOSPERT-Preferences-GenderExperiment1-1.pdf Graphic file (type pdf)
<use /Users/andrew/Library/CloudStorage/OneDrive-Personal/Documents/1_UoE/Research/PhD/Writing/Dissertation/Output_Files/Dissertation_files/figure-latex/DOSPERT-Preferences-GenderExperiment1-1.pdf>
Package pdftex.def Info: /Users/andrew/Library/CloudStorage/OneDrive-Personal/Documents/1_UoE/Research/PhD/Writing/Dissertation/Output_Files/Dissertation_files/figure-latex/DOSPERT-Preferences-GenderExperiment1-1.pdf  used on input line 1234.
(pdftex.def)             Requested size: 433.62114pt x 309.72939pt.
</Users/andrew/Library/CloudStorage/OneDrive-Personal/Documents/1_UoE/Research/PhD/Writing/Dissertation/Output_Files/Dissertation_files/figure-latex/DoPLDomainsExperiment2-1.pdf, id=1280, 469.755pt x 325.215pt>
File: /Users/andrew/Library/CloudStorage/OneDrive-Personal/Documents/1_UoE/Research/PhD/Writing/Dissertation/Output_Files/Dissertation_files/figure-latex/DoPLDomainsExperiment2-1.pdf Graphic file (type pdf)
<use /Users/andrew/Library/CloudStorage/OneDrive-Personal/Documents/1_UoE/Research/PhD/Writing/Dissertation/Output_Files/Dissertation_files/figure-latex/DoPLDomainsExperiment2-1.pdf>
Package pdftex.def Info: /Users/andrew/Library/CloudStorage/OneDrive-Personal/Documents/1_UoE/Research/PhD/Writing/Dissertation/Output_Files/Dissertation_files/figure-latex/DoPLDomainsExperiment2-1.pdf  used on input line 1235.
(pdftex.def)             Requested size: 433.62059pt x 300.19887pt.

Overfull \hbox (36.13614pt too wide) in paragraph at lines 1234--1236
[][]
 []


Underfull \vbox (badness 10000) has occurred while \output is active []

[62 </Users/andrew/Library/CloudStorage/OneDrive-Personal/Documents/1_UoE/Research/PhD/Writing/Dissertation/Output_Files/Dissertation_files/figure-latex/LeadershipExperiment1-1.pdf>]
Overfull \hbox (23.33023pt too wide) in paragraph at lines 1239--1239
[]\T1/lmtt/m/n/12 ## Warning: Removed 752 rows containing non-finite values (stat_ydensity).[] 
 []


Underfull \vbox (badness 10000) has occurred while \output is active []

[63 </Users/andrew/Library/CloudStorage/OneDrive-Personal/Documents/1_UoE/Research/PhD/Writing/Dissertation/Output_Files/Dissertation_files/figure-latex/DOSPERT-Preferences-GenderExperiment1-1.pdf> </Users/andrew/Library/CloudStorage/OneDrive-Personal/Documents/1_UoE/Research/PhD/Writing/Dissertation/Output_Files/Dissertation_files/figure-latex/DoPLDomainsExperiment2-1.pdf>]
</Users/andrew/Library/CloudStorage/OneDrive-Personal/Documents/1_UoE/Research/PhD/Writing/Dissertation/Output_Files/Dissertation_files/figure-latex/DOSPERT-Preferences-GenderExperiment2-1.pdf, id=1305, 1011.78pt x 722.7pt>
File: /Users/andrew/Library/CloudStorage/OneDrive-Personal/Documents/1_UoE/Research/PhD/Writing/Dissertation/Output_Files/Dissertation_files/figure-latex/DOSPERT-Preferences-GenderExperiment2-1.pdf Graphic file (type pdf)
<use /Users/andrew/Library/CloudStorage/OneDrive-Personal/Documents/1_UoE/Research/PhD/Writing/Dissertation/Output_Files/Dissertation_files/figure-latex/DOSPERT-Preferences-GenderExperiment2-1.pdf>
Package pdftex.def Info: /Users/andrew/Library/CloudStorage/OneDrive-Personal/Documents/1_UoE/Research/PhD/Writing/Dissertation/Output_Files/Dissertation_files/figure-latex/DOSPERT-Preferences-GenderExperiment2-1.pdf  used on input line 1247.
(pdftex.def)             Requested size: 433.62114pt x 309.72939pt.
</Users/andrew/Library/CloudStorage/OneDrive-Personal/Documents/1_UoE/Research/PhD/Writing/Dissertation/Output_Files/Dissertation_files/figure-latex/Experiment-2-PNI-distribution-1.pdf, id=1306, 469.755pt x 325.215pt>
File: /Users/andrew/Library/CloudStorage/OneDrive-Personal/Documents/1_UoE/Research/PhD/Writing/Dissertation/Output_Files/Dissertation_files/figure-latex/Experiment-2-PNI-distribution-1.pdf Graphic file (type pdf)
<use /Users/andrew/Library/CloudStorage/OneDrive-Personal/Documents/1_UoE/Research/PhD/Writing/Dissertation/Output_Files/Dissertation_files/figure-latex/Experiment-2-PNI-distribution-1.pdf>
Package pdftex.def Info: /Users/andrew/Library/CloudStorage/OneDrive-Personal/Documents/1_UoE/Research/PhD/Writing/Dissertation/Output_Files/Dissertation_files/figure-latex/Experiment-2-PNI-distribution-1.pdf  used on input line 1256.
(pdftex.def)             Requested size: 433.62059pt x 300.19887pt.

Overfull \hbox (36.13559pt too wide) in paragraph at lines 1256--1257
[][] 
 []


Underfull \vbox (badness 3375) has occurred while \output is active []

[64 </Users/andrew/Library/CloudStorage/OneDrive-Personal/Documents/1_UoE/Research/PhD/Writing/Dissertation/Output_Files/Dissertation_files/figure-latex/DOSPERT-Preferences-GenderExperiment2-1.pdf>] [65 </Users/andrew/Library/CloudStorage/OneDrive-Personal/Documents/1_UoE/Research/PhD/Writing/Dissertation/Output_Files/Dissertation_files/figure-latex/Experiment-2-PNI-distribution-1.pdf>]
</Users/andrew/Library/CloudStorage/OneDrive-Personal/Documents/1_UoE/Research/PhD/Writing/Dissertation/Output_Files/Dissertation_files/figure-latex/correlationExperiment1-1.pdf, id=1332, 1011.78pt x 722.7pt>
File: /Users/andrew/Library/CloudStorage/OneDrive-Personal/Documents/1_UoE/Research/PhD/Writing/Dissertation/Output_Files/Dissertation_files/figure-latex/correlationExperiment1-1.pdf Graphic file (type pdf)
<use /Users/andrew/Library/CloudStorage/OneDrive-Personal/Documents/1_UoE/Research/PhD/Writing/Dissertation/Output_Files/Dissertation_files/figure-latex/correlationExperiment1-1.pdf>
Package pdftex.def Info: /Users/andrew/Library/CloudStorage/OneDrive-Personal/Documents/1_UoE/Research/PhD/Writing/Dissertation/Output_Files/Dissertation_files/figure-latex/correlationExperiment1-1.pdf  used on input line 1262.
(pdftex.def)             Requested size: 607.07268pt x 433.62334pt.

LaTeX Warning: Float too large for page by 57.05788pt on input line 1267.

</Users/andrew/Library/CloudStorage/OneDrive-Personal/Documents/1_UoE/Research/PhD/Writing/Dissertation/Output_Files/Dissertation_files/figure-latex/correlationExperiment2-1.pdf, id=1333, 1011.78pt x 722.7pt>
File: /Users/andrew/Library/CloudStorage/OneDrive-Personal/Documents/1_UoE/Research/PhD/Writing/Dissertation/Output_Files/Dissertation_files/figure-latex/correlationExperiment2-1.pdf Graphic file (type pdf)
<use /Users/andrew/Library/CloudStorage/OneDrive-Personal/Documents/1_UoE/Research/PhD/Writing/Dissertation/Output_Files/Dissertation_files/figure-latex/correlationExperiment2-1.pdf>
Package pdftex.def Info: /Users/andrew/Library/CloudStorage/OneDrive-Personal/Documents/1_UoE/Research/PhD/Writing/Dissertation/Output_Files/Dissertation_files/figure-latex/correlationExperiment2-1.pdf  used on input line 1271.
(pdftex.def)             Requested size: 607.07268pt x 433.62334pt.

LaTeX Warning: Float too large for page by 57.05788pt on input line 1276.

[66 </Users/andrew/Library/CloudStorage/OneDrive-Personal/Documents/1_UoE/Research/PhD/Writing/Dissertation/Output_Files/Dissertation_files/figure-latex/correlationExperiment1-1.pdf>] [67 </Users/andrew/Library/CloudStorage/OneDrive-Personal/Documents/1_UoE/Research/PhD/Writing/Dissertation/Output_Files/Dissertation_files/figure-latex/correlationExperiment2-1.pdf>]
</Users/andrew/Library/CloudStorage/OneDrive-Personal/Documents/1_UoE/Research/PhD/Writing/Dissertation/Output_Files/Dissertation_files/figure-latex/MediationFit1-1.pdf, id=1356, 469.755pt x 325.215pt>
File: /Users/andrew/Library/CloudStorage/OneDrive-Personal/Documents/1_UoE/Research/PhD/Writing/Dissertation/Output_Files/Dissertation_files/figure-latex/MediationFit1-1.pdf Graphic file (type pdf)
<use /Users/andrew/Library/CloudStorage/OneDrive-Personal/Documents/1_UoE/Research/PhD/Writing/Dissertation/Output_Files/Dissertation_files/figure-latex/MediationFit1-1.pdf>
Package pdftex.def Info: /Users/andrew/Library/CloudStorage/OneDrive-Personal/Documents/1_UoE/Research/PhD/Writing/Dissertation/Output_Files/Dissertation_files/figure-latex/MediationFit1-1.pdf  used on input line 1281.
(pdftex.def)             Requested size: 433.62059pt x 300.19887pt.
</Users/andrew/Library/CloudStorage/OneDrive-Personal/Documents/1_UoE/Research/PhD/Writing/Dissertation/Output_Files/Dissertation_files/figure-latex/MediationFit2-1.pdf, id=1357, 469.755pt x 325.215pt>
File: /Users/andrew/Library/CloudStorage/OneDrive-Personal/Documents/1_UoE/Research/PhD/Writing/Dissertation/Output_Files/Dissertation_files/figure-latex/MediationFit2-1.pdf Graphic file (type pdf)
<use /Users/andrew/Library/CloudStorage/OneDrive-Personal/Documents/1_UoE/Research/PhD/Writing/Dissertation/Output_Files/Dissertation_files/figure-latex/MediationFit2-1.pdf>
Package pdftex.def Info: /Users/andrew/Library/CloudStorage/OneDrive-Personal/Documents/1_UoE/Research/PhD/Writing/Dissertation/Output_Files/Dissertation_files/figure-latex/MediationFit2-1.pdf  used on input line 1289.
(pdftex.def)             Requested size: 433.62059pt x 300.19887pt.
</Users/andrew/Library/CloudStorage/OneDrive-Personal/Documents/1_UoE/Research/PhD/Writing/Dissertation/Output_Files/Dissertation_files/figure-latex/MediationFit3-1.pdf, id=1358, 469.755pt x 325.215pt>
File: /Users/andrew/Library/CloudStorage/OneDrive-Personal/Documents/1_UoE/Research/PhD/Writing/Dissertation/Output_Files/Dissertation_files/figure-latex/MediationFit3-1.pdf Graphic file (type pdf)
<use /Users/andrew/Library/CloudStorage/OneDrive-Personal/Documents/1_UoE/Research/PhD/Writing/Dissertation/Output_Files/Dissertation_files/figure-latex/MediationFit3-1.pdf>
Package pdftex.def Info: /Users/andrew/Library/CloudStorage/OneDrive-Personal/Documents/1_UoE/Research/PhD/Writing/Dissertation/Output_Files/Dissertation_files/figure-latex/MediationFit3-1.pdf  used on input line 1297.
(pdftex.def)             Requested size: 433.62059pt x 300.19887pt.
[68


 </Users/andrew/Library/CloudStorage/OneDrive-Personal/Documents/1_UoE/Research/PhD/Writing/Dissertation/Output_Files/Dissertation_files/figure-latex/MediationFit1-1.pdf>]
Overfull \hbox (27.14581pt too wide) in paragraph at lines 1341--1341
[] [] 
 []


Overfull \hbox (54.29163pt too wide) in alignment at lines 1340--1345
 [] [] [] [] 
 []


Overfull \hbox (27.14581pt too wide) in paragraph at lines 1346--1346
[] [] 
 []


Overfull \hbox (54.29163pt too wide) in alignment at lines 1345--1350
 [] [] [] [] 
 []


Overfull \hbox (54.29163pt too wide) in alignment at lines 1350--1363
 [] [] [] [] 
 []

[69 </Users/andrew/Library/CloudStorage/OneDrive-Personal/Documents/1_UoE/Research/PhD/Writing/Dissertation/Output_Files/Dissertation_files/figure-latex/MediationFit2-1.pdf>]
Overfull \hbox (15.71735pt too wide) in paragraph at lines 1411--1411
[] [] 
 []


Overfull \hbox (31.43468pt too wide) in alignment at lines 1410--1415
 [] [] [] [] 
 []


Overfull \hbox (15.71735pt too wide) in paragraph at lines 1416--1416
[] [] 
 []


Overfull \hbox (31.43468pt too wide) in alignment at lines 1415--1420
 [] [] [] [] 
 []


Overfull \hbox (31.43468pt too wide) in alignment at lines 1420--1431
 [] [] [] [] 
 []

[70] [71 </Users/andrew/Library/CloudStorage/OneDrive-Personal/Documents/1_UoE/Research/PhD/Writing/Dissertation/Output_Files/Dissertation_files/figure-latex/MediationFit3-1.pdf>]
Overfull \hbox (20.19246pt too wide) in paragraph at lines 1471--1471
[] [] 
 []


Overfull \hbox (40.3849pt too wide) in alignment at lines 1470--1475
 [] [] [] [] 
 []


Overfull \hbox (20.19246pt too wide) in paragraph at lines 1476--1476
[] [] 
 []


Overfull \hbox (40.3849pt too wide) in alignment at lines 1475--1480
 [] [] [] [] 
 []


Overfull \hbox (40.3849pt too wide) in alignment at lines 1480--1487
 [] [] [] [] 
 []


Overfull \hbox (20.19246pt too wide) in paragraph at lines 1500--1500
[] [] 
 []


Overfull \hbox (40.3849pt too wide) in alignment at lines 1499--1504
 [] [] [] [] 
 []


Overfull \hbox (20.19246pt too wide) in paragraph at lines 1505--1505
[] [] 
 []


Overfull \hbox (40.3849pt too wide) in alignment at lines 1504--1509
 [] [] [] [] 
 []


Overfull \hbox (40.3849pt too wide) in alignment at lines 1509--1518
 [] [] [] [] 
 []

[72]
Overfull \hbox (20.19246pt too wide) in paragraph at lines 1531--1531
[] [] 
 []


Overfull \hbox (40.3849pt too wide) in alignment at lines 1530--1535
 [] [] [] [] 
 []


Overfull \hbox (20.19246pt too wide) in paragraph at lines 1536--1536
[] [] 
 []


Overfull \hbox (40.3849pt too wide) in alignment at lines 1535--1540
 [] [] [] [] 
 []


Overfull \hbox (40.3849pt too wide) in alignment at lines 1540--1550
 [] [] [] [] 
 []

[73] [74]
Overfull \hbox (47.22264pt too wide) in paragraph at lines 1564--1564
[] [] 
 []


Overfull \hbox (94.44527pt too wide) in alignment at lines 1563--1568
 [] [] [] [] [] [] [] [] [] [] [] [] [] [] [] [] [] 
 []


Overfull \hbox (47.22264pt too wide) in paragraph at lines 1569--1569
[] [] 
 []


Overfull \hbox (94.44527pt too wide) in alignment at lines 1568--1573
 [] [] [] [] [] [] [] [] [] [] [] [] [] [] [] [] [] 
 []


Overfull \hbox (94.44527pt too wide) in alignment at lines 1573--1593
 [] [] [] [] [] [] [] [] [] [] [] [] [] [] [] [] [] 
 []

[75

]
Overfull \hbox (335.77103pt too wide) in paragraph at lines 1608--1608
[] [] 
 []


Overfull \hbox (671.54204pt too wide) in alignment at lines 1607--1612
 [] [] [] [] [] [] [] [] [] [] [] [] [] [] [] [] [] [] [] [] [] [] [] [] [] [] [] [] [] [] [] [] 
 []


Overfull \hbox (335.77103pt too wide) in paragraph at lines 1613--1613
[] [] 
 []


Overfull \hbox (671.54204pt too wide) in alignment at lines 1612--1617
 [] [] [] [] [] [] [] [] [] [] [] [] [] [] [] [] [] [] [] [] [] [] [] [] [] [] [] [] [] [] [] [] 
 []


Overfull \hbox (671.54204pt too wide) in alignment at lines 1617--1652
 [] [] [] [] [] [] [] [] [] [] [] [] [] [] [] [] [] [] [] [] [] [] [] [] [] [] [] [] [] [] [] [] 
 []

[76


] [77]
Overfull \hbox (45.08588pt too wide) in paragraph at lines 1667--1667
[] [] 
 []


Overfull \hbox (90.17174pt too wide) in alignment at lines 1666--1671
 [] [] [] [] [] [] [] [] [] [] [] [] [] [] [] [] [] [] 
 []


Overfull \hbox (45.08588pt too wide) in paragraph at lines 1672--1672
[] [] 
 []


Overfull \hbox (90.17174pt too wide) in alignment at lines 1671--1676
 [] [] [] [] [] [] [] [] [] [] [] [] [] [] [] [] [] [] 
 []


Overfull \hbox (90.17174pt too wide) in alignment at lines 1676--1697
 [] [] [] [] [] [] [] [] [] [] [] [] [] [] [] [] [] [] 
 []

[78


]
Overfull \hbox (18.5747pt too wide) in paragraph at lines 1712--1712
[] [] 
 []


Overfull \hbox (37.14941pt too wide) in alignment at lines 1711--1716
 [] [] [] [] [] [] [] [] [] [] [] [] [] [] 
 []


Overfull \hbox (18.5747pt too wide) in paragraph at lines 1717--1717
[] [] 
 []


Overfull \hbox (37.14941pt too wide) in alignment at lines 1716--1721
 [] [] [] [] [] [] [] [] [] [] [] [] [] [] 
 []


Overfull \hbox (37.14941pt too wide) in alignment at lines 1721--1738
 [] [] [] [] [] [] [] [] [] [] [] [] [] [] 
 []

[79


] (./Dissertation.aux)

LaTeX Warning: There were undefined references.

Package rerunfilecheck Info: File `Dissertation.out' has not changed.
(rerunfilecheck)             Checksum: DFB774271B97A102B05EB28392E5CA47;15599.
 ) 
Here is how much of TeX's memory you used:
 28172 strings out of 477031
 542361 string characters out of 5827370
 922616 words of memory out of 5000000
 48346 multiletter control sequences out of 15000+600000
 562542 words of font info for 106 fonts, out of 8000000 for 9000
 14 hyphenation exceptions out of 8191
 99i,11n,103p,1765b,709s stack positions out of 10000i,1000n,20000p,200000b,200000s
{/Users/andrew/Library/TinyTeX/texmf-dist/fonts/enc/dvips/lm/lm-ec.enc}{/Users/andrew/Library/TinyTeX/texmf-dist/fonts/enc/dvips/lm/lm-ts1.enc}{/Users/andrew/Library/TinyTeX/texmf-dist/fonts/enc/dvips/lm/lm-mathit.enc}</Users/andrew/Library/TinyTeX/texmf-dist/fonts/type1/public/lm/lmbx12.pfb></Users/andrew/Library/TinyTeX/texmf-dist/fonts/type1/public/lm/lmbxi10.pfb></Users/andrew/Library/TinyTeX/texmf-dist/fonts/type1/public/lm/lmmi12.pfb></Users/andrew/Library/TinyTeX/texmf-dist/fonts/type1/public/lm/lmr10.pfb></Users/andrew/Library/TinyTeX/texmf-dist/fonts/type1/public/lm/lmr12.pfb></Users/andrew/Library/TinyTeX/texmf-dist/fonts/type1/public/lm/lmr17.pfb></Users/andrew/Library/TinyTeX/texmf-dist/fonts/type1/public/lm/lmr6.pfb></Users/andrew/Library/TinyTeX/texmf-dist/fonts/type1/public/lm/lmr8.pfb></Users/andrew/Library/TinyTeX/texmf-dist/fonts/type1/public/lm/lmri12.pfb></Users/andrew/Library/TinyTeX/texmf-dist/fonts/type1/public/lm/lmri8.pfb></Users/andrew/Library/TinyTeX/texmf-dist/fonts/type1/public/lm/lmtt12.pfb>
Output written on Dissertation.pdf (81 pages, 772108 bytes).
PDF statistics:
 1586 PDF objects out of 1728 (max. 8388607)
 1430 compressed objects within 15 object streams
 389 named destinations out of 1000 (max. 500000)
 875 words of extra memory for PDF output out of 10000 (max. 10000000)

