\BOOKMARK [1][-]{section.1}{\376\377\000L\000i\000t\000e\000r\000a\000t\000u\000r\000e\000\040\000R\000e\000v\000i\000e\000w}{}% 1
\BOOKMARK [2][-]{subsection.1.1}{\376\377\000G\000e\000n\000e\000r\000a\000l\000\040\000I\000n\000t\000r\000o\000d\000u\000c\000t\000i\000o\000n}{section.1}% 2
\BOOKMARK [2][-]{subsection.1.2}{\376\377\000M\000o\000r\000a\000l\000\040\000D\000e\000c\000i\000s\000i\000o\000n\000\040\000P\000r\000o\000b\000l\000e\000m\000s}{section.1}% 3
\BOOKMARK [2][-]{subsection.1.3}{\376\377\000C\000u\000r\000r\000e\000n\000t\000\040\000M\000e\000t\000h\000o\000d\000s\000\040\000a\000n\000d\000\040\000P\000r\000o\000b\000l\000e\000m\000s\000\040\000i\000n\000\040\000R\000e\000s\000e\000a\000r\000c\000h}{section.1}% 4
\BOOKMARK [2][-]{subsection.1.4}{\376\377\000P\000o\000w\000e\000r}{section.1}% 5
\BOOKMARK [1][-]{section.2}{\376\377\000C\000h\000a\000p\000t\000e\000r\000\040\0001\000:}{}% 6
\BOOKMARK [2][-]{subsection.2.1}{\376\377\000I\000n\000t\000r\000o\000d\000u\000c\000t\000i\000o\000n}{section.2}% 7
\BOOKMARK [2][-]{subsection.2.2}{\376\377\000D\000o\000m\000i\000n\000a\000n\000c\000e\000,\000\040\000P\000r\000e\000s\000t\000i\000g\000e\000,\000\040\000a\000n\000d\000\040\000L\000e\000a\000d\000e\000r\000s\000h\000i\000p\000\040\000o\000r\000i\000e\000n\000t\000a\000t\000i\000o\000n}{section.2}% 8
\BOOKMARK [3][-]{subsubsection.2.2.1}{\376\377\000D\000o\000m\000i\000n\000a\000n\000c\000e}{subsection.2.2}% 9
\BOOKMARK [3][-]{subsubsection.2.2.2}{\376\377\000P\000r\000e\000s\000t\000i\000g\000e}{subsection.2.2}% 10
\BOOKMARK [3][-]{subsubsection.2.2.3}{\376\377\000L\000e\000a\000d\000e\000r\000s\000h\000i\000p}{subsection.2.2}% 11
\BOOKMARK [2][-]{subsection.2.3}{\376\377\000R\000i\000s\000k}{section.2}% 12
\BOOKMARK [2][-]{subsection.2.4}{\376\377\000E\000x\000p\000e\000r\000i\000m\000e\000n\000t\000\040\000O\000n\000e}{section.2}% 13
\BOOKMARK [2][-]{subsection.2.5}{\376\377\000M\000e\000t\000h\000o\000d}{section.2}% 14
\BOOKMARK [3][-]{subsubsection.2.5.1}{\376\377\000P\000a\000r\000t\000i\000c\000i\000p\000a\000n\000t\000s}{subsection.2.5}% 15
\BOOKMARK [3][-]{subsubsection.2.5.2}{\376\377\000D\000e\000m\000o\000g\000r\000a\000p\000h\000i\000c\000\040\000Q\000u\000e\000s\000t\000i\000o\000n\000n\000a\000i\000r\000e}{subsection.2.5}% 16
\BOOKMARK [3][-]{subsubsection.2.5.3}{\376\377\000D\000o\000m\000i\000n\000a\000n\000c\000e\000,\000\040\000P\000r\000e\000s\000t\000i\000g\000e\000,\000\040\000a\000n\000d\000\040\000L\000e\000a\000d\000e\000r\000s\000h\000i\000p\000\040\000O\000r\000i\000e\000n\000t\000a\000t\000i\000o\000n}{subsection.2.5}% 17
\BOOKMARK [3][-]{subsubsection.2.5.4}{\376\377\000S\000p\000i\000t\000e\000f\000u\000l\000n\000e\000s\000s\000\040\000S\000c\000a\000l\000e}{subsection.2.5}% 18
\BOOKMARK [3][-]{subsubsection.2.5.5}{\376\377\000S\000e\000x\000u\000a\000l\000i\000t\000y\000\040\000S\000e\000l\000f\000-\000E\000s\000t\000e\000e\000m\000\040\000S\000u\000b\000s\000c\000a\000l\000e}{subsection.2.5}% 19
\BOOKMARK [3][-]{subsubsection.2.5.6}{\376\377\000S\000e\000x\000u\000a\000l\000\040\000J\000e\000a\000l\000o\000u\000s\000y\000\040\000S\000u\000b\000s\000c\000a\000l\000e}{subsection.2.5}% 20
\BOOKMARK [3][-]{subsubsection.2.5.7}{\376\377\000S\000e\000x\000u\000a\000l\000\040\000R\000e\000l\000a\000t\000i\000o\000n\000s\000h\000i\000p\000\040\000P\000o\000w\000e\000r\000\040\000S\000c\000a\000l\000e}{subsection.2.5}% 21
\BOOKMARK [3][-]{subsubsection.2.5.8}{\376\377\000S\000c\000e\000n\000a\000r\000i\000o\000\040\000R\000e\000a\000l\000i\000s\000m\000\040\000Q\000u\000e\000s\000t\000i\000o\000n}{subsection.2.5}% 22
\BOOKMARK [3][-]{subsubsection.2.5.9}{\376\377\000S\000p\000i\000t\000e\000f\000u\000l\000\040\000V\000i\000g\000n\000e\000t\000t\000e\000s}{subsection.2.5}% 23
\BOOKMARK [2][-]{subsection.2.6}{\376\377\000P\000r\000o\000c\000e\000d\000u\000r\000e}{section.2}% 24
\BOOKMARK [2][-]{subsection.2.7}{\376\377\000D\000a\000t\000a\000\040\000A\000n\000a\000l\000y\000s\000i\000s}{section.2}% 25
\BOOKMARK [2][-]{subsection.2.8}{\376\377\000R\000e\000s\000u\000l\000t\000s\000\040\000a\000n\000d\000\040\000D\000i\000s\000c\000u\000s\000s\000i\000o\000n}{section.2}% 26
\BOOKMARK [3][-]{subsubsection.2.8.1}{\376\377\000S\000p\000i\000t\000e\000f\000u\000l\000n\000e\000s\000s}{subsection.2.8}% 27
\BOOKMARK [2][-]{subsection.2.9}{\376\377\000L\000i\000m\000i\000t\000a\000t\000i\000o\000n\000s\000\040\000a\000n\000d\000\040\000F\000u\000t\000u\000r\000e\000\040\000D\000i\000r\000e\000c\000t\000i\000o\000n\000s}{section.2}% 28
\BOOKMARK [2][-]{subsection.2.10}{\376\377\000E\000x\000p\000e\000r\000i\000m\000e\000n\000t\000\040\0002}{section.2}% 29
\BOOKMARK [2][-]{subsection.2.11}{\376\377\000M\000e\000t\000h\000o\000d\000s}{section.2}% 30
\BOOKMARK [2][-]{subsection.2.12}{\376\377\000M\000a\000t\000e\000r\000i\000a\000l\000s}{section.2}% 31
\BOOKMARK [3][-]{subsubsection.2.12.1}{\376\377\000B\000r\000i\000e\000f\000-\000P\000a\000t\000h\000o\000l\000o\000g\000i\000c\000a\000l\000\040\000N\000a\000r\000c\000i\000s\000s\000i\000s\000m\000\040\000I\000n\000v\000e\000n\000t\000o\000r\000y}{subsection.2.12}% 32
\BOOKMARK [2][-]{subsection.2.13}{\376\377\000P\000r\000o\000c\000e\000d\000u\000r\000e}{section.2}% 33
\BOOKMARK [2][-]{subsection.2.14}{\376\377\000D\000a\000t\000a\000\040\000a\000n\000a\000l\000y\000s\000i\000s}{section.2}% 34
\BOOKMARK [2][-]{subsection.2.15}{\376\377\000R\000e\000s\000u\000l\000t\000s}{section.2}% 35
\BOOKMARK [2][-]{subsection.2.16}{\376\377\000P\000r\000e\000r\000e\000g\000i\000s\000t\000e\000r\000e\000d\000\040\000A\000n\000a\000l\000y\000s\000e\000s}{section.2}% 36
\BOOKMARK [3][-]{subsubsection.2.16.1}{\376\377\000D\000e\000m\000o\000g\000r\000a\000p\000h\000i\000c\000\040\000a\000n\000d\000\040\000D\000o\000P\000L}{subsection.2.16}% 37
\BOOKMARK [2][-]{subsection.2.17}{\376\377\000D\000o\000m\000a\000i\000n\000-\000S\000p\000e\000c\000i\000f\000i\000c\000\040\000R\000i\000s\000k\000-\000T\000a\000k\000i\000n\000g}{section.2}% 38
\BOOKMARK [2][-]{subsection.2.18}{\376\377\000I\000n\000t\000e\000r\000a\000c\000t\000i\000o\000n\000s}{section.2}% 39
\BOOKMARK [2][-]{subsection.2.19}{\376\377\000D\000i\000s\000c\000u\000s\000s\000i\000o\000n}{section.2}% 40
\BOOKMARK [2][-]{subsection.2.20}{\376\377\000L\000i\000m\000i\000t\000a\000t\000i\000o\000n\000s}{section.2}% 41
\BOOKMARK [2][-]{subsection.2.21}{\376\377\000F\000u\000t\000u\000r\000e\000\040\000I\000m\000p\000l\000i\000c\000a\000t\000i\000o\000n\000s}{section.2}% 42
\BOOKMARK [2][-]{subsection.2.22}{\376\377\000T\000h\000e\000\040\000p\000r\000e\000s\000e\000n\000t\000\040\000s\000t\000u\000d\000y}{section.2}% 43
\BOOKMARK [2][-]{subsection.2.23}{\376\377\000E\000x\000p\000e\000r\000i\000m\000e\000n\000t\000\040\0001}{section.2}% 44
\BOOKMARK [2][-]{subsection.2.24}{\376\377\000M\000e\000t\000h\000o\000d\000s}{section.2}% 45
\BOOKMARK [2][-]{subsection.2.25}{\376\377\000M\000a\000t\000e\000r\000i\000a\000l\000s}{section.2}% 46
\BOOKMARK [3][-]{subsubsection.2.25.1}{\376\377\000D\000e\000m\000o\000g\000r\000a\000p\000h\000i\000c\000\040\000Q\000u\000e\000s\000t\000i\000o\000n\000n\000a\000i\000r\000e}{subsection.2.25}% 47
\BOOKMARK [3][-]{subsubsection.2.25.2}{\376\377\000D\000o\000m\000i\000n\000a\000n\000c\000e\000,\000\040\000P\000r\000e\000s\000t\000i\000g\000e\000,\000\040\000a\000n\000d\000\040\000L\000e\000a\000d\000e\000r\000s\000h\000i\000p\000\040\000O\000r\000i\000e\000n\000t\000a\000t\000i\000o\000n}{subsection.2.25}% 48
\BOOKMARK [3][-]{subsubsection.2.25.3}{\376\377\000D\000o\000m\000a\000i\000n\000\040\000S\000p\000e\000c\000i\000f\000i\000c\000\040\000R\000i\000s\000k\000-\000t\000a\000k\000i\000n\000g\000\040\000S\000c\000a\000l\000e}{subsection.2.25}% 49
\BOOKMARK [2][-]{subsection.2.26}{\376\377\000P\000r\000o\000c\000e\000d\000u\000r\000e}{section.2}% 50
\BOOKMARK [2][-]{subsection.2.27}{\376\377\000D\000a\000t\000a\000\040\000a\000n\000a\000l\000y\000s\000i\000s}{section.2}% 51
\BOOKMARK [2][-]{subsection.2.28}{\376\377\000R\000e\000s\000u\000l\000t\000s}{section.2}% 52
\BOOKMARK [3][-]{subsubsection.2.28.1}{\376\377\000P\000r\000e\000r\000e\000g\000i\000s\000t\000e\000r\000e\000d\000\040\000A\000n\000a\000l\000y\000s\000e\000s}{subsection.2.28}% 53
\BOOKMARK [4][-]{paragraph.2.28.1.1}{\376\377\000D\000e\000m\000o\000g\000r\000a\000p\000h\000i\000c\000\040\000a\000n\000d\000\040\000D\000o\000P\000L}{subsubsection.2.28.1}% 54
\BOOKMARK [4][-]{paragraph.2.28.1.2}{\376\377\000G\000e\000n\000e\000r\000a\000l\000\040\000R\000i\000s\000k\000\040\000a\000n\000d\000\040\000D\000o\000P\000L}{subsubsection.2.28.1}% 55
\BOOKMARK [3][-]{subsubsection.2.28.2}{\376\377\000D\000o\000m\000a\000i\000n\000-\000S\000p\000e\000c\000i\000f\000i\000c\000\040\000R\000i\000s\000k\000-\000T\000a\000k\000i\000n\000g}{subsection.2.28}% 56
\BOOKMARK [3][-]{subsubsection.2.28.3}{\376\377\000I\000n\000t\000e\000r\000a\000c\000t\000i\000o\000n\000s}{subsection.2.28}% 57
\BOOKMARK [3][-]{subsubsection.2.28.4}{\376\377\000D\000O\000S\000P\000E\000R\000T\000\040\000S\000u\000b\000-\000c\000a\000t\000e\000g\000o\000r\000i\000z\000a\000t\000i\000o\000n\000s}{subsection.2.28}% 58
\BOOKMARK [3][-]{subsubsection.2.28.5}{\376\377\000D\000i\000s\000c\000u\000s\000s\000i\000o\000n\000\040\000a\000n\000d\000\040\000l\000i\000m\000i\000t\000a\000t\000i\000o\000n\000s}{subsection.2.28}% 59
\BOOKMARK [1][-]{section.3}{\376\377\000E\000x\000p\000e\000r\000i\000m\000e\000n\000t\000\040\0002}{}% 60
\BOOKMARK [2][-]{subsection.3.1}{\376\377\000T\000h\000e\000\040\000p\000r\000e\000s\000e\000n\000t\000\040\000e\000x\000p\000e\000r\000i\000m\000e\000n\000t}{section.3}% 61
\BOOKMARK [2][-]{subsection.3.2}{\376\377\000M\000e\000t\000h\000o\000d\000s}{section.3}% 62
\BOOKMARK [2][-]{subsection.3.3}{\376\377\000P\000a\000r\000t\000i\000c\000i\000p\000a\000n\000t\000s}{section.3}% 63
\BOOKMARK [2][-]{subsection.3.4}{\376\377\000M\000a\000t\000e\000r\000i\000a\000l\000s}{section.3}% 64
\BOOKMARK [3][-]{subsubsection.3.4.1}{\376\377\000B\000r\000i\000e\000f\000-\000P\000a\000t\000h\000o\000l\000o\000g\000i\000c\000a\000l\000\040\000N\000a\000r\000c\000i\000s\000s\000i\000s\000m\000\040\000I\000n\000v\000e\000n\000t\000o\000r\000y}{subsection.3.4}% 65
\BOOKMARK [2][-]{subsection.3.5}{\376\377\000P\000r\000o\000c\000e\000d\000u\000r\000e}{section.3}% 66
\BOOKMARK [2][-]{subsection.3.6}{\376\377\000D\000a\000t\000a\000\040\000a\000n\000a\000l\000y\000s\000i\000s}{section.3}% 67
\BOOKMARK [2][-]{subsection.3.7}{\376\377\000R\000e\000s\000u\000l\000t\000s\000\040\000a\000n\000d\000\040\000D\000i\000s\000c\000u\000s\000s\000i\000o\000n}{section.3}% 68
\BOOKMARK [3][-]{subsubsection.3.7.1}{\376\377\000P\000r\000e\000r\000e\000g\000i\000s\000t\000e\000r\000e\000d\000\040\000A\000n\000a\000l\000y\000s\000e\000s}{subsection.3.7}% 69
\BOOKMARK [4][-]{paragraph.3.7.1.1}{\376\377\000D\000o\000m\000i\000n\000a\000n\000c\000e}{subsubsection.3.7.1}% 70
\BOOKMARK [4][-]{paragraph.3.7.1.2}{\376\377\000P\000r\000e\000s\000t\000i\000g\000e}{subsubsection.3.7.1}% 71
\BOOKMARK [4][-]{paragraph.3.7.1.3}{\376\377\000L\000e\000a\000d\000e\000r\000s\000h\000i\000p}{subsubsection.3.7.1}% 72
\BOOKMARK [3][-]{subsubsection.3.7.2}{\376\377\000B\000r\000i\000e\000f\000-\000P\000a\000t\000h\000o\000l\000o\000g\000i\000c\000a\000l\000\040\000N\000a\000r\000c\000i\000s\000s\000i\000s\000m\000\040\000I\000n\000v\000e\000n\000t\000o\000r\000y}{subsection.3.7}% 73
\BOOKMARK [3][-]{subsubsection.3.7.3}{\376\377\000R\000i\000s\000k\000\040\000a\000n\000d\000\040\000i\000n\000t\000e\000r\000a\000c\000t\000i\000o\000n\000s}{subsection.3.7}% 74
\BOOKMARK [3][-]{subsubsection.3.7.4}{\376\377\000D\000o\000m\000a\000i\000n\000-\000S\000p\000e\000c\000i\000f\000i\000c\000\040\000R\000i\000s\000k\000-\000T\000a\000k\000i\000n\000g}{subsection.3.7}% 75
\BOOKMARK [3][-]{subsubsection.3.7.5}{\376\377\000I\000n\000t\000e\000r\000a\000c\000t\000i\000o\000n\000s}{subsection.3.7}% 76
\BOOKMARK [1][-]{section.4}{\376\377\000G\000e\000n\000e\000r\000a\000l\000\040\000D\000i\000s\000c\000u\000s\000s\000i\000o\000n\000\040\000a\000n\000d\000\040\000I\000m\000p\000l\000i\000c\000a\000t\000i\000o\000n\000s}{}% 77
\BOOKMARK [1][-]{section.5}{\376\377\000C\000h\000a\000p\000t\000e\000r\000\040\0003\000:}{}% 78
\BOOKMARK [2][-]{subsection.5.1}{\376\377\000E\000x\000p\000e\000r\000i\000m\000e\000n\000t\000\040\0001\000:}{section.5}% 79
\BOOKMARK [2][-]{subsection.5.2}{\376\377\000E\000x\000p\000e\000r\000i\000m\000e\000n\000t\000\040\0001\000\040\000R\000e\000v\000i\000e\000w}{section.5}% 80
\BOOKMARK [2][-]{subsection.5.3}{\376\377\000N\000a\000r\000c\000i\000s\000s\000i\000s\000m}{section.5}% 81
\BOOKMARK [2][-]{subsection.5.4}{\376\377\000T\000h\000e\000\040\000p\000r\000e\000s\000e\000n\000t\000\040\000E\000x\000p\000e\000r\000i\000m\000e\000n\000t\000s}{section.5}% 82
\BOOKMARK [2][-]{subsection.5.5}{\376\377\000M\000e\000t\000h\000o\000d\000s}{section.5}% 83
\BOOKMARK [2][-]{subsection.5.6}{\376\377\000M\000a\000t\000e\000r\000i\000a\000l\000s}{section.5}% 84
\BOOKMARK [3][-]{subsubsection.5.6.1}{\376\377\000D\000e\000m\000o\000g\000r\000a\000p\000h\000i\000c\000\040\000Q\000u\000e\000s\000t\000i\000o\000n\000n\000a\000i\000r\000e}{subsection.5.6}% 85
\BOOKMARK [3][-]{subsubsection.5.6.2}{\376\377\000S\000e\000x\000u\000a\000l\000\040\000R\000i\000s\000k\000-\000t\000a\000k\000i\000n\000g\000\040\000B\000e\000h\000a\000v\000i\000o\000r\000\040\000S\000c\000a\000l\000e}{subsection.5.6}% 86
\BOOKMARK [3][-]{subsubsection.5.6.3}{\376\377\000S\000o\000c\000i\000o\000s\000e\000x\000u\000a\000l\000\040\000O\000r\000i\000e\000n\000t\000a\000t\000i\000o\000n\000\040\000I\000n\000v\000e\000n\000t\000o\000r\000y}{subsection.5.6}% 87
\BOOKMARK [3][-]{subsubsection.5.6.4}{\376\377\000D\000o\000m\000i\000n\000a\000n\000c\000e\000,\000\040\000P\000r\000e\000s\000t\000i\000g\000e\000,\000\040\000a\000n\000d\000\040\000L\000e\000a\000d\000e\000r\000s\000h\000i\000p}{subsection.5.6}% 88
\BOOKMARK [3][-]{subsubsection.5.6.5}{\376\377\000P\000a\000t\000h\000o\000l\000o\000g\000i\000c\000a\000l\000\040\000N\000a\000r\000c\000i\000s\000s\000i\000s\000m}{subsection.5.6}% 89
\BOOKMARK [2][-]{subsection.5.7}{\376\377\000P\000r\000o\000c\000e\000d\000u\000r\000e}{section.5}% 90
\BOOKMARK [2][-]{subsection.5.8}{\376\377\000D\000a\000t\000a\000\040\000a\000n\000a\000l\000y\000s\000i\000s}{section.5}% 91
\BOOKMARK [2][-]{subsection.5.9}{\376\377\000R\000e\000s\000u\000l\000t\000s}{section.5}% 92
\BOOKMARK [3][-]{subsubsection.5.9.1}{\376\377\000P\000r\000e\000r\000e\000g\000i\000s\000t\000e\000r\000e\000d\000\040\000A\000n\000a\000l\000y\000s\000e\000s}{subsection.5.9}% 93
\BOOKMARK [3][-]{subsubsection.5.9.2}{\376\377\000D\000e\000m\000o\000g\000r\000a\000p\000h\000i\000c\000\040\000a\000n\000d\000\040\000D\000o\000P\000L}{subsection.5.9}% 94
\BOOKMARK [2][-]{subsection.5.10}{\376\377\000D\000o\000m\000a\000i\000n\000-\000S\000p\000e\000c\000i\000f\000i\000c\000\040\000R\000i\000s\000k\000-\000T\000a\000k\000i\000n\000g}{section.5}% 95
\BOOKMARK [2][-]{subsection.5.11}{\376\377\000I\000n\000t\000e\000r\000a\000c\000t\000i\000o\000n\000s}{section.5}% 96
\BOOKMARK [2][-]{subsection.5.12}{\376\377\000D\000i\000s\000c\000u\000s\000s\000i\000o\000n}{section.5}% 97
\BOOKMARK [1][-]{section.6}{\376\377\000R\000e\000f\000e\000r\000e\000n\000c\000e\000s}{}% 98
\BOOKMARK [1][-]{section.7}{\376\377\000F\000i\000g\000u\000r\000e\000s\000\040\000a\000n\000d\000\040\000T\000a\000b\000l\000e\000s}{}% 99
\BOOKMARK [2][-]{subsection.7.1}{\376\377\000F\000i\000g\000u\000r\000e\000s}{section.7}% 100
\BOOKMARK [2][-]{subsection.7.2}{\376\377\000T\000a\000b\000l\000e\000s}{section.7}% 101
