This is pdfTeX, Version 3.141592653-2.6-1.40.24 (TeX Live 2022) (preloaded format=pdflatex 2022.9.5)  8 SEP 2022 15:13
entering extended mode
 restricted \write18 enabled.
 file:line:error style messages enabled.
 %&-line parsing enabled.
**/Users/andrew/Library/CloudStorage/OneDrive-Personal/Documents/1_UoE/Research/PhD/Dissertation/Output_Files/Dissertation.tex
(/Users/andrew/Library/CloudStorage/OneDrive-Personal/Documents/1_UoE/Research/PhD/Dissertation/Output_Files/Dissertation.tex
LaTeX2e <2022-06-01> patch level 5
L3 programming layer <2022-08-30> (/Users/andrew/Library/TinyTeX/texmf-dist/tex/latex/apa7/apa7.cls
Document Class: apa7 2022/07/25 v2.16 APA formatting (7th edition)
(/Users/andrew/Library/TinyTeX/texmf-dist/tex/latex/base/article.cls
Document Class: article 2021/10/04 v1.4n Standard LaTeX document class
(/Users/andrew/Library/TinyTeX/texmf-dist/tex/latex/base/size12.clo
File: size12.clo 2021/10/04 v1.4n Standard LaTeX file (size option)
)
\c@part=\count185
\c@section=\count186
\c@subsection=\count187
\c@subsubsection=\count188
\c@paragraph=\count189
\c@subparagraph=\count190
\c@figure=\count191
\c@table=\count192
\abovecaptionskip=\skip47
\belowcaptionskip=\skip48
\bibindent=\dimen138
) (/Users/andrew/Library/TinyTeX/texmf-dist/tex/latex/etoolbox/etoolbox.sty
Package: etoolbox 2020/10/05 v2.5k e-TeX tools for LaTeX (JAW)
\etb@tempcnta=\count193
)
Class apa7 Info: No bibliography package was specified; defaulting to (but not loading) Biblatex on input line 218.
 (/Users/andrew/Library/TinyTeX/texmf-dist/tex/latex/lm/lmodern.sty
Package: lmodern 2015/05/01 v1.6.1 Latin Modern Fonts
LaTeX Font Info:    Overwriting symbol font `operators' in version `normal'
(Font)                  OT1/cmr/m/n --> OT1/lmr/m/n on input line 22.
LaTeX Font Info:    Overwriting symbol font `letters' in version `normal'
(Font)                  OML/cmm/m/it --> OML/lmm/m/it on input line 23.
LaTeX Font Info:    Overwriting symbol font `symbols' in version `normal'
(Font)                  OMS/cmsy/m/n --> OMS/lmsy/m/n on input line 24.
LaTeX Font Info:    Overwriting symbol font `largesymbols' in version `normal'
(Font)                  OMX/cmex/m/n --> OMX/lmex/m/n on input line 25.
LaTeX Font Info:    Overwriting symbol font `operators' in version `bold'
(Font)                  OT1/cmr/bx/n --> OT1/lmr/bx/n on input line 26.
LaTeX Font Info:    Overwriting symbol font `letters' in version `bold'
(Font)                  OML/cmm/b/it --> OML/lmm/b/it on input line 27.
LaTeX Font Info:    Overwriting symbol font `symbols' in version `bold'
(Font)                  OMS/cmsy/b/n --> OMS/lmsy/b/n on input line 28.
LaTeX Font Info:    Overwriting symbol font `largesymbols' in version `bold'
(Font)                  OMX/cmex/m/n --> OMX/lmex/m/n on input line 29.
LaTeX Font Info:    Overwriting math alphabet `\mathbf' in version `normal'
(Font)                  OT1/cmr/bx/n --> OT1/lmr/bx/n on input line 31.
LaTeX Font Info:    Overwriting math alphabet `\mathsf' in version `normal'
(Font)                  OT1/cmss/m/n --> OT1/lmss/m/n on input line 32.
LaTeX Font Info:    Overwriting math alphabet `\mathit' in version `normal'
(Font)                  OT1/cmr/m/it --> OT1/lmr/m/it on input line 33.
LaTeX Font Info:    Overwriting math alphabet `\mathtt' in version `normal'
(Font)                  OT1/cmtt/m/n --> OT1/lmtt/m/n on input line 34.
LaTeX Font Info:    Overwriting math alphabet `\mathbf' in version `bold'
(Font)                  OT1/cmr/bx/n --> OT1/lmr/bx/n on input line 35.
LaTeX Font Info:    Overwriting math alphabet `\mathsf' in version `bold'
(Font)                  OT1/cmss/bx/n --> OT1/lmss/bx/n on input line 36.
LaTeX Font Info:    Overwriting math alphabet `\mathit' in version `bold'
(Font)                  OT1/cmr/bx/it --> OT1/lmr/bx/it on input line 37.
LaTeX Font Info:    Overwriting math alphabet `\mathtt' in version `bold'
(Font)                  OT1/cmtt/m/n --> OT1/lmtt/m/n on input line 38.
) (/Users/andrew/Library/TinyTeX/texmf-dist/tex/latex/base/fontenc.sty
Package: fontenc 2021/04/29 v2.0v Standard LaTeX package
LaTeX Font Info:    Trying to load font information for T1+lmr on input line 112.
 (/Users/andrew/Library/TinyTeX/texmf-dist/tex/latex/lm/t1lmr.fd
File: t1lmr.fd 2015/05/01 v1.6.1 Font defs for Latin Modern
)) (/Users/andrew/Library/TinyTeX/texmf-dist/tex/latex/geometry/geometry.sty
Package: geometry 2020/01/02 v5.9 Page Geometry
 (/Users/andrew/Library/TinyTeX/texmf-dist/tex/latex/graphics/keyval.sty
Package: keyval 2022/05/29 v1.15 key=value parser (DPC)
\KV@toks@=\toks16
) (/Users/andrew/Library/TinyTeX/texmf-dist/tex/generic/iftex/ifvtex.sty
Package: ifvtex 2019/10/25 v1.7 ifvtex legacy package. Use iftex instead.
 (/Users/andrew/Library/TinyTeX/texmf-dist/tex/generic/iftex/iftex.sty
Package: iftex 2022/02/03 v1.0f TeX engine tests
))
\Gm@cnth=\count194
\Gm@cntv=\count195
\c@Gm@tempcnt=\count196
\Gm@bindingoffset=\dimen139
\Gm@wd@mp=\dimen140
\Gm@odd@mp=\dimen141
\Gm@even@mp=\dimen142
\Gm@layoutwidth=\dimen143
\Gm@layoutheight=\dimen144
\Gm@layouthoffset=\dimen145
\Gm@layoutvoffset=\dimen146
\Gm@dimlist=\toks17
) (/Users/andrew/Library/TinyTeX/texmf-dist/tex/latex/graphics/graphicx.sty
Package: graphicx 2021/09/16 v1.2d Enhanced LaTeX Graphics (DPC,SPQR)
 (/Users/andrew/Library/TinyTeX/texmf-dist/tex/latex/graphics/graphics.sty
Package: graphics 2022/03/10 v1.4e Standard LaTeX Graphics (DPC,SPQR)
 (/Users/andrew/Library/TinyTeX/texmf-dist/tex/latex/graphics/trig.sty
Package: trig 2021/08/11 v1.11 sin cos tan (DPC)
) (/Users/andrew/Library/TinyTeX/texmf-dist/tex/latex/graphics-cfg/graphics.cfg
File: graphics.cfg 2016/06/04 v1.11 sample graphics configuration
)
Package graphics Info: Driver file: pdftex.def on input line 107.
 (/Users/andrew/Library/TinyTeX/texmf-dist/tex/latex/graphics-def/pdftex.def
File: pdftex.def 2020/10/05 v1.2a Graphics/color driver for pdftex
))
\Gin@req@height=\dimen147
\Gin@req@width=\dimen148
) (/Users/andrew/Library/TinyTeX/texmf-dist/tex/latex/scalerel/scalerel.sty
Package: scalerel 2016/12/29 v1.8 Routines for constrained scaling and stretching of objects, relative to a reference object or in absolute terms
 (/Users/andrew/Library/TinyTeX/texmf-dist/tex/latex/tools/calc.sty
Package: calc 2017/05/25 v4.3 Infix arithmetic (KKT,FJ)
\calc@Acount=\count197
\calc@Bcount=\count198
\calc@Adimen=\dimen149
\calc@Bdimen=\dimen150
\calc@Askip=\skip49
\calc@Bskip=\skip50
LaTeX Info: Redefining \setlength on input line 80.
LaTeX Info: Redefining \addtolength on input line 81.
\calc@Ccount=\count199
\calc@Cskip=\skip51
)
\thesrwidth=\skip52
\thesrheight=\skip53
\srblobheight=\skip54
\srblobdepth=\skip55
\mnxsrwidth=\skip56
\LMex=\skip57
\LMpt=\skip58
) (/Users/andrew/Library/TinyTeX/texmf-dist/tex/latex/pgf/frontendlayer/tikz.sty (/Users/andrew/Library/TinyTeX/texmf-dist/tex/latex/pgf/basiclayer/pgf.sty (/Users/andrew/Library/TinyTeX/texmf-dist/tex/latex/pgf/utilities/pgfrcs.sty (/Users/andrew/Library/TinyTeX/texmf-dist/tex/generic/pgf/utilities/pgfutil-common.tex
\pgfutil@everybye=\toks18
\pgfutil@tempdima=\dimen151
\pgfutil@tempdimb=\dimen152
 (/Users/andrew/Library/TinyTeX/texmf-dist/tex/generic/pgf/utilities/pgfutil-common-lists.tex)) (/Users/andrew/Library/TinyTeX/texmf-dist/tex/generic/pgf/utilities/pgfutil-latex.def
\pgfutil@abb=\box51
) (/Users/andrew/Library/TinyTeX/texmf-dist/tex/generic/pgf/utilities/pgfrcs.code.tex (/Users/andrew/Library/TinyTeX/texmf-dist/tex/generic/pgf/pgf.revision.tex)
Package: pgfrcs 2021/05/15 v3.1.9a (3.1.9a)
))
Package: pgf 2021/05/15 v3.1.9a (3.1.9a)
 (/Users/andrew/Library/TinyTeX/texmf-dist/tex/latex/pgf/basiclayer/pgfcore.sty (/Users/andrew/Library/TinyTeX/texmf-dist/tex/latex/pgf/systemlayer/pgfsys.sty (/Users/andrew/Library/TinyTeX/texmf-dist/tex/generic/pgf/systemlayer/pgfsys.code.tex
Package: pgfsys 2021/05/15 v3.1.9a (3.1.9a)
 (/Users/andrew/Library/TinyTeX/texmf-dist/tex/generic/pgf/utilities/pgfkeys.code.tex
\pgfkeys@pathtoks=\toks19
\pgfkeys@temptoks=\toks20
 (/Users/andrew/Library/TinyTeX/texmf-dist/tex/generic/pgf/utilities/pgfkeysfiltered.code.tex
\pgfkeys@tmptoks=\toks21
))
\pgf@x=\dimen153
\pgf@y=\dimen154
\pgf@xa=\dimen155
\pgf@ya=\dimen156
\pgf@xb=\dimen157
\pgf@yb=\dimen158
\pgf@xc=\dimen159
\pgf@yc=\dimen160
\pgf@xd=\dimen161
\pgf@yd=\dimen162
\w@pgf@writea=\write3
\r@pgf@reada=\read2
\c@pgf@counta=\count266
\c@pgf@countb=\count267
\c@pgf@countc=\count268
\c@pgf@countd=\count269
\t@pgf@toka=\toks22
\t@pgf@tokb=\toks23
\t@pgf@tokc=\toks24
\pgf@sys@id@count=\count270
 (/Users/andrew/Library/TinyTeX/texmf-dist/tex/generic/pgf/systemlayer/pgf.cfg
File: pgf.cfg 2021/05/15 v3.1.9a (3.1.9a)
)
Driver file for pgf: pgfsys-pdftex.def
 (/Users/andrew/Library/TinyTeX/texmf-dist/tex/generic/pgf/systemlayer/pgfsys-pdftex.def
File: pgfsys-pdftex.def 2021/05/15 v3.1.9a (3.1.9a)
 (/Users/andrew/Library/TinyTeX/texmf-dist/tex/generic/pgf/systemlayer/pgfsys-common-pdf.def
File: pgfsys-common-pdf.def 2021/05/15 v3.1.9a (3.1.9a)
))) (/Users/andrew/Library/TinyTeX/texmf-dist/tex/generic/pgf/systemlayer/pgfsyssoftpath.code.tex
File: pgfsyssoftpath.code.tex 2021/05/15 v3.1.9a (3.1.9a)
\pgfsyssoftpath@smallbuffer@items=\count271
\pgfsyssoftpath@bigbuffer@items=\count272
) (/Users/andrew/Library/TinyTeX/texmf-dist/tex/generic/pgf/systemlayer/pgfsysprotocol.code.tex
File: pgfsysprotocol.code.tex 2021/05/15 v3.1.9a (3.1.9a)
)) (/Users/andrew/Library/TinyTeX/texmf-dist/tex/latex/xcolor/xcolor.sty
Package: xcolor 2022/06/12 v2.14 LaTeX color extensions (UK)
 (/Users/andrew/Library/TinyTeX/texmf-dist/tex/latex/graphics-cfg/color.cfg
File: color.cfg 2016/01/02 v1.6 sample color configuration
)
Package xcolor Info: Driver file: pdftex.def on input line 227.
 (/Users/andrew/Library/TinyTeX/texmf-dist/tex/latex/graphics/mathcolor.ltx)
Package xcolor Info: Model `cmy' substituted by `cmy0' on input line 1353.
Package xcolor Info: Model `hsb' substituted by `rgb' on input line 1357.
Package xcolor Info: Model `RGB' extended on input line 1369.
Package xcolor Info: Model `HTML' substituted by `rgb' on input line 1371.
Package xcolor Info: Model `Hsb' substituted by `hsb' on input line 1372.
Package xcolor Info: Model `tHsb' substituted by `hsb' on input line 1373.
Package xcolor Info: Model `HSB' substituted by `hsb' on input line 1374.
Package xcolor Info: Model `Gray' substituted by `gray' on input line 1375.
Package xcolor Info: Model `wave' substituted by `hsb' on input line 1376.
) (/Users/andrew/Library/TinyTeX/texmf-dist/tex/generic/pgf/basiclayer/pgfcore.code.tex
Package: pgfcore 2021/05/15 v3.1.9a (3.1.9a)
 (/Users/andrew/Library/TinyTeX/texmf-dist/tex/generic/pgf/math/pgfmath.code.tex (/Users/andrew/Library/TinyTeX/texmf-dist/tex/generic/pgf/math/pgfmathcalc.code.tex (/Users/andrew/Library/TinyTeX/texmf-dist/tex/generic/pgf/math/pgfmathutil.code.tex) (/Users/andrew/Library/TinyTeX/texmf-dist/tex/generic/pgf/math/pgfmathparser.code.tex
\pgfmath@dimen=\dimen163
\pgfmath@count=\count273
\pgfmath@box=\box52
\pgfmath@toks=\toks25
\pgfmath@stack@operand=\toks26
\pgfmath@stack@operation=\toks27
) (/Users/andrew/Library/TinyTeX/texmf-dist/tex/generic/pgf/math/pgfmathfunctions.code.tex (/Users/andrew/Library/TinyTeX/texmf-dist/tex/generic/pgf/math/pgfmathfunctions.basic.code.tex) (/Users/andrew/Library/TinyTeX/texmf-dist/tex/generic/pgf/math/pgfmathfunctions.trigonometric.code.tex) (/Users/andrew/Library/TinyTeX/texmf-dist/tex/generic/pgf/math/pgfmathfunctions.random.code.tex) (/Users/andrew/Library/TinyTeX/texmf-dist/tex/generic/pgf/math/pgfmathfunctions.comparison.code.tex) (/Users/andrew/Library/TinyTeX/texmf-dist/tex/generic/pgf/math/pgfmathfunctions.base.code.tex) (/Users/andrew/Library/TinyTeX/texmf-dist/tex/generic/pgf/math/pgfmathfunctions.round.code.tex) (/Users/andrew/Library/TinyTeX/texmf-dist/tex/generic/pgf/math/pgfmathfunctions.misc.code.tex) (/Users/andrew/Library/TinyTeX/texmf-dist/tex/generic/pgf/math/pgfmathfunctions.integerarithmetics.code.tex))) (/Users/andrew/Library/TinyTeX/texmf-dist/tex/generic/pgf/math/pgfmathfloat.code.tex
\c@pgfmathroundto@lastzeros=\count274
)) (/Users/andrew/Library/TinyTeX/texmf-dist/tex/generic/pgf/math/pgfint.code.tex) (/Users/andrew/Library/TinyTeX/texmf-dist/tex/generic/pgf/basiclayer/pgfcorepoints.code.tex
File: pgfcorepoints.code.tex 2021/05/15 v3.1.9a (3.1.9a)
\pgf@picminx=\dimen164
\pgf@picmaxx=\dimen165
\pgf@picminy=\dimen166
\pgf@picmaxy=\dimen167
\pgf@pathminx=\dimen168
\pgf@pathmaxx=\dimen169
\pgf@pathminy=\dimen170
\pgf@pathmaxy=\dimen171
\pgf@xx=\dimen172
\pgf@xy=\dimen173
\pgf@yx=\dimen174
\pgf@yy=\dimen175
\pgf@zx=\dimen176
\pgf@zy=\dimen177
) (/Users/andrew/Library/TinyTeX/texmf-dist/tex/generic/pgf/basiclayer/pgfcorepathconstruct.code.tex
File: pgfcorepathconstruct.code.tex 2021/05/15 v3.1.9a (3.1.9a)
\pgf@path@lastx=\dimen178
\pgf@path@lasty=\dimen179
) (/Users/andrew/Library/TinyTeX/texmf-dist/tex/generic/pgf/basiclayer/pgfcorepathusage.code.tex
File: pgfcorepathusage.code.tex 2021/05/15 v3.1.9a (3.1.9a)
\pgf@shorten@end@additional=\dimen180
\pgf@shorten@start@additional=\dimen181
) (/Users/andrew/Library/TinyTeX/texmf-dist/tex/generic/pgf/basiclayer/pgfcorescopes.code.tex
File: pgfcorescopes.code.tex 2021/05/15 v3.1.9a (3.1.9a)
\pgfpic=\box53
\pgf@hbox=\box54
\pgf@layerbox@main=\box55
\pgf@picture@serial@count=\count275
) (/Users/andrew/Library/TinyTeX/texmf-dist/tex/generic/pgf/basiclayer/pgfcoregraphicstate.code.tex
File: pgfcoregraphicstate.code.tex 2021/05/15 v3.1.9a (3.1.9a)
\pgflinewidth=\dimen182
) (/Users/andrew/Library/TinyTeX/texmf-dist/tex/generic/pgf/basiclayer/pgfcoretransformations.code.tex
File: pgfcoretransformations.code.tex 2021/05/15 v3.1.9a (3.1.9a)
\pgf@pt@x=\dimen183
\pgf@pt@y=\dimen184
\pgf@pt@temp=\dimen185
) (/Users/andrew/Library/TinyTeX/texmf-dist/tex/generic/pgf/basiclayer/pgfcorequick.code.tex
File: pgfcorequick.code.tex 2021/05/15 v3.1.9a (3.1.9a)
) (/Users/andrew/Library/TinyTeX/texmf-dist/tex/generic/pgf/basiclayer/pgfcoreobjects.code.tex
File: pgfcoreobjects.code.tex 2021/05/15 v3.1.9a (3.1.9a)
) (/Users/andrew/Library/TinyTeX/texmf-dist/tex/generic/pgf/basiclayer/pgfcorepathprocessing.code.tex
File: pgfcorepathprocessing.code.tex 2021/05/15 v3.1.9a (3.1.9a)
) (/Users/andrew/Library/TinyTeX/texmf-dist/tex/generic/pgf/basiclayer/pgfcorearrows.code.tex
File: pgfcorearrows.code.tex 2021/05/15 v3.1.9a (3.1.9a)
\pgfarrowsep=\dimen186
) (/Users/andrew/Library/TinyTeX/texmf-dist/tex/generic/pgf/basiclayer/pgfcoreshade.code.tex
File: pgfcoreshade.code.tex 2021/05/15 v3.1.9a (3.1.9a)
\pgf@max=\dimen187
\pgf@sys@shading@range@num=\count276
\pgf@shadingcount=\count277
) (/Users/andrew/Library/TinyTeX/texmf-dist/tex/generic/pgf/basiclayer/pgfcoreimage.code.tex
File: pgfcoreimage.code.tex 2021/05/15 v3.1.9a (3.1.9a)
 (/Users/andrew/Library/TinyTeX/texmf-dist/tex/generic/pgf/basiclayer/pgfcoreexternal.code.tex
File: pgfcoreexternal.code.tex 2021/05/15 v3.1.9a (3.1.9a)
\pgfexternal@startupbox=\box56
)) (/Users/andrew/Library/TinyTeX/texmf-dist/tex/generic/pgf/basiclayer/pgfcorelayers.code.tex
File: pgfcorelayers.code.tex 2021/05/15 v3.1.9a (3.1.9a)
) (/Users/andrew/Library/TinyTeX/texmf-dist/tex/generic/pgf/basiclayer/pgfcoretransparency.code.tex
File: pgfcoretransparency.code.tex 2021/05/15 v3.1.9a (3.1.9a)
) (/Users/andrew/Library/TinyTeX/texmf-dist/tex/generic/pgf/basiclayer/pgfcorepatterns.code.tex
File: pgfcorepatterns.code.tex 2021/05/15 v3.1.9a (3.1.9a)
) (/Users/andrew/Library/TinyTeX/texmf-dist/tex/generic/pgf/basiclayer/pgfcorerdf.code.tex
File: pgfcorerdf.code.tex 2021/05/15 v3.1.9a (3.1.9a)
))) (/Users/andrew/Library/TinyTeX/texmf-dist/tex/generic/pgf/modules/pgfmoduleshapes.code.tex
File: pgfmoduleshapes.code.tex 2021/05/15 v3.1.9a (3.1.9a)
\pgfnodeparttextbox=\box57
) (/Users/andrew/Library/TinyTeX/texmf-dist/tex/generic/pgf/modules/pgfmoduleplot.code.tex
File: pgfmoduleplot.code.tex 2021/05/15 v3.1.9a (3.1.9a)
) (/Users/andrew/Library/TinyTeX/texmf-dist/tex/latex/pgf/compatibility/pgfcomp-version-0-65.sty
Package: pgfcomp-version-0-65 2021/05/15 v3.1.9a (3.1.9a)
\pgf@nodesepstart=\dimen188
\pgf@nodesepend=\dimen189
) (/Users/andrew/Library/TinyTeX/texmf-dist/tex/latex/pgf/compatibility/pgfcomp-version-1-18.sty
Package: pgfcomp-version-1-18 2021/05/15 v3.1.9a (3.1.9a)
)) (/Users/andrew/Library/TinyTeX/texmf-dist/tex/latex/pgf/utilities/pgffor.sty (/Users/andrew/Library/TinyTeX/texmf-dist/tex/latex/pgf/utilities/pgfkeys.sty (/Users/andrew/Library/TinyTeX/texmf-dist/tex/generic/pgf/utilities/pgfkeys.code.tex)) (/Users/andrew/Library/TinyTeX/texmf-dist/tex/latex/pgf/math/pgfmath.sty (/Users/andrew/Library/TinyTeX/texmf-dist/tex/generic/pgf/math/pgfmath.code.tex)) (/Users/andrew/Library/TinyTeX/texmf-dist/tex/generic/pgf/utilities/pgffor.code.tex
Package: pgffor 2021/05/15 v3.1.9a (3.1.9a)
 (/Users/andrew/Library/TinyTeX/texmf-dist/tex/generic/pgf/math/pgfmath.code.tex)
\pgffor@iter=\dimen190
\pgffor@skip=\dimen191
\pgffor@stack=\toks28
\pgffor@toks=\toks29
)) (/Users/andrew/Library/TinyTeX/texmf-dist/tex/generic/pgf/frontendlayer/tikz/tikz.code.tex
Package: tikz 2021/05/15 v3.1.9a (3.1.9a)
 (/Users/andrew/Library/TinyTeX/texmf-dist/tex/generic/pgf/libraries/pgflibraryplothandlers.code.tex
File: pgflibraryplothandlers.code.tex 2021/05/15 v3.1.9a (3.1.9a)
\pgf@plot@mark@count=\count278
\pgfplotmarksize=\dimen192
)
\tikz@lastx=\dimen193
\tikz@lasty=\dimen194
\tikz@lastxsaved=\dimen195
\tikz@lastysaved=\dimen196
\tikz@lastmovetox=\dimen197
\tikz@lastmovetoy=\dimen198
\tikzleveldistance=\dimen199
\tikzsiblingdistance=\dimen256
\tikz@figbox=\box58
\tikz@figbox@bg=\box59
\tikz@tempbox=\box60
\tikz@tempbox@bg=\box61
\tikztreelevel=\count279
\tikznumberofchildren=\count280
\tikznumberofcurrentchild=\count281
\tikz@fig@count=\count282
 (/Users/andrew/Library/TinyTeX/texmf-dist/tex/generic/pgf/modules/pgfmodulematrix.code.tex
File: pgfmodulematrix.code.tex 2021/05/15 v3.1.9a (3.1.9a)
\pgfmatrixcurrentrow=\count283
\pgfmatrixcurrentcolumn=\count284
\pgf@matrix@numberofcolumns=\count285
)
\tikz@expandcount=\count286
 (/Users/andrew/Library/TinyTeX/texmf-dist/tex/generic/pgf/frontendlayer/tikz/libraries/tikzlibrarytopaths.code.tex
File: tikzlibrarytopaths.code.tex 2021/05/15 v3.1.9a (3.1.9a)
))) (/Users/andrew/Library/TinyTeX/texmf-dist/tex/latex/hyperref/hyperref.sty
Package: hyperref 2022-06-20 v7.00s Hypertext links for LaTeX
 (/Users/andrew/Library/TinyTeX/texmf-dist/tex/generic/ltxcmds/ltxcmds.sty
Package: ltxcmds 2020-05-10 v1.25 LaTeX kernel commands for general use (HO)
) (/Users/andrew/Library/TinyTeX/texmf-dist/tex/generic/pdftexcmds/pdftexcmds.sty
Package: pdftexcmds 2020-06-27 v0.33 Utility functions of pdfTeX for LuaTeX (HO)
 (/Users/andrew/Library/TinyTeX/texmf-dist/tex/generic/infwarerr/infwarerr.sty
Package: infwarerr 2019/12/03 v1.5 Providing info/warning/error messages (HO)
)
Package pdftexcmds Info: \pdf@primitive is available.
Package pdftexcmds Info: \pdf@ifprimitive is available.
Package pdftexcmds Info: \pdfdraftmode found.
) (/Users/andrew/Library/TinyTeX/texmf-dist/tex/generic/kvsetkeys/kvsetkeys.sty
Package: kvsetkeys 2019/12/15 v1.18 Key value parser (HO)
) (/Users/andrew/Library/TinyTeX/texmf-dist/tex/generic/kvdefinekeys/kvdefinekeys.sty
Package: kvdefinekeys 2019-12-19 v1.6 Define keys (HO)
) (/Users/andrew/Library/TinyTeX/texmf-dist/tex/generic/pdfescape/pdfescape.sty
Package: pdfescape 2019/12/09 v1.15 Implements pdfTeX's escape features (HO)
) (/Users/andrew/Library/TinyTeX/texmf-dist/tex/latex/hycolor/hycolor.sty
Package: hycolor 2020-01-27 v1.10 Color options for hyperref/bookmark (HO)
) (/Users/andrew/Library/TinyTeX/texmf-dist/tex/latex/letltxmacro/letltxmacro.sty
Package: letltxmacro 2019/12/03 v1.6 Let assignment for LaTeX macros (HO)
) (/Users/andrew/Library/TinyTeX/texmf-dist/tex/latex/auxhook/auxhook.sty
Package: auxhook 2019-12-17 v1.6 Hooks for auxiliary files (HO)
) (/Users/andrew/Library/TinyTeX/texmf-dist/tex/latex/hyperref/nameref.sty
Package: nameref 2022-05-17 v2.50 Cross-referencing by name of section
 (/Users/andrew/Library/TinyTeX/texmf-dist/tex/latex/refcount/refcount.sty
Package: refcount 2019/12/15 v3.6 Data extraction from label references (HO)
) (/Users/andrew/Library/TinyTeX/texmf-dist/tex/generic/gettitlestring/gettitlestring.sty
Package: gettitlestring 2019/12/15 v1.6 Cleanup title references (HO)
 (/Users/andrew/Library/TinyTeX/texmf-dist/tex/latex/kvoptions/kvoptions.sty
Package: kvoptions 2022-06-15 v3.15 Key value format for package options (HO)
))
\c@section@level=\count287
)
\@linkdim=\dimen257
\Hy@linkcounter=\count288
\Hy@pagecounter=\count289
 (/Users/andrew/Library/TinyTeX/texmf-dist/tex/latex/hyperref/pd1enc.def
File: pd1enc.def 2022-06-20 v7.00s Hyperref: PDFDocEncoding definition (HO)
Now handling font encoding PD1 ...
... no UTF-8 mapping file for font encoding PD1
) (/Users/andrew/Library/TinyTeX/texmf-dist/tex/generic/intcalc/intcalc.sty
Package: intcalc 2019/12/15 v1.3 Expandable calculations with integers (HO)
) (/Users/andrew/Library/TinyTeX/texmf-dist/tex/generic/etexcmds/etexcmds.sty
Package: etexcmds 2019/12/15 v1.7 Avoid name clashes with e-TeX commands (HO)
)
\Hy@SavedSpaceFactor=\count290
 (/Users/andrew/Library/TinyTeX/texmf-dist/tex/latex/hyperref/puenc.def
File: puenc.def 2022-06-20 v7.00s Hyperref: PDF Unicode definition (HO)
Now handling font encoding PU ...
... no UTF-8 mapping file for font encoding PU
)
Package hyperref Info: Option `unicode' set `true' on input line 4045.
Package hyperref Info: Hyper figures OFF on input line 4162.
Package hyperref Info: Link nesting OFF on input line 4167.
Package hyperref Info: Hyper index ON on input line 4170.
Package hyperref Info: Plain pages OFF on input line 4177.
Package hyperref Info: Backreferencing OFF on input line 4182.
Package hyperref Info: Implicit mode ON; LaTeX internals redefined.
Package hyperref Info: Bookmarks ON on input line 4408.
\c@Hy@tempcnt=\count291
 (/Users/andrew/Library/TinyTeX/texmf-dist/tex/latex/url/url.sty
\Urlmuskip=\muskip16
Package: url 2013/09/16  ver 3.4  Verb mode for urls, etc.
)
LaTeX Info: Redefining \url on input line 4746.
\XeTeXLinkMargin=\dimen258
 (/Users/andrew/Library/TinyTeX/texmf-dist/tex/generic/bitset/bitset.sty
Package: bitset 2019/12/09 v1.3 Handle bit-vector datatype (HO)
 (/Users/andrew/Library/TinyTeX/texmf-dist/tex/generic/bigintcalc/bigintcalc.sty
Package: bigintcalc 2019/12/15 v1.5 Expandable calculations on big integers (HO)
))
\Fld@menulength=\count292
\Field@Width=\dimen259
\Fld@charsize=\dimen260
Package hyperref Info: Hyper figures OFF on input line 6024.
Package hyperref Info: Link nesting OFF on input line 6029.
Package hyperref Info: Hyper index ON on input line 6032.
Package hyperref Info: backreferencing OFF on input line 6039.
Package hyperref Info: Link coloring OFF on input line 6044.
Package hyperref Info: Link coloring with OCG OFF on input line 6049.
Package hyperref Info: PDF/A mode OFF on input line 6054.
 (/Users/andrew/Library/TinyTeX/texmf-dist/tex/latex/base/atbegshi-ltx.sty
Package: atbegshi-ltx 2021/01/10 v1.0c Emulation of the original atbegshi
package with kernel methods
)
\Hy@abspage=\count293
\c@Item=\count294
\c@Hfootnote=\count295
)
Package hyperref Info: Driver (autodetected): hpdftex.
 (/Users/andrew/Library/TinyTeX/texmf-dist/tex/latex/hyperref/hpdftex.def
File: hpdftex.def 2022-06-20 v7.00s Hyperref driver for pdfTeX
 (/Users/andrew/Library/TinyTeX/texmf-dist/tex/latex/base/atveryend-ltx.sty
Package: atveryend-ltx 2020/08/19 v1.0a Emulation of the original atveryend package
with kernel methods
)
\Fld@listcount=\count296
\c@bookmark@seq@number=\count297
 (/Users/andrew/Library/TinyTeX/texmf-dist/tex/latex/rerunfilecheck/rerunfilecheck.sty
Package: rerunfilecheck 2022-07-10 v1.10 Rerun checks for auxiliary files (HO)
 (/Users/andrew/Library/TinyTeX/texmf-dist/tex/generic/uniquecounter/uniquecounter.sty
Package: uniquecounter 2019/12/15 v1.4 Provide unlimited unique counter (HO)
)
Package uniquecounter Info: New unique counter `rerunfilecheck' on input line 285.
)
\Hy@SectionHShift=\skip59
) (/Users/andrew/Library/TinyTeX/texmf-dist/tex/generic/pgf/frontendlayer/tikz/libraries/tikzlibrarysvg.path.code.tex
File: tikzlibrarysvg.path.code.tex 2021/05/15 v3.1.9a (3.1.9a)
 (/Users/andrew/Library/TinyTeX/texmf-dist/tex/generic/pgf/libraries/pgflibrarysvg.path.code.tex
File: pgflibrarysvg.path.code.tex 2021/05/15 v3.1.9a (3.1.9a)
 (/Users/andrew/Library/TinyTeX/texmf-dist/tex/generic/pgf/modules/pgfmoduleparser.code.tex
File: pgfmoduleparser.code.tex 2021/05/15 v3.1.9a (3.1.9a)
\pgfparserdef@arg@count=\count298
)
\pgf@lib@svg@last@x=\dimen261
\pgf@lib@svg@last@y=\dimen262
\pgf@lib@svg@last@c@x=\dimen263
\pgf@lib@svg@last@c@y=\dimen264
\pgf@lib@svg@count=\count299
\pgf@lib@svg@max@num=\count300
)) (/Users/andrew/Library/TinyTeX/texmf-dist/tex/latex/booktabs/booktabs.sty
Package: booktabs 2020/01/12 v1.61803398 Publication quality tables
\heavyrulewidth=\dimen265
\lightrulewidth=\dimen266
\cmidrulewidth=\dimen267
\belowrulesep=\dimen268
\belowbottomsep=\dimen269
\aboverulesep=\dimen270
\abovetopsep=\dimen271
\cmidrulesep=\dimen272
\cmidrulekern=\dimen273
\defaultaddspace=\dimen274
\@cmidla=\count301
\@cmidlb=\count302
\@aboverulesep=\dimen275
\@belowrulesep=\dimen276
\@thisruleclass=\count303
\@lastruleclass=\count304
\@thisrulewidth=\dimen277
) (/Users/andrew/Library/TinyTeX/texmf-dist/tex/latex/threeparttable/threeparttable.sty
Package: threeparttable 2003/06/13  v 3.0
\@tempboxb=\box62
)
\b@level@one@skip=\skip60
\e@level@one@skip=\skip61
\b@level@two@skip=\skip62
\e@level@two@skip=\skip63
\b@level@three@skip=\skip64
\e@level@three@skip=\skip65
\b@level@four@skip=\skip66
\e@level@four@skip=\skip67
\b@level@five@skip=\skip68
\e@level@five@skip=\skip69
 (/Users/andrew/Library/TinyTeX/texmf-dist/tex/latex/caption/caption.sty
Package: caption 2022/03/01 v3.6b Customizing captions (AR)
 (/Users/andrew/Library/TinyTeX/texmf-dist/tex/latex/caption/caption3.sty
Package: caption3 2022/03/17 v2.3b caption3 kernel (AR)
\caption@tempdima=\dimen278
\captionmargin=\dimen279
\caption@leftmargin=\dimen280
\caption@rightmargin=\dimen281
\caption@width=\dimen282
\caption@indent=\dimen283
\caption@parindent=\dimen284
\caption@hangindent=\dimen285
Package caption Info: Standard document class detected.
)
\c@caption@flags=\count305
\c@continuedfloat=\count306
Package caption Info: hyperref package is loaded.
Package caption Info: threeparttable package is loaded.
)
\c@APAenum=\count307
\@text@par@indent=\skip70
\gr@box=\box63
\gr@boxwidth=\skip71
\gr@boxheight=\skip72

(/Users/andrew/Library/TinyTeX/texmf-dist/tex/latex/tools/bm.sty
Package: bm 2022/01/05 v1.2f Bold Symbol Support (DPC/FMi)
\symboldoperators=\mathgroup4
\symboldletters=\mathgroup5
\symboldsymbols=\mathgroup6
Package bm Info: No bold for \OMX/lmex/m/n, using \pmb.
LaTeX Font Info:    Redeclaring math alphabet \mathbf on input line 149.
)
\c@appendix=\count308
 (/Users/andrew/Library/TinyTeX/texmf-dist/tex/latex/fancyhdr/fancyhdr.sty
Package: fancyhdr 2022/05/18 v4.0.3 Extensive control of page headers and footers
\f@nch@headwidth=\skip73
\f@nch@O@elh=\skip74
\f@nch@O@erh=\skip75
\f@nch@O@olh=\skip76
\f@nch@O@orh=\skip77
\f@nch@O@elf=\skip78
\f@nch@O@erf=\skip79
\f@nch@O@olf=\skip80
\f@nch@O@orf=\skip81
)) (/Users/andrew/Library/TinyTeX/texmf-dist/tex/latex/amsmath/amsmath.sty
Package: amsmath 2022/04/08 v2.17n AMS math features
\@mathmargin=\skip82

For additional information on amsmath, use the `?' option.
(/Users/andrew/Library/TinyTeX/texmf-dist/tex/latex/amsmath/amstext.sty
Package: amstext 2021/08/26 v2.01 AMS text
 (/Users/andrew/Library/TinyTeX/texmf-dist/tex/latex/amsmath/amsgen.sty
File: amsgen.sty 1999/11/30 v2.0 generic functions
\@emptytoks=\toks30
\ex@=\dimen286
)) (/Users/andrew/Library/TinyTeX/texmf-dist/tex/latex/amsmath/amsbsy.sty
Package: amsbsy 1999/11/29 v1.2d Bold Symbols
LaTeX Info: Redefining \boldsymbol on input line 28.
\pmbraise@=\dimen287
) (/Users/andrew/Library/TinyTeX/texmf-dist/tex/latex/amsmath/amsopn.sty
Package: amsopn 2022/04/08 v2.04 operator names
)
\inf@bad=\count309
LaTeX Info: Redefining \frac on input line 234.
\uproot@=\count310
\leftroot@=\count311
LaTeX Info: Redefining \overline on input line 399.
LaTeX Info: Redefining \colon on input line 410.
\classnum@=\count312
\DOTSCASE@=\count313
LaTeX Info: Redefining \ldots on input line 496.
LaTeX Info: Redefining \dots on input line 499.
LaTeX Info: Redefining \cdots on input line 620.
\Mathstrutbox@=\box64
\strutbox@=\box65
LaTeX Info: Redefining \big on input line 722.
LaTeX Info: Redefining \Big on input line 723.
LaTeX Info: Redefining \bigg on input line 724.
LaTeX Info: Redefining \Bigg on input line 725.
\big@size=\dimen288
LaTeX Font Info:    Redeclaring font encoding OML on input line 743.
LaTeX Font Info:    Redeclaring font encoding OMS on input line 744.
\macc@depth=\count314
LaTeX Info: Redefining \bmod on input line 905.
LaTeX Info: Redefining \pmod on input line 910.
LaTeX Info: Redefining \smash on input line 940.
LaTeX Info: Redefining \relbar on input line 970.
LaTeX Info: Redefining \Relbar on input line 971.
\c@MaxMatrixCols=\count315
\dotsspace@=\muskip17
\c@parentequation=\count316
\dspbrk@lvl=\count317
\tag@help=\toks31
\row@=\count318
\column@=\count319
\maxfields@=\count320
\andhelp@=\toks32
\eqnshift@=\dimen289
\alignsep@=\dimen290
\tagshift@=\dimen291
\tagwidth@=\dimen292
\totwidth@=\dimen293
\lineht@=\dimen294
\@envbody=\toks33
\multlinegap=\skip83
\multlinetaggap=\skip84
\mathdisplay@stack=\toks34
LaTeX Info: Redefining \[ on input line 2953.
LaTeX Info: Redefining \] on input line 2954.
) (/Users/andrew/Library/TinyTeX/texmf-dist/tex/latex/amsfonts/amssymb.sty
Package: amssymb 2013/01/14 v3.01 AMS font symbols
 (/Users/andrew/Library/TinyTeX/texmf-dist/tex/latex/amsfonts/amsfonts.sty
Package: amsfonts 2013/01/14 v3.01 Basic AMSFonts support
\symAMSa=\mathgroup7
\symAMSb=\mathgroup8
LaTeX Font Info:    Redeclaring math symbol \hbar on input line 98.
LaTeX Font Info:    Overwriting math alphabet `\mathfrak' in version `bold'
(Font)                  U/euf/m/n --> U/euf/b/n on input line 106.
)) (/Users/andrew/Library/TinyTeX/texmf-dist/tex/latex/base/fontenc.sty
Package: fontenc 2021/04/29 v2.0v Standard LaTeX package
) (/Users/andrew/Library/TinyTeX/texmf-dist/tex/latex/base/inputenc.sty
Package: inputenc 2021/02/14 v1.3d Input encoding file
\inpenc@prehook=\toks35
\inpenc@posthook=\toks36
) (/Users/andrew/Library/TinyTeX/texmf-dist/tex/latex/base/textcomp.sty
Package: textcomp 2020/02/02 v2.0n Standard LaTeX package
)
\cslhangindent=\skip85
\csllabelwidth=\skip86
\cslentryspacingunit=\skip87
 (/Users/andrew/Library/TinyTeX/texmf-dist/tex/generic/babel/babel.sty
Package: babel 2022/08/29 3.79 The Babel package
\babel@savecnt=\count321
\U@D=\dimen295
\l@unhyphenated=\language3
 (/Users/andrew/Library/TinyTeX/texmf-dist/tex/generic/babel/txtbabel.def)
\bbl@readstream=\read3
\bbl@dirlevel=\count322
Package babel Info: You haven't specified a language. I'll use 'nil'
(babel)             as the main language. Reported on input line 4411.
 (/Users/andrew/Library/TinyTeX/texmf-dist/tex/generic/babel/nil.ldf
Language: nil 2022/08/29 3.79 Nil language
\l@nil=\language4
))
\everypar=\toks37
 (/Users/andrew/Library/TinyTeX/texmf-dist/tex/generic/babel/locale/en/babel-english.tex)
Package babel Info: Importing data for english
(babel)             from babel-en.ini. Reported on input line 91.
Package babel Info: Hyphen rules for 'english' set to \l@english
(babel)             (\language0). Reported on input line 91.
 (/Users/andrew/Library/TinyTeX/texmf-dist/tex/latex/was/upgreek.sty
Package: upgreek 2003/02/12 v2.0 (WaS)
Package upgreek Info: Using Euler Roman for upright Greek on input line 31.
\symugrf@m=\mathgroup9
LaTeX Font Info:    Overwriting symbol font `ugrf@m' in version `bold'
(Font)                  U/eur/m/n --> U/eur/b/n on input line 38.
) (/Users/andrew/Library/TinyTeX/texmf-dist/tex/latex/tools/longtable.sty
Package: longtable 2021-09-01 v4.17 Multi-page Table package (DPC)
\LTleft=\skip88
\LTright=\skip89
\LTpre=\skip90
\LTpost=\skip91
\LTchunksize=\count323
\LTcapwidth=\dimen296
\LT@head=\box66
\LT@firsthead=\box67
\LT@foot=\box68
\LT@lastfoot=\box69
\LT@gbox=\box70
\LT@cols=\count324
\LT@rows=\count325
\c@LT@tables=\count326
\c@LT@chunks=\count327
\LT@p@ftn=\toks38
) (/Users/andrew/Library/TinyTeX/texmf-dist/tex/latex/graphics/lscape.sty
Package: lscape 2020/05/28 v3.02 Landscape Pages (DPC)
) (/Users/andrew/Library/TinyTeX/texmf-dist/tex/latex/multirow/multirow.sty
Package: multirow 2021/03/15 v2.8 Span multiple rows of a table
\multirow@colwidth=\skip92
\multirow@cntb=\count328
\multirow@dima=\skip93
\bigstrutjot=\dimen297
) (/Users/andrew/Library/TinyTeX/texmf-dist/tex/latex/tools/tabularx.sty
Package: tabularx 2020/01/15 v2.11c `tabularx' package (DPC)
 (/Users/andrew/Library/TinyTeX/texmf-dist/tex/latex/tools/array.sty
Package: array 2022/03/10 v2.5f Tabular extension package (FMi)
\col@sep=\dimen298
\ar@mcellbox=\box71
\extrarowheight=\dimen299
\NC@list=\toks39
\extratabsurround=\skip94
\backup@length=\skip95
\ar@cellbox=\box72
)
\TX@col@width=\dimen300
\TX@old@table=\dimen301
\TX@old@col=\dimen302
\TX@target=\dimen303
\TX@delta=\dimen304
\TX@cols=\count329
\TX@ftn=\toks40
) (/Users/andrew/Library/TinyTeX/texmf-dist/tex/latex/threeparttablex/threeparttablex.sty
Package: threeparttablex 2013/07/23 v0.3 by daleif
 (/Users/andrew/Library/TinyTeX/texmf-dist/tex/latex/environ/environ.sty
Package: environ 2014/05/04 v0.3 A new way to define environments
 (/Users/andrew/Library/TinyTeX/texmf-dist/tex/latex/trimspaces/trimspaces.sty
Package: trimspaces 2009/09/17 v1.1 Trim spaces around a token list
))
\TPTL@width=\skip96
)
\longtablewidth=\skip97

Failed to patch abstract.
Failed to patch title.
(/Users/andrew/Library/TinyTeX/texmf-dist/tex/latex/xpatch/xpatch.sty (/Users/andrew/Library/TinyTeX/texmf-dist/tex/latex/l3kernel/expl3.sty
Package: expl3 2022-08-30 L3 programming layer (loader) 
 (/Users/andrew/Library/TinyTeX/texmf-dist/tex/latex/l3backend/l3backend-pdftex.def
File: l3backend-pdftex.def 2022-08-30 L3 backend support: PDF output (pdfTeX)
\l__color_backend_stack_int=\count330
\l__pdf_internal_box=\box73
))
Package: xpatch 2020/03/25 v0.3a Extending etoolbox patching commands
 (/Users/andrew/Library/TinyTeX/texmf-dist/tex/latex/l3packages/xparse/xparse.sty
Package: xparse 2022-06-22 L3 Experimental document command parser
)) (/Users/andrew/Library/TinyTeX/texmf-dist/tex/latex/lineno/lineno.sty
Package: lineno 2005/11/02 line numbers on paragraphs v4.41
\linenopenalty=\count331
\output=\toks41
\linenoprevgraf=\count332
\linenumbersep=\dimen305
\linenumberwidth=\dimen306
\c@linenumber=\count333
\c@pagewiselinenumber=\count334
\c@LN@truepage=\count335
\c@internallinenumber=\count336
\c@internallinenumbers=\count337
\quotelinenumbersep=\dimen307
\bframerule=\dimen308
\bframesep=\dimen309
\bframebox=\box74
LaTeX Info: Redefining \\ on input line 3056.
) (/Users/andrew/Library/TinyTeX/texmf-dist/tex/latex/csquotes/csquotes.sty
Package: csquotes 2021-02-22 v5.2l context-sensitive quotations (JAW)
\csq@reset=\count338
\csq@gtype=\count339
\csq@glevel=\count340
\csq@qlevel=\count341
\csq@maxlvl=\count342
\csq@tshold=\count343
\csq@ltx@everypar=\toks42
 (/Users/andrew/Library/TinyTeX/texmf-dist/tex/latex/csquotes/csquotes.def
File: csquotes.def 2021-02-22 v5.2l csquotes generic definitions (JAW)
)
Package csquotes Info: Trying to load configuration file 'csquotes.cfg'...
Package csquotes Info: ... configuration file loaded successfully.
 (/Users/andrew/Library/TinyTeX/texmf-dist/tex/latex/csquotes/csquotes.cfg
File: csquotes.cfg 
)) (/Users/andrew/Library/TinyTeX/texmf-dist/tex/latex/setspace/setspace.sty
Package: setspace 2011/12/19 v6.7a set line spacing
)

Package fancyhdr Warning: \fancyhead's `E' option without twoside option is useless on input line 174.

\c@NumberOfAuthors=\count344
\c@NumberOfSuperscripts=\count345

Class apa7 Warning: Deprecated: see documentation for \authorsaffiliations on input line 215.

\c@NumberOfAffiliations=\count346
Package csquotes Info: Checking for multilingual support...
Package csquotes Info: ... found 'babel' package.
Package csquotes Info: Adjusting default style.
Package csquotes Info: Redefining alias 'default' -> 'english'.
(./Dissertation.aux)
\openout1 = `Dissertation.aux'.

LaTeX Font Info:    Checking defaults for OML/cmm/m/it on input line 225.
LaTeX Font Info:    ... okay on input line 225.
LaTeX Font Info:    Checking defaults for OMS/cmsy/m/n on input line 225.
LaTeX Font Info:    ... okay on input line 225.
LaTeX Font Info:    Checking defaults for OT1/cmr/m/n on input line 225.
LaTeX Font Info:    ... okay on input line 225.
LaTeX Font Info:    Checking defaults for T1/cmr/m/n on input line 225.
LaTeX Font Info:    ... okay on input line 225.
LaTeX Font Info:    Checking defaults for TS1/cmr/m/n on input line 225.
LaTeX Font Info:    ... okay on input line 225.
LaTeX Font Info:    Checking defaults for OMX/cmex/m/n on input line 225.
LaTeX Font Info:    ... okay on input line 225.
LaTeX Font Info:    Checking defaults for U/cmr/m/n on input line 225.
LaTeX Font Info:    ... okay on input line 225.
LaTeX Font Info:    Checking defaults for PD1/pdf/m/n on input line 225.
LaTeX Font Info:    ... okay on input line 225.
LaTeX Font Info:    Checking defaults for PU/pdf/m/n on input line 225.
LaTeX Font Info:    ... okay on input line 225.

*geometry* driver: auto-detecting
*geometry* detected driver: pdftex
*geometry* verbose mode - [ preamble ] result:
* driver: pdftex
* paper: a4paper
* layout: <same size as paper>
* layoutoffset:(h,v)=(0.0pt,0.0pt)
* modes: 
* h-part:(L,W,R)=(72.26999pt, 452.9679pt, 72.26999pt)
* v-part:(T,H,B)=(72.26999pt, 700.50687pt, 72.26999pt)
* \paperwidth=597.50787pt
* \paperheight=845.04684pt
* \textwidth=433.62pt
* \textheight=614.295pt
* \oddsidemargin=18.06749pt
* \evensidemargin=18.06749pt
* \topmargin=-18.06749pt
* \headheight=15.2pt
* \headsep=25.0pt
* \topskip=12.0pt
* \footskip=30.0pt
* \marginparwidth=44.0pt
* \marginparsep=10.0pt
* \columnsep=10.0pt
* \skip\footins=10.8pt plus 4.0pt minus 2.0pt
* \hoffset=0.0pt
* \voffset=0.0pt
* \mag=1000
* \@twocolumnfalse
* \@twosidefalse
* \@mparswitchfalse
* \@reversemarginfalse
* (1in=72.27pt=25.4mm, 1cm=28.453pt)

(/Users/andrew/Library/TinyTeX/texmf-dist/tex/latex/epstopdf-pkg/epstopdf-base.sty
Package: epstopdf-base 2020-01-24 v2.11 Base part for package epstopdf
Package epstopdf-base Info: Redefining graphics rule for `.eps' on input line 485.
 (/Users/andrew/Library/TinyTeX/texmf-dist/tex/latex/latexconfig/epstopdf-sys.cfg
File: epstopdf-sys.cfg 2010/07/13 v1.3 Configuration of (r)epstopdf for TeX Live
))
Package hyperref Info: Link coloring OFF on input line 225.
\@outlinefile=\write4
\openout4 = `Dissertation.out'.

 (/Users/andrew/Library/TinyTeX/texmf-dist/tex/latex/apa7/config/APA7english.txt
File: APA7english.txt 2020/12/02 v1.02 apa7 configuration for non-American English
)
Package caption Info: Begin \AtBeginDocument code.
Package caption Info: longtable package is loaded.
 (/Users/andrew/Library/TinyTeX/texmf-dist/tex/latex/caption/ltcaption.sty
Package: ltcaption 2021/01/08 v1.4c longtable captions (AR)
)
Package caption Info: End \AtBeginDocument code.

Using title for running head
LaTeX Font Info:    Trying to load font information for T1+lmss on input line 226.
(/Users/andrew/Library/TinyTeX/texmf-dist/tex/latex/lm/t1lmss.fd
File: t1lmss.fd 2015/05/01 v1.6.1 Font defs for Latin Modern
)
LaTeX Font Info:    Trying to load font information for OT1+lmr on input line 226.
 (/Users/andrew/Library/TinyTeX/texmf-dist/tex/latex/lm/ot1lmr.fd
File: ot1lmr.fd 2015/05/01 v1.6.1 Font defs for Latin Modern
)
LaTeX Font Info:    Trying to load font information for OML+lmm on input line 226.
 (/Users/andrew/Library/TinyTeX/texmf-dist/tex/latex/lm/omllmm.fd
File: omllmm.fd 2015/05/01 v1.6.1 Font defs for Latin Modern
)
LaTeX Font Info:    Trying to load font information for OMS+lmsy on input line 226.
 (/Users/andrew/Library/TinyTeX/texmf-dist/tex/latex/lm/omslmsy.fd
File: omslmsy.fd 2015/05/01 v1.6.1 Font defs for Latin Modern
)
LaTeX Font Info:    Trying to load font information for OMX+lmex on input line 226.
 (/Users/andrew/Library/TinyTeX/texmf-dist/tex/latex/lm/omxlmex.fd
File: omxlmex.fd 2015/05/01 v1.6.1 Font defs for Latin Modern
)
LaTeX Font Info:    External font `lmex10' loaded for size
(Font)              <17.28> on input line 226.
LaTeX Font Info:    External font `lmex10' loaded for size
(Font)              <12> on input line 226.
LaTeX Font Info:    External font `lmex10' loaded for size
(Font)              <10> on input line 226.
LaTeX Font Info:    Trying to load font information for U+msa on input line 226.
 (/Users/andrew/Library/TinyTeX/texmf-dist/tex/latex/amsfonts/umsa.fd
File: umsa.fd 2013/01/14 v3.01 AMS symbols A
)
LaTeX Font Info:    Trying to load font information for U+msb on input line 226.
 (/Users/andrew/Library/TinyTeX/texmf-dist/tex/latex/amsfonts/umsb.fd
File: umsb.fd 2013/01/14 v3.01 AMS symbols B
)
LaTeX Font Info:    External font `lmex10' loaded for size
(Font)              <8> on input line 226.
LaTeX Font Info:    External font `lmex10' loaded for size
(Font)              <6> on input line 226.
LaTeX Font Info:    External font `lmex10' loaded for size
(Font)              <7> on input line 226.
LaTeX Font Info:    External font `lmex10' loaded for size
(Font)              <5> on input line 226.
LaTeX Info: Completed page discarded.
 [2

{/Users/andrew/Library/TinyTeX/texmf-var/fonts/map/pdftex/updmap/pdftex.map}]
<../Formatting/EdUniCrest.jpg, id=13, 501.875pt x 507.8975pt>
File: ../Formatting/EdUniCrest.jpg Graphic file (type jpg)
<use ../Formatting/EdUniCrest.jpg>
Package pdftex.def Info: ../Formatting/EdUniCrest.jpg  used on input line 243.
(pdftex.def)             Requested size: 125.46843pt x 126.97406pt.
 [1

 <../Formatting/EdUniCrest.jpg>]
pdfTeX warning (ext4): destination with the same identifier (name{page.2}) has been already used, duplicate ignored
<to be read again> 
                   \relax 
l.256 \mbox{}\thispagestyle{empty}\clearpage
                                             [2

]
No file Dissertation.toc.
\tf@toc=\write5
\openout5 = `Dissertation.toc'.

[3

] [4] [5] [6]
Underfull \vbox (badness 10000) has occurred while \output is active []

 [7]
Underfull \vbox (badness 4608) has occurred while \output is active []

 [8]
Underfull \vbox (badness 10000) has occurred while \output is active []

 [9] [10]
Underfull \vbox (badness 2409) has occurred while \output is active []

 [11]
Underfull \vbox (badness 8000) has occurred while \output is active []

 [12] [13] [14] [15] [16] [17] [18] [19]

/Users/andrew/Library/CloudStorage/OneDrive-Personal/Documents/1_UoE/Research/PhD/Dissertation/Output_Files/Dissertation.tex:434: LaTeX Error: Environment centerbox undefined.

See the LaTeX manual or LaTeX Companion for explanation.
Type  H <return>  for immediate help.
 ...                                              
                                                  
l.434 \begin{centerbox}
                       
Your command was ignored.
Type  I <command> <return>  to replace it with another command,
or  <return>  to continue without it.

/Users/andrew/Library/CloudStorage/OneDrive-Personal/Documents/1_UoE/Research/PhD/Dissertation/Output_Files/Dissertation.tex:441: Undefined control sequence.
l.441 \hhline
             {>{\huxb{0, 0, 0}{0.4}}->{\huxb{0, 0, 0}{0.4}}-}
The control sequence at the end of the top line
of your error message was never \def'ed. If you have
misspelled it (e.g., `\hobx'), type `I' and the correct
spelling (e.g., `I\hbox'). Otherwise just continue,
and I'll forget about whatever was undefined.

/Users/andrew/Library/CloudStorage/OneDrive-Personal/Documents/1_UoE/Research/PhD/Dissertation/Output_Files/Dissertation.tex:441: Undefined control sequence.
\huxb #1#2->\arrayrulecolor 
                            [RGB]{#1}\global \arrayrulewidth =#2pt
l.441 \hhline{>{\huxb{0, 0, 0}{0.4}
                                   }->{\huxb{0, 0, 0}{0.4}}-}
The control sequence at the end of the top line
of your error message was never \def'ed. If you have
misspelled it (e.g., `\hobx'), type `I' and the correct
spelling (e.g., `I\hbox'). Otherwise just continue,
and I'll forget about whatever was undefined.

/Users/andrew/Library/CloudStorage/OneDrive-Personal/Documents/1_UoE/Research/PhD/Dissertation/Output_Files/Dissertation.tex:441: Undefined control sequence.
\huxb #1#2->\arrayrulecolor 
                            [RGB]{#1}\global \arrayrulewidth =#2pt
l.441 ...huxb{0, 0, 0}{0.4}}->{\huxb{0, 0, 0}{0.4}
                                                  }-}
The control sequence at the end of the top line
of your error message was never \def'ed. If you have
misspelled it (e.g., `\hobx'), type `I' and the correct
spelling (e.g., `I\hbox'). Otherwise just continue,
and I'll forget about whatever was undefined.

/Users/andrew/Library/CloudStorage/OneDrive-Personal/Documents/1_UoE/Research/PhD/Dissertation/Output_Files/Dissertation.tex:442: Undefined control sequence.
l.442 \arrayrulecolor
                     {black}
The control sequence at the end of the top line
of your error message was never \def'ed. If you have
misspelled it (e.g., `\hobx'), type `I' and the correct
spelling (e.g., `I\hbox'). Otherwise just continue,
and I'll forget about whatever was undefined.

/Users/andrew/Library/CloudStorage/OneDrive-Personal/Documents/1_UoE/Research/PhD/Dissertation/Output_Files/Dissertation.tex:444: Misplaced \omit.
\multispan ->\omit 
                   \@multispan 
l.444 ...xtbf{l.95..CI} \hspace{6pt}\huxbpad{6pt}}
                                                   &
I expect to see \omit only after tab marks or the \cr of
an alignment. Proceed, and I'll ignore this case.

/Users/andrew/Library/CloudStorage/OneDrive-Personal/Documents/1_UoE/Research/PhD/Dissertation/Output_Files/Dissertation.tex:448: Undefined control sequence.
l.448 \hhline
             {>{\huxb{0, 0, 0}{0.4}}->{\huxb{0, 0, 0}{0.4}}-}
The control sequence at the end of the top line
of your error message was never \def'ed. If you have
misspelled it (e.g., `\hobx'), type `I' and the correct
spelling (e.g., `I\hbox'). Otherwise just continue,
and I'll forget about whatever was undefined.

/Users/andrew/Library/CloudStorage/OneDrive-Personal/Documents/1_UoE/Research/PhD/Dissertation/Output_Files/Dissertation.tex:448: Undefined control sequence.
\huxb #1#2->\arrayrulecolor 
                            [RGB]{#1}\global \arrayrulewidth =#2pt
l.448 \hhline{>{\huxb{0, 0, 0}{0.4}
                                   }->{\huxb{0, 0, 0}{0.4}}-}
The control sequence at the end of the top line
of your error message was never \def'ed. If you have
misspelled it (e.g., `\hobx'), type `I' and the correct
spelling (e.g., `I\hbox'). Otherwise just continue,
and I'll forget about whatever was undefined.

/Users/andrew/Library/CloudStorage/OneDrive-Personal/Documents/1_UoE/Research/PhD/Dissertation/Output_Files/Dissertation.tex:448: Undefined control sequence.
\huxb #1#2->\arrayrulecolor 
                            [RGB]{#1}\global \arrayrulewidth =#2pt
l.448 ...huxb{0, 0, 0}{0.4}}->{\huxb{0, 0, 0}{0.4}
                                                  }-}
The control sequence at the end of the top line
of your error message was never \def'ed. If you have
misspelled it (e.g., `\hobx'), type `I' and the correct
spelling (e.g., `I\hbox'). Otherwise just continue,
and I'll forget about whatever was undefined.

/Users/andrew/Library/CloudStorage/OneDrive-Personal/Documents/1_UoE/Research/PhD/Dissertation/Output_Files/Dissertation.tex:449: Undefined control sequence.
l.449 \arrayrulecolor
                     {black}
The control sequence at the end of the top line
of your error message was never \def'ed. If you have
misspelled it (e.g., `\hobx'), type `I' and the correct
spelling (e.g., `I\hbox'). Otherwise just continue,
and I'll forget about whatever was undefined.

/Users/andrew/Library/CloudStorage/OneDrive-Personal/Documents/1_UoE/Research/PhD/Dissertation/Output_Files/Dissertation.tex:451: Misplaced \omit.
\multispan ->\omit 
                   \@multispan 
l.451 ...pace{6pt} 0.12 \hspace{6pt}\huxbpad{6pt}}
                                                   &
I expect to see \omit only after tab marks or the \cr of
an alignment. Proceed, and I'll ignore this case.

/Users/andrew/Library/CloudStorage/OneDrive-Personal/Documents/1_UoE/Research/PhD/Dissertation/Output_Files/Dissertation.tex:451: Undefined control sequence.
\@sharp ->\cellcolor 
                     [RGB]{242, 242, 242}\huxtpad {6pt + 1em}\raggedleft \hs...
l.451 ...pace{6pt} 0.12 \hspace{6pt}\huxbpad{6pt}}
                                                   &
The control sequence at the end of the top line
of your error message was never \def'ed. If you have
misspelled it (e.g., `\hobx'), type `I' and the correct
spelling (e.g., `I\hbox'). Otherwise just continue,
and I'll forget about whatever was undefined.

/Users/andrew/Library/CloudStorage/OneDrive-Personal/Documents/1_UoE/Research/PhD/Dissertation/Output_Files/Dissertation.tex:452: Undefined control sequence.
\@sharp ->\cellcolor 
                     [RGB]{242, 242, 242}\huxtpad {6pt + 1em}\raggedleft \hs...
l.452 ...pace{6pt} 0.25 \hspace{6pt}\huxbpad{6pt}}
                                                   \tabularnewline[-0.5pt]
The control sequence at the end of the top line
of your error message was never \def'ed. If you have
misspelled it (e.g., `\hobx'), type `I' and the correct
spelling (e.g., `I\hbox'). Otherwise just continue,
and I'll forget about whatever was undefined.

/Users/andrew/Library/CloudStorage/OneDrive-Personal/Documents/1_UoE/Research/PhD/Dissertation/Output_Files/Dissertation.tex:455: Undefined control sequence.
l.455 \hhline
             {>{\huxb{0, 0, 0}{0.4}}->{\huxb{0, 0, 0}{0.4}}-}
The control sequence at the end of the top line
of your error message was never \def'ed. If you have
misspelled it (e.g., `\hobx'), type `I' and the correct
spelling (e.g., `I\hbox'). Otherwise just continue,
and I'll forget about whatever was undefined.

/Users/andrew/Library/CloudStorage/OneDrive-Personal/Documents/1_UoE/Research/PhD/Dissertation/Output_Files/Dissertation.tex:455: Undefined control sequence.
\huxb #1#2->\arrayrulecolor 
                            [RGB]{#1}\global \arrayrulewidth =#2pt
l.455 \hhline{>{\huxb{0, 0, 0}{0.4}
                                   }->{\huxb{0, 0, 0}{0.4}}-}
The control sequence at the end of the top line
of your error message was never \def'ed. If you have
misspelled it (e.g., `\hobx'), type `I' and the correct
spelling (e.g., `I\hbox'). Otherwise just continue,
and I'll forget about whatever was undefined.

/Users/andrew/Library/CloudStorage/OneDrive-Personal/Documents/1_UoE/Research/PhD/Dissertation/Output_Files/Dissertation.tex:455: Undefined control sequence.
\huxb #1#2->\arrayrulecolor 
                            [RGB]{#1}\global \arrayrulewidth =#2pt
l.455 ...huxb{0, 0, 0}{0.4}}->{\huxb{0, 0, 0}{0.4}
                                                  }-}
The control sequence at the end of the top line
of your error message was never \def'ed. If you have
misspelled it (e.g., `\hobx'), type `I' and the correct
spelling (e.g., `I\hbox'). Otherwise just continue,
and I'll forget about whatever was undefined.

/Users/andrew/Library/CloudStorage/OneDrive-Personal/Documents/1_UoE/Research/PhD/Dissertation/Output_Files/Dissertation.tex:456: Undefined control sequence.
l.456 \arrayrulecolor
                     {black}
The control sequence at the end of the top line
of your error message was never \def'ed. If you have
misspelled it (e.g., `\hobx'), type `I' and the correct
spelling (e.g., `I\hbox'). Otherwise just continue,
and I'll forget about whatever was undefined.


Overfull \hbox (37.33179pt too wide) in paragraph at lines 436--458
[] 
 []


/Users/andrew/Library/CloudStorage/OneDrive-Personal/Documents/1_UoE/Research/PhD/Dissertation/Output_Files/Dissertation.tex:458: LaTeX Error: \begin{table} on input line 433 ended by \end{centerbox}.

See the LaTeX manual or LaTeX Companion for explanation.
Type  H <return>  for immediate help.
 ...                                              
                                                  
l.458 \end{threeparttable}\par\end{centerbox}
                                             
Your command was ignored.
Type  I <command> <return>  to replace it with another command,
or  <return>  to continue without it.


/Users/andrew/Library/CloudStorage/OneDrive-Personal/Documents/1_UoE/Research/PhD/Dissertation/Output_Files/Dissertation.tex:472: LaTeX Error: Environment centerbox undefined.

See the LaTeX manual or LaTeX Companion for explanation.
Type  H <return>  for immediate help.
 ...                                              
                                                  
l.472 \begin{centerbox}
                       
Your command was ignored.
Type  I <command> <return>  to replace it with another command,
or  <return>  to continue without it.

/Users/andrew/Library/CloudStorage/OneDrive-Personal/Documents/1_UoE/Research/PhD/Dissertation/Output_Files/Dissertation.tex:479: Undefined control sequence.
l.479 \hhline
             {>{\huxb{0, 0, 0}{0.4}}->{\huxb{0, 0, 0}{0.4}}-}
The control sequence at the end of the top line
of your error message was never \def'ed. If you have
misspelled it (e.g., `\hobx'), type `I' and the correct
spelling (e.g., `I\hbox'). Otherwise just continue,
and I'll forget about whatever was undefined.

/Users/andrew/Library/CloudStorage/OneDrive-Personal/Documents/1_UoE/Research/PhD/Dissertation/Output_Files/Dissertation.tex:479: Undefined control sequence.
\huxb #1#2->\arrayrulecolor 
                            [RGB]{#1}\global \arrayrulewidth =#2pt
l.479 \hhline{>{\huxb{0, 0, 0}{0.4}
                                   }->{\huxb{0, 0, 0}{0.4}}-}
The control sequence at the end of the top line
of your error message was never \def'ed. If you have
misspelled it (e.g., `\hobx'), type `I' and the correct
spelling (e.g., `I\hbox'). Otherwise just continue,
and I'll forget about whatever was undefined.

/Users/andrew/Library/CloudStorage/OneDrive-Personal/Documents/1_UoE/Research/PhD/Dissertation/Output_Files/Dissertation.tex:479: Undefined control sequence.
\huxb #1#2->\arrayrulecolor 
                            [RGB]{#1}\global \arrayrulewidth =#2pt
l.479 ...huxb{0, 0, 0}{0.4}}->{\huxb{0, 0, 0}{0.4}
                                                  }-}
The control sequence at the end of the top line
of your error message was never \def'ed. If you have
misspelled it (e.g., `\hobx'), type `I' and the correct
spelling (e.g., `I\hbox'). Otherwise just continue,
and I'll forget about whatever was undefined.

/Users/andrew/Library/CloudStorage/OneDrive-Personal/Documents/1_UoE/Research/PhD/Dissertation/Output_Files/Dissertation.tex:480: Undefined control sequence.
l.480 \arrayrulecolor
                     {black}
The control sequence at the end of the top line
of your error message was never \def'ed. If you have
misspelled it (e.g., `\hobx'), type `I' and the correct
spelling (e.g., `I\hbox'). Otherwise just continue,
and I'll forget about whatever was undefined.

/Users/andrew/Library/CloudStorage/OneDrive-Personal/Documents/1_UoE/Research/PhD/Dissertation/Output_Files/Dissertation.tex:482: Misplaced \omit.
\multispan ->\omit 
                   \@multispan 
l.482 ...xtbf{l.95..CI} \hspace{6pt}\huxbpad{6pt}}
                                                   &
I expect to see \omit only after tab marks or the \cr of
an alignment. Proceed, and I'll ignore this case.

/Users/andrew/Library/CloudStorage/OneDrive-Personal/Documents/1_UoE/Research/PhD/Dissertation/Output_Files/Dissertation.tex:486: Undefined control sequence.
l.486 \hhline
             {>{\huxb{0, 0, 0}{0.4}}->{\huxb{0, 0, 0}{0.4}}-}
The control sequence at the end of the top line
of your error message was never \def'ed. If you have
misspelled it (e.g., `\hobx'), type `I' and the correct
spelling (e.g., `I\hbox'). Otherwise just continue,
and I'll forget about whatever was undefined.

/Users/andrew/Library/CloudStorage/OneDrive-Personal/Documents/1_UoE/Research/PhD/Dissertation/Output_Files/Dissertation.tex:486: Undefined control sequence.
\huxb #1#2->\arrayrulecolor 
                            [RGB]{#1}\global \arrayrulewidth =#2pt
l.486 \hhline{>{\huxb{0, 0, 0}{0.4}
                                   }->{\huxb{0, 0, 0}{0.4}}-}
The control sequence at the end of the top line
of your error message was never \def'ed. If you have
misspelled it (e.g., `\hobx'), type `I' and the correct
spelling (e.g., `I\hbox'). Otherwise just continue,
and I'll forget about whatever was undefined.

/Users/andrew/Library/CloudStorage/OneDrive-Personal/Documents/1_UoE/Research/PhD/Dissertation/Output_Files/Dissertation.tex:486: Undefined control sequence.
\huxb #1#2->\arrayrulecolor 
                            [RGB]{#1}\global \arrayrulewidth =#2pt
l.486 ...huxb{0, 0, 0}{0.4}}->{\huxb{0, 0, 0}{0.4}
                                                  }-}
The control sequence at the end of the top line
of your error message was never \def'ed. If you have
misspelled it (e.g., `\hobx'), type `I' and the correct
spelling (e.g., `I\hbox'). Otherwise just continue,
and I'll forget about whatever was undefined.

/Users/andrew/Library/CloudStorage/OneDrive-Personal/Documents/1_UoE/Research/PhD/Dissertation/Output_Files/Dissertation.tex:487: Undefined control sequence.
l.487 \arrayrulecolor
                     {black}
The control sequence at the end of the top line
of your error message was never \def'ed. If you have
misspelled it (e.g., `\hobx'), type `I' and the correct
spelling (e.g., `I\hbox'). Otherwise just continue,
and I'll forget about whatever was undefined.

/Users/andrew/Library/CloudStorage/OneDrive-Personal/Documents/1_UoE/Research/PhD/Dissertation/Output_Files/Dissertation.tex:489: Misplaced \omit.
\multispan ->\omit 
                   \@multispan 
l.489 ...pace{6pt} 0.45 \hspace{6pt}\huxbpad{6pt}}
                                                   &
I expect to see \omit only after tab marks or the \cr of
an alignment. Proceed, and I'll ignore this case.

/Users/andrew/Library/CloudStorage/OneDrive-Personal/Documents/1_UoE/Research/PhD/Dissertation/Output_Files/Dissertation.tex:489: Undefined control sequence.
\@sharp ->\cellcolor 
                     [RGB]{242, 242, 242}\huxtpad {6pt + 1em}\raggedleft \hs...
l.489 ...pace{6pt} 0.45 \hspace{6pt}\huxbpad{6pt}}
                                                   &
The control sequence at the end of the top line
of your error message was never \def'ed. If you have
misspelled it (e.g., `\hobx'), type `I' and the correct
spelling (e.g., `I\hbox'). Otherwise just continue,
and I'll forget about whatever was undefined.

/Users/andrew/Library/CloudStorage/OneDrive-Personal/Documents/1_UoE/Research/PhD/Dissertation/Output_Files/Dissertation.tex:490: Undefined control sequence.
\@sharp ->\cellcolor 
                     [RGB]{242, 242, 242}\huxtpad {6pt + 1em}\raggedleft \hs...
l.490 ...pace{6pt} 0.54 \hspace{6pt}\huxbpad{6pt}}
                                                   \tabularnewline[-0.5pt]
The control sequence at the end of the top line
of your error message was never \def'ed. If you have
misspelled it (e.g., `\hobx'), type `I' and the correct
spelling (e.g., `I\hbox'). Otherwise just continue,
and I'll forget about whatever was undefined.

/Users/andrew/Library/CloudStorage/OneDrive-Personal/Documents/1_UoE/Research/PhD/Dissertation/Output_Files/Dissertation.tex:493: Undefined control sequence.
l.493 \hhline
             {>{\huxb{0, 0, 0}{0.4}}->{\huxb{0, 0, 0}{0.4}}-}
The control sequence at the end of the top line
of your error message was never \def'ed. If you have
misspelled it (e.g., `\hobx'), type `I' and the correct
spelling (e.g., `I\hbox'). Otherwise just continue,
and I'll forget about whatever was undefined.

/Users/andrew/Library/CloudStorage/OneDrive-Personal/Documents/1_UoE/Research/PhD/Dissertation/Output_Files/Dissertation.tex:493: Undefined control sequence.
\huxb #1#2->\arrayrulecolor 
                            [RGB]{#1}\global \arrayrulewidth =#2pt
l.493 \hhline{>{\huxb{0, 0, 0}{0.4}
                                   }->{\huxb{0, 0, 0}{0.4}}-}
The control sequence at the end of the top line
of your error message was never \def'ed. If you have
misspelled it (e.g., `\hobx'), type `I' and the correct
spelling (e.g., `I\hbox'). Otherwise just continue,
and I'll forget about whatever was undefined.

/Users/andrew/Library/CloudStorage/OneDrive-Personal/Documents/1_UoE/Research/PhD/Dissertation/Output_Files/Dissertation.tex:493: Undefined control sequence.
\huxb #1#2->\arrayrulecolor 
                            [RGB]{#1}\global \arrayrulewidth =#2pt
l.493 ...huxb{0, 0, 0}{0.4}}->{\huxb{0, 0, 0}{0.4}
                                                  }-}
The control sequence at the end of the top line
of your error message was never \def'ed. If you have
misspelled it (e.g., `\hobx'), type `I' and the correct
spelling (e.g., `I\hbox'). Otherwise just continue,
and I'll forget about whatever was undefined.

/Users/andrew/Library/CloudStorage/OneDrive-Personal/Documents/1_UoE/Research/PhD/Dissertation/Output_Files/Dissertation.tex:494: Undefined control sequence.
l.494 \arrayrulecolor
                     {black}
The control sequence at the end of the top line
of your error message was never \def'ed. If you have
misspelled it (e.g., `\hobx'), type `I' and the correct
spelling (e.g., `I\hbox'). Otherwise just continue,
and I'll forget about whatever was undefined.


Overfull \hbox (37.33179pt too wide) in paragraph at lines 474--496
[] 
 []


/Users/andrew/Library/CloudStorage/OneDrive-Personal/Documents/1_UoE/Research/PhD/Dissertation/Output_Files/Dissertation.tex:496: LaTeX Error: \begin{table} on input line 471 ended by \end{centerbox}.

See the LaTeX manual or LaTeX Companion for explanation.
Type  H <return>  for immediate help.
 ...                                              
                                                  
l.496 \end{threeparttable}\par\end{centerbox}
                                             
Your command was ignored.
Type  I <command> <return>  to replace it with another command,
or  <return>  to continue without it.


/Users/andrew/Library/CloudStorage/OneDrive-Personal/Documents/1_UoE/Research/PhD/Dissertation/Output_Files/Dissertation.tex:510: LaTeX Error: Environment centerbox undefined.

See the LaTeX manual or LaTeX Companion for explanation.
Type  H <return>  for immediate help.
 ...                                              
                                                  
l.510 \begin{centerbox}
                       
Your command was ignored.
Type  I <command> <return>  to replace it with another command,
or  <return>  to continue without it.

/Users/andrew/Library/CloudStorage/OneDrive-Personal/Documents/1_UoE/Research/PhD/Dissertation/Output_Files/Dissertation.tex:517: Undefined control sequence.
l.517 \hhline
             {>{\huxb{0, 0, 0}{0.4}}->{\huxb{0, 0, 0}{0.4}}-}
The control sequence at the end of the top line
of your error message was never \def'ed. If you have
misspelled it (e.g., `\hobx'), type `I' and the correct
spelling (e.g., `I\hbox'). Otherwise just continue,
and I'll forget about whatever was undefined.

/Users/andrew/Library/CloudStorage/OneDrive-Personal/Documents/1_UoE/Research/PhD/Dissertation/Output_Files/Dissertation.tex:517: Undefined control sequence.
\huxb #1#2->\arrayrulecolor 
                            [RGB]{#1}\global \arrayrulewidth =#2pt
l.517 \hhline{>{\huxb{0, 0, 0}{0.4}
                                   }->{\huxb{0, 0, 0}{0.4}}-}
The control sequence at the end of the top line
of your error message was never \def'ed. If you have
misspelled it (e.g., `\hobx'), type `I' and the correct
spelling (e.g., `I\hbox'). Otherwise just continue,
and I'll forget about whatever was undefined.

/Users/andrew/Library/CloudStorage/OneDrive-Personal/Documents/1_UoE/Research/PhD/Dissertation/Output_Files/Dissertation.tex:517: Undefined control sequence.
\huxb #1#2->\arrayrulecolor 
                            [RGB]{#1}\global \arrayrulewidth =#2pt
l.517 ...huxb{0, 0, 0}{0.4}}->{\huxb{0, 0, 0}{0.4}
                                                  }-}
The control sequence at the end of the top line
of your error message was never \def'ed. If you have
misspelled it (e.g., `\hobx'), type `I' and the correct
spelling (e.g., `I\hbox'). Otherwise just continue,
and I'll forget about whatever was undefined.

/Users/andrew/Library/CloudStorage/OneDrive-Personal/Documents/1_UoE/Research/PhD/Dissertation/Output_Files/Dissertation.tex:518: Undefined control sequence.
l.518 \arrayrulecolor
                     {black}
The control sequence at the end of the top line
of your error message was never \def'ed. If you have
misspelled it (e.g., `\hobx'), type `I' and the correct
spelling (e.g., `I\hbox'). Otherwise just continue,
and I'll forget about whatever was undefined.

/Users/andrew/Library/CloudStorage/OneDrive-Personal/Documents/1_UoE/Research/PhD/Dissertation/Output_Files/Dissertation.tex:520: Misplaced \omit.
\multispan ->\omit 
                   \@multispan 
l.520 ...xtbf{l.95..CI} \hspace{6pt}\huxbpad{6pt}}
                                                   &
I expect to see \omit only after tab marks or the \cr of
an alignment. Proceed, and I'll ignore this case.

/Users/andrew/Library/CloudStorage/OneDrive-Personal/Documents/1_UoE/Research/PhD/Dissertation/Output_Files/Dissertation.tex:524: Undefined control sequence.
l.524 \hhline
             {>{\huxb{0, 0, 0}{0.4}}->{\huxb{0, 0, 0}{0.4}}-}
The control sequence at the end of the top line
of your error message was never \def'ed. If you have
misspelled it (e.g., `\hobx'), type `I' and the correct
spelling (e.g., `I\hbox'). Otherwise just continue,
and I'll forget about whatever was undefined.

/Users/andrew/Library/CloudStorage/OneDrive-Personal/Documents/1_UoE/Research/PhD/Dissertation/Output_Files/Dissertation.tex:524: Undefined control sequence.
\huxb #1#2->\arrayrulecolor 
                            [RGB]{#1}\global \arrayrulewidth =#2pt
l.524 \hhline{>{\huxb{0, 0, 0}{0.4}
                                   }->{\huxb{0, 0, 0}{0.4}}-}
The control sequence at the end of the top line
of your error message was never \def'ed. If you have
misspelled it (e.g., `\hobx'), type `I' and the correct
spelling (e.g., `I\hbox'). Otherwise just continue,
and I'll forget about whatever was undefined.

/Users/andrew/Library/CloudStorage/OneDrive-Personal/Documents/1_UoE/Research/PhD/Dissertation/Output_Files/Dissertation.tex:524: Undefined control sequence.
\huxb #1#2->\arrayrulecolor 
                            [RGB]{#1}\global \arrayrulewidth =#2pt
l.524 ...huxb{0, 0, 0}{0.4}}->{\huxb{0, 0, 0}{0.4}
                                                  }-}
The control sequence at the end of the top line
of your error message was never \def'ed. If you have
misspelled it (e.g., `\hobx'), type `I' and the correct
spelling (e.g., `I\hbox'). Otherwise just continue,
and I'll forget about whatever was undefined.

/Users/andrew/Library/CloudStorage/OneDrive-Personal/Documents/1_UoE/Research/PhD/Dissertation/Output_Files/Dissertation.tex:525: Undefined control sequence.
l.525 \arrayrulecolor
                     {black}
The control sequence at the end of the top line
of your error message was never \def'ed. If you have
misspelled it (e.g., `\hobx'), type `I' and the correct
spelling (e.g., `I\hbox'). Otherwise just continue,
and I'll forget about whatever was undefined.

/Users/andrew/Library/CloudStorage/OneDrive-Personal/Documents/1_UoE/Research/PhD/Dissertation/Output_Files/Dissertation.tex:527: Misplaced \omit.
\multispan ->\omit 
                   \@multispan 
l.527 ...\hspace{6pt} 0 \hspace{6pt}\huxbpad{6pt}}
                                                   &
I expect to see \omit only after tab marks or the \cr of
an alignment. Proceed, and I'll ignore this case.

/Users/andrew/Library/CloudStorage/OneDrive-Personal/Documents/1_UoE/Research/PhD/Dissertation/Output_Files/Dissertation.tex:527: Undefined control sequence.
\@sharp ->\cellcolor 
                     [RGB]{242, 242, 242}\huxtpad {6pt + 1em}\raggedleft \hs...
l.527 ...\hspace{6pt} 0 \hspace{6pt}\huxbpad{6pt}}
                                                   &
The control sequence at the end of the top line
of your error message was never \def'ed. If you have
misspelled it (e.g., `\hobx'), type `I' and the correct
spelling (e.g., `I\hbox'). Otherwise just continue,
and I'll forget about whatever was undefined.

/Users/andrew/Library/CloudStorage/OneDrive-Personal/Documents/1_UoE/Research/PhD/Dissertation/Output_Files/Dissertation.tex:528: Undefined control sequence.
\@sharp ->\cellcolor 
                     [RGB]{242, 242, 242}\huxtpad {6pt + 1em}\raggedleft \hs...
l.528 ...pace{6pt} 0.13 \hspace{6pt}\huxbpad{6pt}}
                                                   \tabularnewline[-0.5pt]
The control sequence at the end of the top line
of your error message was never \def'ed. If you have
misspelled it (e.g., `\hobx'), type `I' and the correct
spelling (e.g., `I\hbox'). Otherwise just continue,
and I'll forget about whatever was undefined.

/Users/andrew/Library/CloudStorage/OneDrive-Personal/Documents/1_UoE/Research/PhD/Dissertation/Output_Files/Dissertation.tex:531: Undefined control sequence.
l.531 \hhline
             {>{\huxb{0, 0, 0}{0.4}}->{\huxb{0, 0, 0}{0.4}}-}
The control sequence at the end of the top line
of your error message was never \def'ed. If you have
misspelled it (e.g., `\hobx'), type `I' and the correct
spelling (e.g., `I\hbox'). Otherwise just continue,
and I'll forget about whatever was undefined.

/Users/andrew/Library/CloudStorage/OneDrive-Personal/Documents/1_UoE/Research/PhD/Dissertation/Output_Files/Dissertation.tex:531: Undefined control sequence.
\huxb #1#2->\arrayrulecolor 
                            [RGB]{#1}\global \arrayrulewidth =#2pt
l.531 \hhline{>{\huxb{0, 0, 0}{0.4}
                                   }->{\huxb{0, 0, 0}{0.4}}-}
The control sequence at the end of the top line
of your error message was never \def'ed. If you have
misspelled it (e.g., `\hobx'), type `I' and the correct
spelling (e.g., `I\hbox'). Otherwise just continue,
and I'll forget about whatever was undefined.

/Users/andrew/Library/CloudStorage/OneDrive-Personal/Documents/1_UoE/Research/PhD/Dissertation/Output_Files/Dissertation.tex:531: Undefined control sequence.
\huxb #1#2->\arrayrulecolor 
                            [RGB]{#1}\global \arrayrulewidth =#2pt
l.531 ...huxb{0, 0, 0}{0.4}}->{\huxb{0, 0, 0}{0.4}
                                                  }-}
The control sequence at the end of the top line
of your error message was never \def'ed. If you have
misspelled it (e.g., `\hobx'), type `I' and the correct
spelling (e.g., `I\hbox'). Otherwise just continue,
and I'll forget about whatever was undefined.

/Users/andrew/Library/CloudStorage/OneDrive-Personal/Documents/1_UoE/Research/PhD/Dissertation/Output_Files/Dissertation.tex:532: Undefined control sequence.
l.532 \arrayrulecolor
                     {black}
The control sequence at the end of the top line
of your error message was never \def'ed. If you have
misspelled it (e.g., `\hobx'), type `I' and the correct
spelling (e.g., `I\hbox'). Otherwise just continue,
and I'll forget about whatever was undefined.


Overfull \hbox (22.31783pt too wide) in paragraph at lines 512--534
[] 
 []


/Users/andrew/Library/CloudStorage/OneDrive-Personal/Documents/1_UoE/Research/PhD/Dissertation/Output_Files/Dissertation.tex:534: LaTeX Error: \begin{table} on input line 509 ended by \end{centerbox}.

See the LaTeX manual or LaTeX Companion for explanation.
Type  H <return>  for immediate help.
 ...                                              
                                                  
l.534 \end{threeparttable}\par\end{centerbox}
                                             
Your command was ignored.
Type  I <command> <return>  to replace it with another command,
or  <return>  to continue without it.

[20] [21] [22] [23] [24] [25]
Underfull \vbox (badness 10000) has occurred while \output is active []

 [26] [27] [28]

LaTeX Warning: Reference `fig:DoPL-Experiment-1' on page 29 undefined on input line 701.


LaTeX Warning: Reference `tab:demographicTableExperiment1' on page 29 undefined on input line 701.

[29]

LaTeX Warning: Reference `fig:DoPL-Experiment-1' on page 30 undefined on input line 716.

[30]

LaTeX Warning: Reference `tab:m1-fixef-Experiment-1' on page 31 undefined on input line 723.


LaTeX Warning: Reference `tab:m5-int-fixef-exp-1' on page 31 undefined on input line 730.

[31]
Underfull \vbox (badness 2111) has occurred while \output is active []

 [32] [33] [34]
Underfull \vbox (badness 10000) has occurred while \output is active []

 [35] [36]
Underfull \vbox (badness 3428) has occurred while \output is active []

 [37]

LaTeX Warning: Reference `tab:vulnerabiliotyGrandiosityAndGenderExperiment2' on page 38 undefined on input line 858.


Underfull \vbox (badness 10000) has occurred while \output is active []

 [38]

LaTeX Warning: Reference `fig:Experiment2ModelSEM' on page 39 undefined on input line 877.

[39]

LaTeX Warning: Reference `tab:mediationComparisonExp2' on page 40 undefined on input line 907.


Underfull \vbox (badness 10000) has occurred while \output is active []

 [40] [41]
LaTeX Font Info:    Trying to load font information for TS1+lmr on input line 931.
 (/Users/andrew/Library/TinyTeX/texmf-dist/tex/latex/lm/ts1lmr.fd
File: ts1lmr.fd 2015/05/01 v1.6.1 Font defs for Latin Modern
) [42] [43] [44] [45] [46]
Underfull \hbox (badness 1199) in paragraph at lines 1047--1049
 []\T1/lmr/m/n/12 Bernstein, R. (2020, Febru-ary 22). The para-dox of ro-drigo duterte.
 []


Underfull \vbox (badness 10000) has occurred while \output is active []

 [47]
Underfull \vbox (badness 10000) has occurred while \output is active []

 [48]
Underfull \vbox (badness 10000) has occurred while \output is active []

 [49]
Underfull \vbox (badness 10000) has occurred while \output is active []

 [50]
Underfull \vbox (badness 10000) has occurred while \output is active []

 [51]
Underfull \vbox (badness 10000) has occurred while \output is active []

 [52]
Underfull \hbox (badness 10000) in paragraph at lines 1185--1187
 []$\T1/lmr/m/n/12 https : / / researcher -[] help . proli^^\c . co / hc / en -[] gb / articles / 360009221253 -[] How -[]$
 []


Underfull \vbox (badness 10000) has occurred while \output is active []

 [53]
Underfull \vbox (badness 10000) has occurred while \output is active []

 [54]
Underfull \vbox (badness 10000) has occurred while \output is active []

 [55]
Underfull \vbox (badness 10000) has occurred while \output is active []

 [56]
</Users/andrew/Library/CloudStorage/OneDrive-Personal/Documents/1_UoE/Research/PhD/Dissertation/Output_Files/Dissertation_files/figure-latex/DoPL-Experiment-1-1.pdf, id=925, 469.755pt x 325.215pt>
File: /Users/andrew/Library/CloudStorage/OneDrive-Personal/Documents/1_UoE/Research/PhD/Dissertation/Output_Files/Dissertation_files/figure-latex/DoPL-Experiment-1-1.pdf Graphic file (type pdf)
<use /Users/andrew/Library/CloudStorage/OneDrive-Personal/Documents/1_UoE/Research/PhD/Dissertation/Output_Files/Dissertation_files/figure-latex/DoPL-Experiment-1-1.pdf>
Package pdftex.def Info: /Users/andrew/Library/CloudStorage/OneDrive-Personal/Documents/1_UoE/Research/PhD/Dissertation/Output_Files/Dissertation_files/figure-latex/DoPL-Experiment-1-1.pdf  used on input line 1290.
(pdftex.def)             Requested size: 433.62059pt x 300.19887pt.
</Users/andrew/Library/CloudStorage/OneDrive-Personal/Documents/1_UoE/Research/PhD/Dissertation/Output_Files/Dissertation_files/figure-latex/DominanceExperiment1-1.pdf, id=926, 469.755pt x 325.215pt>
File: /Users/andrew/Library/CloudStorage/OneDrive-Personal/Documents/1_UoE/Research/PhD/Dissertation/Output_Files/Dissertation_files/figure-latex/DominanceExperiment1-1.pdf Graphic file (type pdf)
<use /Users/andrew/Library/CloudStorage/OneDrive-Personal/Documents/1_UoE/Research/PhD/Dissertation/Output_Files/Dissertation_files/figure-latex/DominanceExperiment1-1.pdf>
Package pdftex.def Info: /Users/andrew/Library/CloudStorage/OneDrive-Personal/Documents/1_UoE/Research/PhD/Dissertation/Output_Files/Dissertation_files/figure-latex/DominanceExperiment1-1.pdf  used on input line 1296.
(pdftex.def)             Requested size: 433.62059pt x 300.19887pt.
</Users/andrew/Library/CloudStorage/OneDrive-Personal/Documents/1_UoE/Research/PhD/Dissertation/Output_Files/Dissertation_files/figure-latex/PrestigeExperiment1-1.pdf, id=927, 469.755pt x 325.215pt>
File: /Users/andrew/Library/CloudStorage/OneDrive-Personal/Documents/1_UoE/Research/PhD/Dissertation/Output_Files/Dissertation_files/figure-latex/PrestigeExperiment1-1.pdf Graphic file (type pdf)
<use /Users/andrew/Library/CloudStorage/OneDrive-Personal/Documents/1_UoE/Research/PhD/Dissertation/Output_Files/Dissertation_files/figure-latex/PrestigeExperiment1-1.pdf>
Package pdftex.def Info: /Users/andrew/Library/CloudStorage/OneDrive-Personal/Documents/1_UoE/Research/PhD/Dissertation/Output_Files/Dissertation_files/figure-latex/PrestigeExperiment1-1.pdf  used on input line 1305.
(pdftex.def)             Requested size: 433.62059pt x 300.19887pt.
</Users/andrew/Library/CloudStorage/OneDrive-Personal/Documents/1_UoE/Research/PhD/Dissertation/Output_Files/Dissertation_files/figure-latex/LeadershipExperiment1-1.pdf, id=928, 469.755pt x 325.215pt>
File: /Users/andrew/Library/CloudStorage/OneDrive-Personal/Documents/1_UoE/Research/PhD/Dissertation/Output_Files/Dissertation_files/figure-latex/LeadershipExperiment1-1.pdf Graphic file (type pdf)
<use /Users/andrew/Library/CloudStorage/OneDrive-Personal/Documents/1_UoE/Research/PhD/Dissertation/Output_Files/Dissertation_files/figure-latex/LeadershipExperiment1-1.pdf>
Package pdftex.def Info: /Users/andrew/Library/CloudStorage/OneDrive-Personal/Documents/1_UoE/Research/PhD/Dissertation/Output_Files/Dissertation_files/figure-latex/LeadershipExperiment1-1.pdf  used on input line 1311.
(pdftex.def)             Requested size: 433.62059pt x 300.19887pt.
</Users/andrew/Library/CloudStorage/OneDrive-Personal/Documents/1_UoE/Research/PhD/Dissertation/Output_Files/Dissertation_files/figure-latex/DOSPERT-Preferences-GenderExperiment1-1.pdf, id=929, 469.755pt x 325.215pt>
File: /Users/andrew/Library/CloudStorage/OneDrive-Personal/Documents/1_UoE/Research/PhD/Dissertation/Output_Files/Dissertation_files/figure-latex/DOSPERT-Preferences-GenderExperiment1-1.pdf Graphic file (type pdf)
<use /Users/andrew/Library/CloudStorage/OneDrive-Personal/Documents/1_UoE/Research/PhD/Dissertation/Output_Files/Dissertation_files/figure-latex/DOSPERT-Preferences-GenderExperiment1-1.pdf>
Package pdftex.def Info: /Users/andrew/Library/CloudStorage/OneDrive-Personal/Documents/1_UoE/Research/PhD/Dissertation/Output_Files/Dissertation_files/figure-latex/DOSPERT-Preferences-GenderExperiment1-1.pdf  used on input line 1317.
(pdftex.def)             Requested size: 433.62059pt x 300.19887pt.
</Users/andrew/Library/CloudStorage/OneDrive-Personal/Documents/1_UoE/Research/PhD/Dissertation/Output_Files/Dissertation_files/figure-latex/DoPLDomainsExperiment2-1.pdf, id=930, 469.755pt x 325.215pt>
File: /Users/andrew/Library/CloudStorage/OneDrive-Personal/Documents/1_UoE/Research/PhD/Dissertation/Output_Files/Dissertation_files/figure-latex/DoPLDomainsExperiment2-1.pdf Graphic file (type pdf)
<use /Users/andrew/Library/CloudStorage/OneDrive-Personal/Documents/1_UoE/Research/PhD/Dissertation/Output_Files/Dissertation_files/figure-latex/DoPLDomainsExperiment2-1.pdf>
Package pdftex.def Info: /Users/andrew/Library/CloudStorage/OneDrive-Personal/Documents/1_UoE/Research/PhD/Dissertation/Output_Files/Dissertation_files/figure-latex/DoPLDomainsExperiment2-1.pdf  used on input line 1323.
(pdftex.def)             Requested size: 433.62059pt x 300.19887pt.
</Users/andrew/Library/CloudStorage/OneDrive-Personal/Documents/1_UoE/Research/PhD/Dissertation/Output_Files/Dissertation_files/figure-latex/DOSPERT-Preferences-GenderExperiment2-1.pdf, id=931, 1011.78pt x 722.7pt>
File: /Users/andrew/Library/CloudStorage/OneDrive-Personal/Documents/1_UoE/Research/PhD/Dissertation/Output_Files/Dissertation_files/figure-latex/DOSPERT-Preferences-GenderExperiment2-1.pdf Graphic file (type pdf)
<use /Users/andrew/Library/CloudStorage/OneDrive-Personal/Documents/1_UoE/Research/PhD/Dissertation/Output_Files/Dissertation_files/figure-latex/DOSPERT-Preferences-GenderExperiment2-1.pdf>
Package pdftex.def Info: /Users/andrew/Library/CloudStorage/OneDrive-Personal/Documents/1_UoE/Research/PhD/Dissertation/Output_Files/Dissertation_files/figure-latex/DOSPERT-Preferences-GenderExperiment2-1.pdf  used on input line 1329.
(pdftex.def)             Requested size: 433.62114pt x 309.72939pt.
</Users/andrew/Library/CloudStorage/OneDrive-Personal/Documents/1_UoE/Research/PhD/Dissertation/Output_Files/Dissertation_files/figure-latex/Experiment-2-PNI-distribution-1.pdf, id=932, 469.755pt x 325.215pt>
File: /Users/andrew/Library/CloudStorage/OneDrive-Personal/Documents/1_UoE/Research/PhD/Dissertation/Output_Files/Dissertation_files/figure-latex/Experiment-2-PNI-distribution-1.pdf Graphic file (type pdf)
<use /Users/andrew/Library/CloudStorage/OneDrive-Personal/Documents/1_UoE/Research/PhD/Dissertation/Output_Files/Dissertation_files/figure-latex/Experiment-2-PNI-distribution-1.pdf>
Package pdftex.def Info: /Users/andrew/Library/CloudStorage/OneDrive-Personal/Documents/1_UoE/Research/PhD/Dissertation/Output_Files/Dissertation_files/figure-latex/Experiment-2-PNI-distribution-1.pdf  used on input line 1335.
(pdftex.def)             Requested size: 433.62059pt x 300.19887pt.
</Users/andrew/Library/CloudStorage/OneDrive-Personal/Documents/1_UoE/Research/PhD/Dissertation/Output_Files/Dissertation_files/figure-latex/correlationExperiment2-1.pdf, id=933, 1011.78pt x 722.7pt>
File: /Users/andrew/Library/CloudStorage/OneDrive-Personal/Documents/1_UoE/Research/PhD/Dissertation/Output_Files/Dissertation_files/figure-latex/correlationExperiment2-1.pdf Graphic file (type pdf)
<use /Users/andrew/Library/CloudStorage/OneDrive-Personal/Documents/1_UoE/Research/PhD/Dissertation/Output_Files/Dissertation_files/figure-latex/correlationExperiment2-1.pdf>
Package pdftex.def Info: /Users/andrew/Library/CloudStorage/OneDrive-Personal/Documents/1_UoE/Research/PhD/Dissertation/Output_Files/Dissertation_files/figure-latex/correlationExperiment2-1.pdf  used on input line 1341.
(pdftex.def)             Requested size: 433.62114pt x 309.72939pt.
<../Chapters/GraphsandTables/diagrammegraphsem.png, id=934, 1292.83pt x 1073.00874pt>
File: ../Chapters/GraphsandTables/diagrammegraphsem.png Graphic file (type png)
<use ../Chapters/GraphsandTables/diagrammegraphsem.png>
Package pdftex.def Info: ../Chapters/GraphsandTables/diagrammegraphsem.png  used on input line 1350.
(pdftex.def)             Requested size: 433.61858pt x 359.88994pt.
 [57]
Overfull \hbox (42.71005pt too wide) in paragraph at lines 1462--1483
 [] 
 []


Overfull \hbox (12.0994pt too wide) in paragraph at lines 1549--1580
 [] 
 []


Overfull \hbox (23.71326pt too wide) in paragraph at lines 1588--1611
 [] 
 []


Overfull \hbox (61.15282pt too wide) in paragraph at lines 1619--1650
 [] 
 []

[58 </Users/andrew/Library/CloudStorage/OneDrive-Personal/Documents/1_UoE/Research/PhD/Dissertation/Output_Files/Dissertation_files/figure-latex/DoPL-Experiment-1-1.pdf>] [59 </Users/andrew/Library/CloudStorage/OneDrive-Personal/Documents/1_UoE/Research/PhD/Dissertation/Output_Files/Dissertation_files/figure-latex/DominanceExperiment1-1.pdf>] [60 </Users/andrew/Library/CloudStorage/OneDrive-Personal/Documents/1_UoE/Research/PhD/Dissertation/Output_Files/Dissertation_files/figure-latex/PrestigeExperiment1-1.pdf>] [61 </Users/andrew/Library/CloudStorage/OneDrive-Personal/Documents/1_UoE/Research/PhD/Dissertation/Output_Files/Dissertation_files/figure-latex/LeadershipExperiment1-1.pdf>] [62 </Users/andrew/Library/CloudStorage/OneDrive-Personal/Documents/1_UoE/Research/PhD/Dissertation/Output_Files/Dissertation_files/figure-latex/DOSPERT-Preferences-GenderExperiment1-1.pdf>] [63 </Users/andrew/Library/CloudStorage/OneDrive-Personal/Documents/1_UoE/Research/PhD/Dissertation/Output_Files/Dissertation_files/figure-latex/DoPLDomainsExperiment2-1.pdf>] [64 </Users/andrew/Library/CloudStorage/OneDrive-Personal/Documents/1_UoE/Research/PhD/Dissertation/Output_Files/Dissertation_files/figure-latex/DOSPERT-Preferences-GenderExperiment2-1.pdf>] [65 </Users/andrew/Library/CloudStorage/OneDrive-Personal/Documents/1_UoE/Research/PhD/Dissertation/Output_Files/Dissertation_files/figure-latex/Experiment-2-PNI-distribution-1.pdf>] [66 </Users/andrew/Library/CloudStorage/OneDrive-Personal/Documents/1_UoE/Research/PhD/Dissertation/Output_Files/Dissertation_files/figure-latex/correlationExperiment2-1.pdf>] [67 <../Chapters/GraphsandTables/diagrammegraphsem.png>] [68] [69] [70] [71] [72] (./Dissertation.aux)

LaTeX Warning: There were undefined references.


LaTeX Warning: Label(s) may have changed. Rerun to get cross-references right.


Package rerunfilecheck Warning: File `Dissertation.out' has changed.
(rerunfilecheck)                Rerun to get outlines right
(rerunfilecheck)                or use package `bookmark'.

Package rerunfilecheck Info: Checksums for `Dissertation.out':
(rerunfilecheck)             Before: <no file>
(rerunfilecheck)             After:  5C6872ED89651AC21F7921489351664C;15668.
 ) 
Here is how much of TeX's memory you used:
 26850 strings out of 477035
 513041 string characters out of 5827465
 853240 words of memory out of 5000000
 47048 multiletter control sequences out of 15000+600000
 564995 words of font info for 106 fonts, out of 8000000 for 9000
 14 hyphenation exceptions out of 8191
 99i,11n,103p,1940b,604s stack positions out of 10000i,1000n,20000p,200000b,200000s
{/Users/andrew/Library/TinyTeX/texmf-dist/fonts/enc/dvips/lm/lm-ts1.enc}{/Users/andrew/Library/TinyTeX/texmf-dist/fonts/enc/dvips/lm/lm-ec.enc}{/Users/andrew/Library/TinyTeX/texmf-dist/fonts/enc/dvips/lm/lm-mathit.enc}</Users/andrew/Library/TinyTeX/texmf-dist/fonts/type1/public/lm/lmbx12.pfb></Users/andrew/Library/TinyTeX/texmf-dist/fonts/type1/public/lm/lmbxi10.pfb></Users/andrew/Library/TinyTeX/texmf-dist/fonts/type1/public/lm/lmmi12.pfb></Users/andrew/Library/TinyTeX/texmf-dist/fonts/type1/public/lm/lmr12.pfb></Users/andrew/Library/TinyTeX/texmf-dist/fonts/type1/public/lm/lmri12.pfb></Users/andrew/Library/TinyTeX/texmf-dist/fonts/type1/public/lm/lmri8.pfb></Users/andrew/Library/TinyTeX/texmf-dist/fonts/type1/public/lm/lmss8.pfb>
Output written on Dissertation.pdf (73 pages, 693085 bytes).
PDF statistics:
 1224 PDF objects out of 1440 (max. 8388607)
 1100 compressed objects within 11 object streams
 403 named destinations out of 1000 (max. 500000)
 68 words of extra memory for PDF output out of 10000 (max. 10000000)

